[2024-01-07 09:44:23] production.ERROR: Call to a member function hasPermission() on null {"view":{"view":"/home/buac2919/public_html/virtuard.buatpc.com/themes/Base/User/Views/frontend/layouts/sidebar.blade.php","data":[]},"exception":"[object] (Spatie\\LaravelIgnition\\Exceptions\\ViewException(code: 0): Call to a member function hasPermission() on null at /home/buac2919/public_html/virtuard.buatpc.com/themes/Base/User/Views/frontend/layouts/sidebar.blade.php:143)
[stacktrace]
#0 /home/buac2919/public_html/virtuard.buatpc.com/vendor/laravel/framework/src/Illuminate/Filesystem/Filesystem.php(109): require()
#1 /home/buac2919/public_html/virtuard.buatpc.com/vendor/laravel/framework/src/Illuminate/Filesystem/Filesystem.php(110): Illuminate\\Filesystem\\Filesystem::Illuminate\\Filesystem\\{closure}()
#2 /home/buac2919/public_html/virtuard.buatpc.com/vendor/laravel/framework/src/Illuminate/View/Engines/PhpEngine.php(58): Illuminate\\Filesystem\\Filesystem->getRequire()
#3 /home/buac2919/public_html/virtuard.buatpc.com/vendor/laravel/framework/src/Illuminate/View/Engines/CompilerEngine.php(70): Illuminate\\View\\Engines\\PhpEngine->evaluatePath()
#4 /home/buac2919/public_html/virtuard.buatpc.com/vendor/laravel/framework/src/Illuminate/View/View.php(195): Illuminate\\View\\Engines\\CompilerEngine->get()
#5 /home/buac2919/public_html/virtuard.buatpc.com/vendor/laravel/framework/src/Illuminate/View/View.php(178): Illuminate\\View\\View->getContents()
#6 /home/buac2919/public_html/virtuard.buatpc.com/vendor/laravel/framework/src/Illuminate/View/View.php(147): Illuminate\\View\\View->renderContents()
#7 /home/buac2919/public_html/virtuard.buatpc.com/modules/Layout/user.blade.php(123): Illuminate\\View\\View->render()
#8 /home/buac2919/public_html/virtuard.buatpc.com/vendor/laravel/framework/src/Illuminate/Filesystem/Filesystem.php(109): require('/home/buac2919/...')
#9 /home/buac2919/public_html/virtuard.buatpc.com/vendor/laravel/framework/src/Illuminate/Filesystem/Filesystem.php(110): Illuminate\\Filesystem\\Filesystem::Illuminate\\Filesystem\\{closure}()
#10 /home/buac2919/public_html/virtuard.buatpc.com/vendor/laravel/framework/src/Illuminate/View/Engines/PhpEngine.php(58): Illuminate\\Filesystem\\Filesystem->getRequire()
#11 /home/buac2919/public_html/virtuard.buatpc.com/vendor/laravel/framework/src/Illuminate/View/Engines/CompilerEngine.php(70): Illuminate\\View\\Engines\\PhpEngine->evaluatePath()
#12 /home/buac2919/public_html/virtuard.buatpc.com/vendor/laravel/framework/src/Illuminate/View/View.php(195): Illuminate\\View\\Engines\\CompilerEngine->get()
#13 /home/buac2919/public_html/virtuard.buatpc.com/vendor/laravel/framework/src/Illuminate/View/View.php(178): Illuminate\\View\\View->getContents()
#14 /home/buac2919/public_html/virtuard.buatpc.com/vendor/laravel/framework/src/Illuminate/View/View.php(147): Illuminate\\View\\View->renderContents()
#15 /home/buac2919/public_html/virtuard.buatpc.com/resources/views/layouts/user.blade.php(1): Illuminate\\View\\View->render()
#16 /home/buac2919/public_html/virtuard.buatpc.com/vendor/laravel/framework/src/Illuminate/Filesystem/Filesystem.php(109): require('/home/buac2919/...')
#17 /home/buac2919/public_html/virtuard.buatpc.com/vendor/laravel/framework/src/Illuminate/Filesystem/Filesystem.php(110): Illuminate\\Filesystem\\Filesystem::Illuminate\\Filesystem\\{closure}()
#18 /home/buac2919/public_html/virtuard.buatpc.com/vendor/laravel/framework/src/Illuminate/View/Engines/PhpEngine.php(58): Illuminate\\Filesystem\\Filesystem->getRequire()
#19 /home/buac2919/public_html/virtuard.buatpc.com/vendor/laravel/framework/src/Illuminate/View/Engines/CompilerEngine.php(70): Illuminate\\View\\Engines\\PhpEngine->evaluatePath()
#20 /home/buac2919/public_html/virtuard.buatpc.com/vendor/laravel/framework/src/Illuminate/View/View.php(195): Illuminate\\View\\Engines\\CompilerEngine->get()
#21 /home/buac2919/public_html/virtuard.buatpc.com/vendor/laravel/framework/src/Illuminate/View/View.php(178): Illuminate\\View\\View->getContents()
#22 /home/buac2919/public_html/virtuard.buatpc.com/vendor/laravel/framework/src/Illuminate/View/View.php(147): Illuminate\\View\\View->renderContents()
#23 /home/buac2919/public_html/virtuard.buatpc.com/resources/views/vendor/virtuard360/add.blade.php(74): Illuminate\\View\\View->render()
#24 /home/buac2919/public_html/virtuard.buatpc.com/vendor/laravel/framework/src/Illuminate/Filesystem/Filesystem.php(109): require('/home/buac2919/...')
#25 /home/buac2919/public_html/virtuard.buatpc.com/vendor/laravel/framework/src/Illuminate/Filesystem/Filesystem.php(110): Illuminate\\Filesystem\\Filesystem::Illuminate\\Filesystem\\{closure}()
#26 /home/buac2919/public_html/virtuard.buatpc.com/vendor/laravel/framework/src/Illuminate/View/Engines/PhpEngine.php(58): Illuminate\\Filesystem\\Filesystem->getRequire()
#27 /home/buac2919/public_html/virtuard.buatpc.com/vendor/laravel/framework/src/Illuminate/View/Engines/CompilerEngine.php(70): Illuminate\\View\\Engines\\PhpEngine->evaluatePath()
#28 /home/buac2919/public_html/virtuard.buatpc.com/vendor/laravel/framework/src/Illuminate/View/View.php(195): Illuminate\\View\\Engines\\CompilerEngine->get()
#29 /home/buac2919/public_html/virtuard.buatpc.com/vendor/laravel/framework/src/Illuminate/View/View.php(178): Illuminate\\View\\View->getContents()
#30 /home/buac2919/public_html/virtuard.buatpc.com/vendor/laravel/framework/src/Illuminate/View/View.php(147): Illuminate\\View\\View->renderContents()
#31 /home/buac2919/public_html/virtuard.buatpc.com/vendor/laravel/framework/src/Illuminate/Http/Response.php(69): Illuminate\\View\\View->render()
#32 /home/buac2919/public_html/virtuard.buatpc.com/vendor/laravel/framework/src/Illuminate/Http/Response.php(35): Illuminate\\Http\\Response->setContent()
#33 /home/buac2919/public_html/virtuard.buatpc.com/vendor/laravel/framework/src/Illuminate/Routing/Router.php(906): Illuminate\\Http\\Response->__construct()
#34 /home/buac2919/public_html/virtuard.buatpc.com/vendor/laravel/framework/src/Illuminate/Routing/Router.php(875): Illuminate\\Routing\\Router::toResponse()
#35 /home/buac2919/public_html/virtuard.buatpc.com/vendor/laravel/framework/src/Illuminate/Routing/Router.php(798): Illuminate\\Routing\\Router->prepareResponse()
#36 /home/buac2919/public_html/virtuard.buatpc.com/vendor/laravel/framework/src/Illuminate/Pipeline/Pipeline.php(141): Illuminate\\Routing\\Router->Illuminate\\Routing\\{closure}()
#37 /home/buac2919/public_html/virtuard.buatpc.com/app/Http/Middleware/RequireChangePassword.php(41): Illuminate\\Pipeline\\Pipeline->Illuminate\\Pipeline\\{closure}()
#38 /home/buac2919/public_html/virtuard.buatpc.com/vendor/laravel/framework/src/Illuminate/Pipeline/Pipeline.php(180): App\\Http\\Middleware\\RequireChangePassword->handle()
#39 /home/buac2919/public_html/virtuard.buatpc.com/app/Http/Middleware/SetLanguageForAdmin.php(37): Illuminate\\Pipeline\\Pipeline->Illuminate\\Pipeline\\{closure}()
#40 /home/buac2919/public_html/virtuard.buatpc.com/vendor/laravel/framework/src/Illuminate/Pipeline/Pipeline.php(180): App\\Http\\Middleware\\SetLanguageForAdmin->handle()
#41 /home/buac2919/public_html/virtuard.buatpc.com/app/Http/Middleware/SetCurrentCurrency.php(48): Illuminate\\Pipeline\\Pipeline->Illuminate\\Pipeline\\{closure}()
#42 /home/buac2919/public_html/virtuard.buatpc.com/vendor/laravel/framework/src/Illuminate/Pipeline/Pipeline.php(180): App\\Http\\Middleware\\SetCurrentCurrency->handle()
#43 /home/buac2919/public_html/virtuard.buatpc.com/app/Http/Middleware/HideDebugbar.php(32): Illuminate\\Pipeline\\Pipeline->Illuminate\\Pipeline\\{closure}()
#44 /home/buac2919/public_html/virtuard.buatpc.com/vendor/laravel/framework/src/Illuminate/Pipeline/Pipeline.php(180): App\\Http\\Middleware\\HideDebugbar->handle()
#45 /home/buac2919/public_html/virtuard.buatpc.com/app/Http/Middleware/RedirectForMultiLanguage.php(58): Illuminate\\Pipeline\\Pipeline->Illuminate\\Pipeline\\{closure}()
#46 /home/buac2919/public_html/virtuard.buatpc.com/vendor/laravel/framework/src/Illuminate/Pipeline/Pipeline.php(180): App\\Http\\Middleware\\RedirectForMultiLanguage->handle()
#47 /home/buac2919/public_html/virtuard.buatpc.com/vendor/laravel/framework/src/Illuminate/Routing/Middleware/SubstituteBindings.php(50): Illuminate\\Pipeline\\Pipeline->Illuminate\\Pipeline\\{closure}()
#48 /home/buac2919/public_html/virtuard.buatpc.com/vendor/laravel/framework/src/Illuminate/Pipeline/Pipeline.php(180): Illuminate\\Routing\\Middleware\\SubstituteBindings->handle()
#49 /home/buac2919/public_html/virtuard.buatpc.com/vendor/laravel/framework/src/Illuminate/View/Middleware/ShareErrorsFromSession.php(49): Illuminate\\Pipeline\\Pipeline->Illuminate\\Pipeline\\{closure}()
#50 /home/buac2919/public_html/virtuard.buatpc.com/vendor/laravel/framework/src/Illuminate/Pipeline/Pipeline.php(180): Illuminate\\View\\Middleware\\ShareErrorsFromSession->handle()
#51 /home/buac2919/public_html/virtuard.buatpc.com/vendor/laravel/framework/src/Illuminate/Session/Middleware/StartSession.php(121): Illuminate\\Pipeline\\Pipeline->Illuminate\\Pipeline\\{closure}()
#52 /home/buac2919/public_html/virtuard.buatpc.com/vendor/laravel/framework/src/Illuminate/Session/Middleware/StartSession.php(64): Illuminate\\Session\\Middleware\\StartSession->handleStatefulRequest()
#53 /home/buac2919/public_html/virtuard.buatpc.com/vendor/laravel/framework/src/Illuminate/Pipeline/Pipeline.php(180): Illuminate\\Session\\Middleware\\StartSession->handle()
#54 /home/buac2919/public_html/virtuard.buatpc.com/vendor/laravel/framework/src/Illuminate/Cookie/Middleware/AddQueuedCookiesToResponse.php(37): Illuminate\\Pipeline\\Pipeline->Illuminate\\Pipeline\\{closure}()
#55 /home/buac2919/public_html/virtuard.buatpc.com/vendor/laravel/framework/src/Illuminate/Pipeline/Pipeline.php(180): Illuminate\\Cookie\\Middleware\\AddQueuedCookiesToResponse->handle()
#56 /home/buac2919/public_html/virtuard.buatpc.com/vendor/laravel/framework/src/Illuminate/Cookie/Middleware/EncryptCookies.php(67): Illuminate\\Pipeline\\Pipeline->Illuminate\\Pipeline\\{closure}()
#57 /home/buac2919/public_html/virtuard.buatpc.com/vendor/laravel/framework/src/Illuminate/Pipeline/Pipeline.php(180): Illuminate\\Cookie\\Middleware\\EncryptCookies->handle()
#58 /home/buac2919/public_html/virtuard.buatpc.com/vendor/laravel/framework/src/Illuminate/Pipeline/Pipeline.php(116): Illuminate\\Pipeline\\Pipeline->Illuminate\\Pipeline\\{closure}()
#59 /home/buac2919/public_html/virtuard.buatpc.com/vendor/laravel/framework/src/Illuminate/Routing/Router.php(799): Illuminate\\Pipeline\\Pipeline->then()
#60 /home/buac2919/public_html/virtuard.buatpc.com/vendor/laravel/framework/src/Illuminate/Routing/Router.php(776): Illuminate\\Routing\\Router->runRouteWithinStack()
#61 /home/buac2919/public_html/virtuard.buatpc.com/vendor/laravel/framework/src/Illuminate/Routing/Router.php(740): Illuminate\\Routing\\Router->runRoute()
#62 /home/buac2919/public_html/virtuard.buatpc.com/vendor/laravel/framework/src/Illuminate/Routing/Router.php(729): Illuminate\\Routing\\Router->dispatchToRoute()
#63 /home/buac2919/public_html/virtuard.buatpc.com/vendor/laravel/framework/src/Illuminate/Foundation/Http/Kernel.php(190): Illuminate\\Routing\\Router->dispatch()
#64 /home/buac2919/public_html/virtuard.buatpc.com/vendor/laravel/framework/src/Illuminate/Pipeline/Pipeline.php(141): Illuminate\\Foundation\\Http\\Kernel->Illuminate\\Foundation\\Http\\{closure}()
#65 /home/buac2919/public_html/virtuard.buatpc.com/themes/Base/Core/Middleware/RunUpdater.php(72): Illuminate\\Pipeline\\Pipeline->Illuminate\\Pipeline\\{closure}()
#66 /home/buac2919/public_html/virtuard.buatpc.com/vendor/laravel/framework/src/Illuminate/Pipeline/Pipeline.php(180): Themes\\Base\\Core\\Middleware\\RunUpdater->handle()
#67 /home/buac2919/public_html/virtuard.buatpc.com/vendor/barryvdh/laravel-debugbar/src/Middleware/InjectDebugbar.php(66): Illuminate\\Pipeline\\Pipeline->Illuminate\\Pipeline\\{closure}()
#68 /home/buac2919/public_html/virtuard.buatpc.com/vendor/laravel/framework/src/Illuminate/Pipeline/Pipeline.php(180): Barryvdh\\Debugbar\\Middleware\\InjectDebugbar->handle()
#69 /home/buac2919/public_html/virtuard.buatpc.com/vendor/laravel/framework/src/Illuminate/Foundation/Http/Middleware/TransformsRequest.php(21): Illuminate\\Pipeline\\Pipeline->Illuminate\\Pipeline\\{closure}()
#70 /home/buac2919/public_html/virtuard.buatpc.com/vendor/laravel/framework/src/Illuminate/Foundation/Http/Middleware/ConvertEmptyStringsToNull.php(31): Illuminate\\Foundation\\Http\\Middleware\\TransformsRequest->handle()
#71 /home/buac2919/public_html/virtuard.buatpc.com/vendor/laravel/framework/src/Illuminate/Pipeline/Pipeline.php(180): Illuminate\\Foundation\\Http\\Middleware\\ConvertEmptyStringsToNull->handle()
#72 /home/buac2919/public_html/virtuard.buatpc.com/vendor/laravel/framework/src/Illuminate/Foundation/Http/Middleware/TransformsRequest.php(21): Illuminate\\Pipeline\\Pipeline->Illuminate\\Pipeline\\{closure}()
#73 /home/buac2919/public_html/virtuard.buatpc.com/vendor/laravel/framework/src/Illuminate/Foundation/Http/Middleware/TrimStrings.php(40): Illuminate\\Foundation\\Http\\Middleware\\TransformsRequest->handle()
#74 /home/buac2919/public_html/virtuard.buatpc.com/vendor/laravel/framework/src/Illuminate/Pipeline/Pipeline.php(180): Illuminate\\Foundation\\Http\\Middleware\\TrimStrings->handle()
#75 /home/buac2919/public_html/virtuard.buatpc.com/vendor/laravel/framework/src/Illuminate/Foundation/Http/Middleware/ValidatePostSize.php(27): Illuminate\\Pipeline\\Pipeline->Illuminate\\Pipeline\\{closure}()
#76 /home/buac2919/public_html/virtuard.buatpc.com/vendor/laravel/framework/src/Illuminate/Pipeline/Pipeline.php(180): Illuminate\\Foundation\\Http\\Middleware\\ValidatePostSize->handle()
#77 /home/buac2919/public_html/virtuard.buatpc.com/vendor/laravel/framework/src/Illuminate/Foundation/Http/Middleware/PreventRequestsDuringMaintenance.php(86): Illuminate\\Pipeline\\Pipeline->Illuminate\\Pipeline\\{closure}()
#78 /home/buac2919/public_html/virtuard.buatpc.com/vendor/laravel/framework/src/Illuminate/Pipeline/Pipeline.php(180): Illuminate\\Foundation\\Http\\Middleware\\PreventRequestsDuringMaintenance->handle()
#79 /home/buac2919/public_html/virtuard.buatpc.com/vendor/laravel/framework/src/Illuminate/Http/Middleware/HandleCors.php(49): Illuminate\\Pipeline\\Pipeline->Illuminate\\Pipeline\\{closure}()
#80 /home/buac2919/public_html/virtuard.buatpc.com/vendor/laravel/framework/src/Illuminate/Pipeline/Pipeline.php(180): Illuminate\\Http\\Middleware\\HandleCors->handle()
#81 /home/buac2919/public_html/virtuard.buatpc.com/app/Http/Middleware/RedirectToInstaller.php(40): Illuminate\\Pipeline\\Pipeline->Illuminate\\Pipeline\\{closure}()
#82 /home/buac2919/public_html/virtuard.buatpc.com/vendor/laravel/framework/src/Illuminate/Pipeline/Pipeline.php(180): App\\Http\\Middleware\\RedirectToInstaller->handle()
#83 /home/buac2919/public_html/virtuard.buatpc.com/vendor/laravel/framework/src/Illuminate/Http/Middleware/TrustProxies.php(39): Illuminate\\Pipeline\\Pipeline->Illuminate\\Pipeline\\{closure}()
#84 /home/buac2919/public_html/virtuard.buatpc.com/vendor/laravel/framework/src/Illuminate/Pipeline/Pipeline.php(180): Illuminate\\Http\\Middleware\\TrustProxies->handle()
#85 /home/buac2919/public_html/virtuard.buatpc.com/vendor/laravel/framework/src/Illuminate/Pipeline/Pipeline.php(116): Illuminate\\Pipeline\\Pipeline->Illuminate\\Pipeline\\{closure}()
#86 /home/buac2919/public_html/virtuard.buatpc.com/vendor/laravel/framework/src/Illuminate/Foundation/Http/Kernel.php(165): Illuminate\\Pipeline\\Pipeline->then()
#87 /home/buac2919/public_html/virtuard.buatpc.com/vendor/laravel/framework/src/Illuminate/Foundation/Http/Kernel.php(134): Illuminate\\Foundation\\Http\\Kernel->sendRequestThroughRouter()
#88 /home/buac2919/public_html/virtuard.buatpc.com/public/index.php(72): Illuminate\\Foundation\\Http\\Kernel->handle()
#89 {main}

[previous exception] [object] (Error(code: 0): Call to a member function hasPermission() on null at /home/buac2919/public_html/virtuard.buatpc.com/storage/framework/views/7f5939918a0afb3a4f6611a8f1be757b92906493.php:143)
[stacktrace]
#0 /home/buac2919/public_html/virtuard.buatpc.com/vendor/laravel/framework/src/Illuminate/Filesystem/Filesystem.php(109): require()
#1 /home/buac2919/public_html/virtuard.buatpc.com/vendor/laravel/framework/src/Illuminate/Filesystem/Filesystem.php(110): Illuminate\\Filesystem\\Filesystem::Illuminate\\Filesystem\\{closure}()
#2 /home/buac2919/public_html/virtuard.buatpc.com/vendor/laravel/framework/src/Illuminate/View/Engines/PhpEngine.php(58): Illuminate\\Filesystem\\Filesystem->getRequire()
#3 /home/buac2919/public_html/virtuard.buatpc.com/vendor/laravel/framework/src/Illuminate/View/Engines/CompilerEngine.php(70): Illuminate\\View\\Engines\\PhpEngine->evaluatePath()
#4 /home/buac2919/public_html/virtuard.buatpc.com/vendor/laravel/framework/src/Illuminate/View/View.php(195): Illuminate\\View\\Engines\\CompilerEngine->get()
#5 /home/buac2919/public_html/virtuard.buatpc.com/vendor/laravel/framework/src/Illuminate/View/View.php(178): Illuminate\\View\\View->getContents()
#6 /home/buac2919/public_html/virtuard.buatpc.com/vendor/laravel/framework/src/Illuminate/View/View.php(147): Illuminate\\View\\View->renderContents()
#7 /home/buac2919/public_html/virtuard.buatpc.com/storage/framework/views/411edfc5eefb36f7a97c707a1b9accf3dcf110d9.php(124): Illuminate\\View\\View->render()
#8 /home/buac2919/public_html/virtuard.buatpc.com/vendor/laravel/framework/src/Illuminate/Filesystem/Filesystem.php(109): require('/home/buac2919/...')
#9 /home/buac2919/public_html/virtuard.buatpc.com/vendor/laravel/framework/src/Illuminate/Filesystem/Filesystem.php(110): Illuminate\\Filesystem\\Filesystem::Illuminate\\Filesystem\\{closure}()
#10 /home/buac2919/public_html/virtuard.buatpc.com/vendor/laravel/framework/src/Illuminate/View/Engines/PhpEngine.php(58): Illuminate\\Filesystem\\Filesystem->getRequire()
#11 /home/buac2919/public_html/virtuard.buatpc.com/vendor/laravel/framework/src/Illuminate/View/Engines/CompilerEngine.php(70): Illuminate\\View\\Engines\\PhpEngine->evaluatePath()
#12 /home/buac2919/public_html/virtuard.buatpc.com/vendor/laravel/framework/src/Illuminate/View/View.php(195): Illuminate\\View\\Engines\\CompilerEngine->get()
#13 /home/buac2919/public_html/virtuard.buatpc.com/vendor/laravel/framework/src/Illuminate/View/View.php(178): Illuminate\\View\\View->getContents()
#14 /home/buac2919/public_html/virtuard.buatpc.com/vendor/laravel/framework/src/Illuminate/View/View.php(147): Illuminate\\View\\View->renderContents()
#15 /home/buac2919/public_html/virtuard.buatpc.com/storage/framework/views/7408427eb59bc7c05d85d18841ab15dfe4e7aa7d.php(1): Illuminate\\View\\View->render()
#16 /home/buac2919/public_html/virtuard.buatpc.com/vendor/laravel/framework/src/Illuminate/Filesystem/Filesystem.php(109): require('/home/buac2919/...')
#17 /home/buac2919/public_html/virtuard.buatpc.com/vendor/laravel/framework/src/Illuminate/Filesystem/Filesystem.php(110): Illuminate\\Filesystem\\Filesystem::Illuminate\\Filesystem\\{closure}()
#18 /home/buac2919/public_html/virtuard.buatpc.com/vendor/laravel/framework/src/Illuminate/View/Engines/PhpEngine.php(58): Illuminate\\Filesystem\\Filesystem->getRequire()
#19 /home/buac2919/public_html/virtuard.buatpc.com/vendor/laravel/framework/src/Illuminate/View/Engines/CompilerEngine.php(70): Illuminate\\View\\Engines\\PhpEngine->evaluatePath()
#20 /home/buac2919/public_html/virtuard.buatpc.com/vendor/laravel/framework/src/Illuminate/View/View.php(195): Illuminate\\View\\Engines\\CompilerEngine->get()
#21 /home/buac2919/public_html/virtuard.buatpc.com/vendor/laravel/framework/src/Illuminate/View/View.php(178): Illuminate\\View\\View->getContents()
#22 /home/buac2919/public_html/virtuard.buatpc.com/vendor/laravel/framework/src/Illuminate/View/View.php(147): Illuminate\\View\\View->renderContents()
#23 /home/buac2919/public_html/virtuard.buatpc.com/storage/framework/views/6ab7e6ceba5f845c2fd75fb4498d36108e57bf29.php(74): Illuminate\\View\\View->render()
#24 /home/buac2919/public_html/virtuard.buatpc.com/vendor/laravel/framework/src/Illuminate/Filesystem/Filesystem.php(109): require('/home/buac2919/...')
#25 /home/buac2919/public_html/virtuard.buatpc.com/vendor/laravel/framework/src/Illuminate/Filesystem/Filesystem.php(110): Illuminate\\Filesystem\\Filesystem::Illuminate\\Filesystem\\{closure}()
#26 /home/buac2919/public_html/virtuard.buatpc.com/vendor/laravel/framework/src/Illuminate/View/Engines/PhpEngine.php(58): Illuminate\\Filesystem\\Filesystem->getRequire()
#27 /home/buac2919/public_html/virtuard.buatpc.com/vendor/laravel/framework/src/Illuminate/View/Engines/CompilerEngine.php(70): Illuminate\\View\\Engines\\PhpEngine->evaluatePath()
#28 /home/buac2919/public_html/virtuard.buatpc.com/vendor/laravel/framework/src/Illuminate/View/View.php(195): Illuminate\\View\\Engines\\CompilerEngine->get()
#29 /home/buac2919/public_html/virtuard.buatpc.com/vendor/laravel/framework/src/Illuminate/View/View.php(178): Illuminate\\View\\View->getContents()
#30 /home/buac2919/public_html/virtuard.buatpc.com/vendor/laravel/framework/src/Illuminate/View/View.php(147): Illuminate\\View\\View->renderContents()
#31 /home/buac2919/public_html/virtuard.buatpc.com/vendor/laravel/framework/src/Illuminate/Http/Response.php(69): Illuminate\\View\\View->render()
#32 /home/buac2919/public_html/virtuard.buatpc.com/vendor/laravel/framework/src/Illuminate/Http/Response.php(35): Illuminate\\Http\\Response->setContent()
#33 /home/buac2919/public_html/virtuard.buatpc.com/vendor/laravel/framework/src/Illuminate/Routing/Router.php(906): Illuminate\\Http\\Response->__construct()
#34 /home/buac2919/public_html/virtuard.buatpc.com/vendor/laravel/framework/src/Illuminate/Routing/Router.php(875): Illuminate\\Routing\\Router::toResponse()
#35 /home/buac2919/public_html/virtuard.buatpc.com/vendor/laravel/framework/src/Illuminate/Routing/Router.php(798): Illuminate\\Routing\\Router->prepareResponse()
#36 /home/buac2919/public_html/virtuard.buatpc.com/vendor/laravel/framework/src/Illuminate/Pipeline/Pipeline.php(141): Illuminate\\Routing\\Router->Illuminate\\Routing\\{closure}()
#37 /home/buac2919/public_html/virtuard.buatpc.com/app/Http/Middleware/RequireChangePassword.php(41): Illuminate\\Pipeline\\Pipeline->Illuminate\\Pipeline\\{closure}()
#38 /home/buac2919/public_html/virtuard.buatpc.com/vendor/laravel/framework/src/Illuminate/Pipeline/Pipeline.php(180): App\\Http\\Middleware\\RequireChangePassword->handle()
#39 /home/buac2919/public_html/virtuard.buatpc.com/app/Http/Middleware/SetLanguageForAdmin.php(37): Illuminate\\Pipeline\\Pipeline->Illuminate\\Pipeline\\{closure}()
#40 /home/buac2919/public_html/virtuard.buatpc.com/vendor/laravel/framework/src/Illuminate/Pipeline/Pipeline.php(180): App\\Http\\Middleware\\SetLanguageForAdmin->handle()
#41 /home/buac2919/public_html/virtuard.buatpc.com/app/Http/Middleware/SetCurrentCurrency.php(48): Illuminate\\Pipeline\\Pipeline->Illuminate\\Pipeline\\{closure}()
#42 /home/buac2919/public_html/virtuard.buatpc.com/vendor/laravel/framework/src/Illuminate/Pipeline/Pipeline.php(180): App\\Http\\Middleware\\SetCurrentCurrency->handle()
#43 /home/buac2919/public_html/virtuard.buatpc.com/app/Http/Middleware/HideDebugbar.php(32): Illuminate\\Pipeline\\Pipeline->Illuminate\\Pipeline\\{closure}()
#44 /home/buac2919/public_html/virtuard.buatpc.com/vendor/laravel/framework/src/Illuminate/Pipeline/Pipeline.php(180): App\\Http\\Middleware\\HideDebugbar->handle()
#45 /home/buac2919/public_html/virtuard.buatpc.com/app/Http/Middleware/RedirectForMultiLanguage.php(58): Illuminate\\Pipeline\\Pipeline->Illuminate\\Pipeline\\{closure}()
#46 /home/buac2919/public_html/virtuard.buatpc.com/vendor/laravel/framework/src/Illuminate/Pipeline/Pipeline.php(180): App\\Http\\Middleware\\RedirectForMultiLanguage->handle()
#47 /home/buac2919/public_html/virtuard.buatpc.com/vendor/laravel/framework/src/Illuminate/Routing/Middleware/SubstituteBindings.php(50): Illuminate\\Pipeline\\Pipeline->Illuminate\\Pipeline\\{closure}()
#48 /home/buac2919/public_html/virtuard.buatpc.com/vendor/laravel/framework/src/Illuminate/Pipeline/Pipeline.php(180): Illuminate\\Routing\\Middleware\\SubstituteBindings->handle()
#49 /home/buac2919/public_html/virtuard.buatpc.com/vendor/laravel/framework/src/Illuminate/View/Middleware/ShareErrorsFromSession.php(49): Illuminate\\Pipeline\\Pipeline->Illuminate\\Pipeline\\{closure}()
#50 /home/buac2919/public_html/virtuard.buatpc.com/vendor/laravel/framework/src/Illuminate/Pipeline/Pipeline.php(180): Illuminate\\View\\Middleware\\ShareErrorsFromSession->handle()
#51 /home/buac2919/public_html/virtuard.buatpc.com/vendor/laravel/framework/src/Illuminate/Session/Middleware/StartSession.php(121): Illuminate\\Pipeline\\Pipeline->Illuminate\\Pipeline\\{closure}()
#52 /home/buac2919/public_html/virtuard.buatpc.com/vendor/laravel/framework/src/Illuminate/Session/Middleware/StartSession.php(64): Illuminate\\Session\\Middleware\\StartSession->handleStatefulRequest()
#53 /home/buac2919/public_html/virtuard.buatpc.com/vendor/laravel/framework/src/Illuminate/Pipeline/Pipeline.php(180): Illuminate\\Session\\Middleware\\StartSession->handle()
#54 /home/buac2919/public_html/virtuard.buatpc.com/vendor/laravel/framework/src/Illuminate/Cookie/Middleware/AddQueuedCookiesToResponse.php(37): Illuminate\\Pipeline\\Pipeline->Illuminate\\Pipeline\\{closure}()
#55 /home/buac2919/public_html/virtuard.buatpc.com/vendor/laravel/framework/src/Illuminate/Pipeline/Pipeline.php(180): Illuminate\\Cookie\\Middleware\\AddQueuedCookiesToResponse->handle()
#56 /home/buac2919/public_html/virtuard.buatpc.com/vendor/laravel/framework/src/Illuminate/Cookie/Middleware/EncryptCookies.php(67): Illuminate\\Pipeline\\Pipeline->Illuminate\\Pipeline\\{closure}()
#57 /home/buac2919/public_html/virtuard.buatpc.com/vendor/laravel/framework/src/Illuminate/Pipeline/Pipeline.php(180): Illuminate\\Cookie\\Middleware\\EncryptCookies->handle()
#58 /home/buac2919/public_html/virtuard.buatpc.com/vendor/laravel/framework/src/Illuminate/Pipeline/Pipeline.php(116): Illuminate\\Pipeline\\Pipeline->Illuminate\\Pipeline\\{closure}()
#59 /home/buac2919/public_html/virtuard.buatpc.com/vendor/laravel/framework/src/Illuminate/Routing/Router.php(799): Illuminate\\Pipeline\\Pipeline->then()
#60 /home/buac2919/public_html/virtuard.buatpc.com/vendor/laravel/framework/src/Illuminate/Routing/Router.php(776): Illuminate\\Routing\\Router->runRouteWithinStack()
#61 /home/buac2919/public_html/virtuard.buatpc.com/vendor/laravel/framework/src/Illuminate/Routing/Router.php(740): Illuminate\\Routing\\Router->runRoute()
#62 /home/buac2919/public_html/virtuard.buatpc.com/vendor/laravel/framework/src/Illuminate/Routing/Router.php(729): Illuminate\\Routing\\Router->dispatchToRoute()
#63 /home/buac2919/public_html/virtuard.buatpc.com/vendor/laravel/framework/src/Illuminate/Foundation/Http/Kernel.php(190): Illuminate\\Routing\\Router->dispatch()
#64 /home/buac2919/public_html/virtuard.buatpc.com/vendor/laravel/framework/src/Illuminate/Pipeline/Pipeline.php(141): Illuminate\\Foundation\\Http\\Kernel->Illuminate\\Foundation\\Http\\{closure}()
#65 /home/buac2919/public_html/virtuard.buatpc.com/themes/Base/Core/Middleware/RunUpdater.php(72): Illuminate\\Pipeline\\Pipeline->Illuminate\\Pipeline\\{closure}()
#66 /home/buac2919/public_html/virtuard.buatpc.com/vendor/laravel/framework/src/Illuminate/Pipeline/Pipeline.php(180): Themes\\Base\\Core\\Middleware\\RunUpdater->handle()
#67 /home/buac2919/public_html/virtuard.buatpc.com/vendor/barryvdh/laravel-debugbar/src/Middleware/InjectDebugbar.php(66): Illuminate\\Pipeline\\Pipeline->Illuminate\\Pipeline\\{closure}()
#68 /home/buac2919/public_html/virtuard.buatpc.com/vendor/laravel/framework/src/Illuminate/Pipeline/Pipeline.php(180): Barryvdh\\Debugbar\\Middleware\\InjectDebugbar->handle()
#69 /home/buac2919/public_html/virtuard.buatpc.com/vendor/laravel/framework/src/Illuminate/Foundation/Http/Middleware/TransformsRequest.php(21): Illuminate\\Pipeline\\Pipeline->Illuminate\\Pipeline\\{closure}()
#70 /home/buac2919/public_html/virtuard.buatpc.com/vendor/laravel/framework/src/Illuminate/Foundation/Http/Middleware/ConvertEmptyStringsToNull.php(31): Illuminate\\Foundation\\Http\\Middleware\\TransformsRequest->handle()
#71 /home/buac2919/public_html/virtuard.buatpc.com/vendor/laravel/framework/src/Illuminate/Pipeline/Pipeline.php(180): Illuminate\\Foundation\\Http\\Middleware\\ConvertEmptyStringsToNull->handle()
#72 /home/buac2919/public_html/virtuard.buatpc.com/vendor/laravel/framework/src/Illuminate/Foundation/Http/Middleware/TransformsRequest.php(21): Illuminate\\Pipeline\\Pipeline->Illuminate\\Pipeline\\{closure}()
#73 /home/buac2919/public_html/virtuard.buatpc.com/vendor/laravel/framework/src/Illuminate/Foundation/Http/Middleware/TrimStrings.php(40): Illuminate\\Foundation\\Http\\Middleware\\TransformsRequest->handle()
#74 /home/buac2919/public_html/virtuard.buatpc.com/vendor/laravel/framework/src/Illuminate/Pipeline/Pipeline.php(180): Illuminate\\Foundation\\Http\\Middleware\\TrimStrings->handle()
#75 /home/buac2919/public_html/virtuard.buatpc.com/vendor/laravel/framework/src/Illuminate/Foundation/Http/Middleware/ValidatePostSize.php(27): Illuminate\\Pipeline\\Pipeline->Illuminate\\Pipeline\\{closure}()
#76 /home/buac2919/public_html/virtuard.buatpc.com/vendor/laravel/framework/src/Illuminate/Pipeline/Pipeline.php(180): Illuminate\\Foundation\\Http\\Middleware\\ValidatePostSize->handle()
#77 /home/buac2919/public_html/virtuard.buatpc.com/vendor/laravel/framework/src/Illuminate/Foundation/Http/Middleware/PreventRequestsDuringMaintenance.php(86): Illuminate\\Pipeline\\Pipeline->Illuminate\\Pipeline\\{closure}()
#78 /home/buac2919/public_html/virtuard.buatpc.com/vendor/laravel/framework/src/Illuminate/Pipeline/Pipeline.php(180): Illuminate\\Foundation\\Http\\Middleware\\PreventRequestsDuringMaintenance->handle()
#79 /home/buac2919/public_html/virtuard.buatpc.com/vendor/laravel/framework/src/Illuminate/Http/Middleware/HandleCors.php(49): Illuminate\\Pipeline\\Pipeline->Illuminate\\Pipeline\\{closure}()
#80 /home/buac2919/public_html/virtuard.buatpc.com/vendor/laravel/framework/src/Illuminate/Pipeline/Pipeline.php(180): Illuminate\\Http\\Middleware\\HandleCors->handle()
#81 /home/buac2919/public_html/virtuard.buatpc.com/app/Http/Middleware/RedirectToInstaller.php(40): Illuminate\\Pipeline\\Pipeline->Illuminate\\Pipeline\\{closure}()
#82 /home/buac2919/public_html/virtuard.buatpc.com/vendor/laravel/framework/src/Illuminate/Pipeline/Pipeline.php(180): App\\Http\\Middleware\\RedirectToInstaller->handle()
#83 /home/buac2919/public_html/virtuard.buatpc.com/vendor/laravel/framework/src/Illuminate/Http/Middleware/TrustProxies.php(39): Illuminate\\Pipeline\\Pipeline->Illuminate\\Pipeline\\{closure}()
#84 /home/buac2919/public_html/virtuard.buatpc.com/vendor/laravel/framework/src/Illuminate/Pipeline/Pipeline.php(180): Illuminate\\Http\\Middleware\\TrustProxies->handle()
#85 /home/buac2919/public_html/virtuard.buatpc.com/vendor/laravel/framework/src/Illuminate/Pipeline/Pipeline.php(116): Illuminate\\Pipeline\\Pipeline->Illuminate\\Pipeline\\{closure}()
#86 /home/buac2919/public_html/virtuard.buatpc.com/vendor/laravel/framework/src/Illuminate/Foundation/Http/Kernel.php(165): Illuminate\\Pipeline\\Pipeline->then()
#87 /home/buac2919/public_html/virtuard.buatpc.com/vendor/laravel/framework/src/Illuminate/Foundation/Http/Kernel.php(134): Illuminate\\Foundation\\Http\\Kernel->sendRequestThroughRouter()
#88 /home/buac2919/public_html/virtuard.buatpc.com/public/index.php(72): Illuminate\\Foundation\\Http\\Kernel->handle()
#89 {main}
"} 
