[2023-12-20 15:04:37] production.DEBUG: From: Booking Core <contact@bookingcore.test>
To: customertest@gmail.com
Subject: [Virtuard] Verify Register
MIME-Version: 1.0
Date: Wed, 20 Dec 2023 15:04:37 +0000
Message-ID: <c621163c4b9dc104a735e3d002741fb5@bookingcore.test>
Content-Type: text/html; charset=utf-8
Content-Transfer-Encoding: quoted-printable

<!doctype html>
<html xmlns=3D"http://www.w3.org/1999/xhtml" xmlns:v=3D"u=
rn:schemas-microsoft-com:vml" xmlns:o=3D"urn:schemas-microsoft-com:office:o=
ffice">
    <head>
        <title></title>
        <meta http-equiv=
=3D"X-UA-Compatible" content=3D"IE=3Dedge">
        <!--<![endif]-->
  =
      <meta http-equiv=3D"Content-Type" content=3D"text/html; charset=3DUTF=
-8">
        <meta name=3D"viewport" content=3D"width=3Ddevice-width, ini=
tial-scale=3D1">
        <link rel=3D'stylesheet' id=3D'google-font-css-c=
ss'  href=3D'https://fonts.googleapis.com/css?family=3DPoppins%3A400%2C500%=
2C600' type=3D'text/css' media=3D'all' />
        <style>
            .=
b-email-wrap{
                background: #ebeef2;
                padd=
ing: 40px 0px;
                color: #1A2B48;
                font-siz=
e: 14px;
                font-family: 'Poppins', sans-serif !important;=

                font-weight: normal;
                line-height: 1.5;=

                overflow-x: hidden;
                margin: 0px;
   =
         }
            .b-header{
                background: #000000;=

                padding: 30px;
                color: white;
       =
     }
            .b-header .site-title,
            .b-header h1,
 =
           .b-header h2,
            .b-header h3,
            .b-heade=
r h4,
            .b-header h5,
            .b-header p
            {=

                margin:0px;
                display: block;
        =
        text-align: center;
            }
            .b-container{
 =
               max-width: 600px;
                margin: 0px auto;
    =
        }

            .b-panel{
                border: 1px solid rg=
ba(0, 0, 0, 0.1);
                margin-bottom: 30px;
                =
padding: 30px;
                background: white;
            }
     =
       .b-panel .b-panel{
                padding: 0px;
               =
 box-shadow: none;
            }
            .b-panel-title{
        =
        text-align: center;
                margin-bottom: 30px;
      =
          font-size: 24px;
                font-weight: 500;
          =
  }
            .b-table-wrap{
                overflow-x:auto;
     =
       }
            .b-table{
                width: 100%;
         =
   }
            .b-table tr td,
            .b-table .b-tr,
        =
    .b-table tr th{
                padding: 10px;
            }
    =
        .b-table .b-tr{
                clear: both;
                bo=
rder-bottom: 1px solid #EAEEF3;
            }
            .b-table .b-t=
r:after{
                display: table;
                clear: both;=

                content:'';
            }
            .b-table tr td=
{
                border-bottom: 1px solid #EAEEF3;
            }
   =
         .b-table tbody tr:nth-child(even) td{
                /*backgrou=
nd: #f5f7fd;*/
            }
            .b-table tbody tr td.label,
=
            .b-table .b-tr .label{
                font-weight: 500;
  =
          }
            .b-table tbody tr td.val,
            .b-table =
.b-tr .val{
                text-align: right;
            }

     =
       .b-table tbody tr td.val p,
            .b-table .b-tr .val p{
 =
               padding: 0;
                margin: 0;
            }
=

            .b-table .b-tr .label,
            .b-table .b-tr .val{
=
                float: left;
                width: 50%;
            }=

            .pricing-list{
                text-align: left;
       =
         margin: 0px;
                padding: 0px;
                lis=
t-style: none;
            }
            .pricing-list td{
          =
      padding: 7px 0px;
            }
            .pricing-list td .val=
{
                text-align: right;
            }
            .prici=
ng-list .no-flex{
                display: block;
            }
     =
       .email-headline{
                margin-top: 0px;
            }=


            .text-center{
                text-align: center;
   =
         }

            .btn{
                display: inline-block;=

                color: #212529;
                text-align: center;
=
                vertical-align: middle;
                -webkit-user-sele=
ct: none;
                -moz-user-select: none;
                -ms-u=
ser-select: none;
                user-select: none;
                ba=
ckground-color: #ebeef2;
                line-height: 1.5;
            =
    border: none;
                -webkit-box-shadow: none;
           =
     box-shadow: none;
                border-radius: 3px;
            =
    padding: 7px 20px;
                -webkit-transition: background .2s=
, color .2s;
                transition: background .2s, color .2s;
   =
             font-size: 14px;
                font-weight: 500;
       =
         text-decoration: none;
            }
            .btn.btn-prim=
ary{

                background: #5191FA;
                color: whi=
te;
            }
            .mt20{
                margin-top: 20px=
;
            }
            .no-padding{
                padding: 0px=
;
            }
            .no-r-padding{
                padding-ri=
ght: 0px!important;
            }
            .fsz21{
               =
 font-size: 21px;
            }
            .no-b-border{
           =
     border-bottom: 0px!important;
            }
            @media scr=
een and (max-width: 768px) {
                .b-panel{
                =
    padding: 15px;
                }
                .b-table tr td,
=
                .b-table tr th{
                    padding-right: 2px;=

                    padding-left: 2px;
                }
           =
     .b-panel-title{
                    font-size: 18px;
             =
       font-weight: bold;
                    margin-bottom: 15px;
    =
            }
                .b-email-wrap{
                    paddin=
g: 0px;
                }

                .b-table .b-tr .label,
 =
               .b-table .b-tr .val{
                    float:none;
   =
             }

                .b-table .b-tr .val{
                =
    text-align: left;
                }
            }
        </style=
>
    </head>
    <body>
        <div class=3D"b-email-wrap">
     =
       <div class=3D"" style=3D"">
    <div class=3D"b-container">
    =
    <div class=3D"b-header">
                        <h1 class=3D"site-ti=
tle">Virtuard</h1>
        </div>
    </div>
</div>

            =
    <div class=3D"b-container">
        <div class=3D"b-panel">
       =
    =20
            <h1>Hello!</h1>
            <p>Please click the butto=
n to verify your email address!</p>
            <p style=3D"text-align: c=
enter"><a style=3D"border-radius: 3px;
                color: #fff;
   =
             display: inline-block;
                text-decoration: none=
;
                background-color: #3490dc;
                border-top=
: 10px solid #3490dc;
                border-right: 18px solid #3490dc;=

                border-bottom: 10px solid #3490dc;
                bor=
der-left: 18px solid #3490dc;" href=3D"http://virtuard.test/email/verify/35=
/410e1a5492cf53075dc630e84cab58c95ba01006?expires=3D1703088277&signature=3D=
06680813467d5483553fe25112c03148bcbdcba32720c2c1dca0e49d155df45c">Verify Em=
ail Address</a></p>
            <p>If you did not create account, no furt=
her action is required.</p>
            <p>Regards,<br>Virtuard</p>
   =
     </div>
    </div>

            <div class=3D"b-footer" style=3D"=
margin-top: 0px;">
    <div class=3D"b-container">
       =20
    </div=
>
</div>        </div>
    </body>
</html>
  
[2023-12-20 15:04:37] production.DEBUG: From: Booking Core <contact@bookingcore.test>
To: customertest@gmail.com
Subject: Customer Test has registered.
MIME-Version: 1.0
Date: Wed, 20 Dec 2023 15:04:37 +0000
Message-ID: <45b25ffb6fac151cffcc05486b9750dc@bookingcore.test>
Content-Type: text/html; charset=utf-8
Content-Transfer-Encoding: quoted-printable

<!doctype html>
<html xmlns=3D"http://www.w3.org/1999/xhtml" xmlns:v=3D"u=
rn:schemas-microsoft-com:vml" xmlns:o=3D"urn:schemas-microsoft-com:office:o=
ffice">
    <head>
        <title></title>
        <meta http-equiv=
=3D"X-UA-Compatible" content=3D"IE=3Dedge">
        <!--<![endif]-->
  =
      <meta http-equiv=3D"Content-Type" content=3D"text/html; charset=3DUTF=
-8">
        <meta name=3D"viewport" content=3D"width=3Ddevice-width, ini=
tial-scale=3D1">
        <link rel=3D'stylesheet' id=3D'google-font-css-c=
ss'  href=3D'https://fonts.googleapis.com/css?family=3DPoppins%3A400%2C500%=
2C600' type=3D'text/css' media=3D'all' />
        <style>
            .=
b-email-wrap{
                background: #ebeef2;
                padd=
ing: 40px 0px;
                color: #1A2B48;
                font-siz=
e: 14px;
                font-family: 'Poppins', sans-serif !important;=

                font-weight: normal;
                line-height: 1.5;=

                overflow-x: hidden;
                margin: 0px;
   =
         }
            .b-header{
                background: #000000;=

                padding: 30px;
                color: white;
       =
     }
            .b-header .site-title,
            .b-header h1,
 =
           .b-header h2,
            .b-header h3,
            .b-heade=
r h4,
            .b-header h5,
            .b-header p
            {=

                margin:0px;
                display: block;
        =
        text-align: center;
            }
            .b-container{
 =
               max-width: 600px;
                margin: 0px auto;
    =
        }

            .b-panel{
                border: 1px solid rg=
ba(0, 0, 0, 0.1);
                margin-bottom: 30px;
                =
padding: 30px;
                background: white;
            }
     =
       .b-panel .b-panel{
                padding: 0px;
               =
 box-shadow: none;
            }
            .b-panel-title{
        =
        text-align: center;
                margin-bottom: 30px;
      =
          font-size: 24px;
                font-weight: 500;
          =
  }
            .b-table-wrap{
                overflow-x:auto;
     =
       }
            .b-table{
                width: 100%;
         =
   }
            .b-table tr td,
            .b-table .b-tr,
        =
    .b-table tr th{
                padding: 10px;
            }
    =
        .b-table .b-tr{
                clear: both;
                bo=
rder-bottom: 1px solid #EAEEF3;
            }
            .b-table .b-t=
r:after{
                display: table;
                clear: both;=

                content:'';
            }
            .b-table tr td=
{
                border-bottom: 1px solid #EAEEF3;
            }
   =
         .b-table tbody tr:nth-child(even) td{
                /*backgrou=
nd: #f5f7fd;*/
            }
            .b-table tbody tr td.label,
=
            .b-table .b-tr .label{
                font-weight: 500;
  =
          }
            .b-table tbody tr td.val,
            .b-table =
.b-tr .val{
                text-align: right;
            }

     =
       .b-table tbody tr td.val p,
            .b-table .b-tr .val p{
 =
               padding: 0;
                margin: 0;
            }
=

            .b-table .b-tr .label,
            .b-table .b-tr .val{
=
                float: left;
                width: 50%;
            }=

            .pricing-list{
                text-align: left;
       =
         margin: 0px;
                padding: 0px;
                lis=
t-style: none;
            }
            .pricing-list td{
          =
      padding: 7px 0px;
            }
            .pricing-list td .val=
{
                text-align: right;
            }
            .prici=
ng-list .no-flex{
                display: block;
            }
     =
       .email-headline{
                margin-top: 0px;
            }=


            .text-center{
                text-align: center;
   =
         }

            .btn{
                display: inline-block;=

                color: #212529;
                text-align: center;
=
                vertical-align: middle;
                -webkit-user-sele=
ct: none;
                -moz-user-select: none;
                -ms-u=
ser-select: none;
                user-select: none;
                ba=
ckground-color: #ebeef2;
                line-height: 1.5;
            =
    border: none;
                -webkit-box-shadow: none;
           =
     box-shadow: none;
                border-radius: 3px;
            =
    padding: 7px 20px;
                -webkit-transition: background .2s=
, color .2s;
                transition: background .2s, color .2s;
   =
             font-size: 14px;
                font-weight: 500;
       =
         text-decoration: none;
            }
            .btn.btn-prim=
ary{

                background: #5191FA;
                color: whi=
te;
            }
            .mt20{
                margin-top: 20px=
;
            }
            .no-padding{
                padding: 0px=
;
            }
            .no-r-padding{
                padding-ri=
ght: 0px!important;
            }
            .fsz21{
               =
 font-size: 21px;
            }
            .no-b-border{
           =
     border-bottom: 0px!important;
            }
            @media scr=
een and (max-width: 768px) {
                .b-panel{
                =
    padding: 15px;
                }
                .b-table tr td,
=
                .b-table tr th{
                    padding-right: 2px;=

                    padding-left: 2px;
                }
           =
     .b-panel-title{
                    font-size: 18px;
             =
       font-weight: bold;
                    margin-bottom: 15px;
    =
            }
                .b-email-wrap{
                    paddin=
g: 0px;
                }

                .b-table .b-tr .label,
 =
               .b-table .b-tr .val{
                    float:none;
   =
             }

                .b-table .b-tr .val{
                =
    text-align: left;
                }
            }
        </style=
>
    </head>
    <body>
        <div class=3D"b-email-wrap">
     =
       <div class=3D"" style=3D"">
    <div class=3D"b-container">
    =
    <div class=3D"b-header">
                        <h1 class=3D"site-ti=
tle">Virtuard</h1>
        </div>
    </div>
</div>

            =
    <div class=3D"b-container">
        <div class=3D"b-panel">
       =
     <h1 style=3D"text-align: center">Welcome!</h1>
                    <h3>Hello Customer Test</h3>
                    <p>Thank you for signing up with Booking Core! We hope =
you enjoy your time with us.</p>
                    <p>Regards,</p>
                    <p>Booking Core</p>
        </div>
    </div>

=
            <div class=3D"b-footer" style=3D"margin-top: 0px;">
    <div =
class=3D"b-container">
       =20
    </div>
</div>        </div>
   =
 </body>
</html>
  
[2023-12-20 15:04:37] production.DEBUG: From: Booking Core <contact@bookingcore.test>
To: contact@bookingcore.test
Subject: Customer Test has registered.
MIME-Version: 1.0
Date: Wed, 20 Dec 2023 15:04:37 +0000
Message-ID: <a35b0311c7603699529b0114842a107d@bookingcore.test>
Content-Type: text/html; charset=utf-8
Content-Transfer-Encoding: quoted-printable

<!doctype html>
<html xmlns=3D"http://www.w3.org/1999/xhtml" xmlns:v=3D"u=
rn:schemas-microsoft-com:vml" xmlns:o=3D"urn:schemas-microsoft-com:office:o=
ffice">
    <head>
        <title></title>
        <meta http-equiv=
=3D"X-UA-Compatible" content=3D"IE=3Dedge">
        <!--<![endif]-->
  =
      <meta http-equiv=3D"Content-Type" content=3D"text/html; charset=3DUTF=
-8">
        <meta name=3D"viewport" content=3D"width=3Ddevice-width, ini=
tial-scale=3D1">
        <link rel=3D'stylesheet' id=3D'google-font-css-c=
ss'  href=3D'https://fonts.googleapis.com/css?family=3DPoppins%3A400%2C500%=
2C600' type=3D'text/css' media=3D'all' />
        <style>
            .=
b-email-wrap{
                background: #ebeef2;
                padd=
ing: 40px 0px;
                color: #1A2B48;
                font-siz=
e: 14px;
                font-family: 'Poppins', sans-serif !important;=

                font-weight: normal;
                line-height: 1.5;=

                overflow-x: hidden;
                margin: 0px;
   =
         }
            .b-header{
                background: #000000;=

                padding: 30px;
                color: white;
       =
     }
            .b-header .site-title,
            .b-header h1,
 =
           .b-header h2,
            .b-header h3,
            .b-heade=
r h4,
            .b-header h5,
            .b-header p
            {=

                margin:0px;
                display: block;
        =
        text-align: center;
            }
            .b-container{
 =
               max-width: 600px;
                margin: 0px auto;
    =
        }

            .b-panel{
                border: 1px solid rg=
ba(0, 0, 0, 0.1);
                margin-bottom: 30px;
                =
padding: 30px;
                background: white;
            }
     =
       .b-panel .b-panel{
                padding: 0px;
               =
 box-shadow: none;
            }
            .b-panel-title{
        =
        text-align: center;
                margin-bottom: 30px;
      =
          font-size: 24px;
                font-weight: 500;
          =
  }
            .b-table-wrap{
                overflow-x:auto;
     =
       }
            .b-table{
                width: 100%;
         =
   }
            .b-table tr td,
            .b-table .b-tr,
        =
    .b-table tr th{
                padding: 10px;
            }
    =
        .b-table .b-tr{
                clear: both;
                bo=
rder-bottom: 1px solid #EAEEF3;
            }
            .b-table .b-t=
r:after{
                display: table;
                clear: both;=

                content:'';
            }
            .b-table tr td=
{
                border-bottom: 1px solid #EAEEF3;
            }
   =
         .b-table tbody tr:nth-child(even) td{
                /*backgrou=
nd: #f5f7fd;*/
            }
            .b-table tbody tr td.label,
=
            .b-table .b-tr .label{
                font-weight: 500;
  =
          }
            .b-table tbody tr td.val,
            .b-table =
.b-tr .val{
                text-align: right;
            }

     =
       .b-table tbody tr td.val p,
            .b-table .b-tr .val p{
 =
               padding: 0;
                margin: 0;
            }
=

            .b-table .b-tr .label,
            .b-table .b-tr .val{
=
                float: left;
                width: 50%;
            }=

            .pricing-list{
                text-align: left;
       =
         margin: 0px;
                padding: 0px;
                lis=
t-style: none;
            }
            .pricing-list td{
          =
      padding: 7px 0px;
            }
            .pricing-list td .val=
{
                text-align: right;
            }
            .prici=
ng-list .no-flex{
                display: block;
            }
     =
       .email-headline{
                margin-top: 0px;
            }=


            .text-center{
                text-align: center;
   =
         }

            .btn{
                display: inline-block;=

                color: #212529;
                text-align: center;
=
                vertical-align: middle;
                -webkit-user-sele=
ct: none;
                -moz-user-select: none;
                -ms-u=
ser-select: none;
                user-select: none;
                ba=
ckground-color: #ebeef2;
                line-height: 1.5;
            =
    border: none;
                -webkit-box-shadow: none;
           =
     box-shadow: none;
                border-radius: 3px;
            =
    padding: 7px 20px;
                -webkit-transition: background .2s=
, color .2s;
                transition: background .2s, color .2s;
   =
             font-size: 14px;
                font-weight: 500;
       =
         text-decoration: none;
            }
            .btn.btn-prim=
ary{

                background: #5191FA;
                color: whi=
te;
            }
            .mt20{
                margin-top: 20px=
;
            }
            .no-padding{
                padding: 0px=
;
            }
            .no-r-padding{
                padding-ri=
ght: 0px!important;
            }
            .fsz21{
               =
 font-size: 21px;
            }
            .no-b-border{
           =
     border-bottom: 0px!important;
            }
            @media scr=
een and (max-width: 768px) {
                .b-panel{
                =
    padding: 15px;
                }
                .b-table tr td,
=
                .b-table tr th{
                    padding-right: 2px;=

                    padding-left: 2px;
                }
           =
     .b-panel-title{
                    font-size: 18px;
             =
       font-weight: bold;
                    margin-bottom: 15px;
    =
            }
                .b-email-wrap{
                    paddin=
g: 0px;
                }

                .b-table .b-tr .label,
 =
               .b-table .b-tr .val{
                    float:none;
   =
             }

                .b-table .b-tr .val{
                =
    text-align: left;
                }
            }
        </style=
>
    </head>
    <body>
        <div class=3D"b-email-wrap">
     =
       <div class=3D"" style=3D"">
    <div class=3D"b-container">
    =
    <div class=3D"b-header">
                        <h1 class=3D"site-ti=
tle">Virtuard</h1>
        </div>
    </div>
</div>

            =
    <div class=3D"b-container">
        <div class=3D"b-panel">
       =
     <h3>Hello Administrator</h3>
                    <p>We have new registration</p>
                    <p>Full name: Customer Test</p>
                    <p>Email: customertest@gmail.com</p>
                    <p>Regards,</p>
                    <p>Booking Core</p>
        </div>
    </div>

=
            <div class=3D"b-footer" style=3D"margin-top: 0px;">
    <div =
class=3D"b-container">
       =20
    </div>
</div>        </div>
   =
 </body>
</html>
  
[2023-12-20 16:01:14] production.DEBUG: From: Booking Core <contact@bookingcore.test>
To: customertest@gmail.com
Subject: Customer Test has registered.
MIME-Version: 1.0
Date: Wed, 20 Dec 2023 16:01:14 +0000
Message-ID: <48714360be1104e3a8a1eb66ab86e438@bookingcore.test>
Content-Type: text/html; charset=utf-8
Content-Transfer-Encoding: quoted-printable

<!doctype html>
<html xmlns=3D"http://www.w3.org/1999/xhtml" xmlns:v=3D"u=
rn:schemas-microsoft-com:vml" xmlns:o=3D"urn:schemas-microsoft-com:office:o=
ffice">
    <head>
        <title></title>
        <meta http-equiv=
=3D"X-UA-Compatible" content=3D"IE=3Dedge">
        <!--<![endif]-->
  =
      <meta http-equiv=3D"Content-Type" content=3D"text/html; charset=3DUTF=
-8">
        <meta name=3D"viewport" content=3D"width=3Ddevice-width, ini=
tial-scale=3D1">
        <link rel=3D'stylesheet' id=3D'google-font-css-c=
ss'  href=3D'https://fonts.googleapis.com/css?family=3DPoppins%3A400%2C500%=
2C600' type=3D'text/css' media=3D'all' />
        <style>
            .=
b-email-wrap{
                background: #ebeef2;
                padd=
ing: 40px 0px;
                color: #1A2B48;
                font-siz=
e: 14px;
                font-family: 'Poppins', sans-serif !important;=

                font-weight: normal;
                line-height: 1.5;=

                overflow-x: hidden;
                margin: 0px;
   =
         }
            .b-header{
                background: #000000;=

                padding: 30px;
                color: white;
       =
     }
            .b-header .site-title,
            .b-header h1,
 =
           .b-header h2,
            .b-header h3,
            .b-heade=
r h4,
            .b-header h5,
            .b-header p
            {=

                margin:0px;
                display: block;
        =
        text-align: center;
            }
            .b-container{
 =
               max-width: 600px;
                margin: 0px auto;
    =
        }

            .b-panel{
                border: 1px solid rg=
ba(0, 0, 0, 0.1);
                margin-bottom: 30px;
                =
padding: 30px;
                background: white;
            }
     =
       .b-panel .b-panel{
                padding: 0px;
               =
 box-shadow: none;
            }
            .b-panel-title{
        =
        text-align: center;
                margin-bottom: 30px;
      =
          font-size: 24px;
                font-weight: 500;
          =
  }
            .b-table-wrap{
                overflow-x:auto;
     =
       }
            .b-table{
                width: 100%;
         =
   }
            .b-table tr td,
            .b-table .b-tr,
        =
    .b-table tr th{
                padding: 10px;
            }
    =
        .b-table .b-tr{
                clear: both;
                bo=
rder-bottom: 1px solid #EAEEF3;
            }
            .b-table .b-t=
r:after{
                display: table;
                clear: both;=

                content:'';
            }
            .b-table tr td=
{
                border-bottom: 1px solid #EAEEF3;
            }
   =
         .b-table tbody tr:nth-child(even) td{
                /*backgrou=
nd: #f5f7fd;*/
            }
            .b-table tbody tr td.label,
=
            .b-table .b-tr .label{
                font-weight: 500;
  =
          }
            .b-table tbody tr td.val,
            .b-table =
.b-tr .val{
                text-align: right;
            }

     =
       .b-table tbody tr td.val p,
            .b-table .b-tr .val p{
 =
               padding: 0;
                margin: 0;
            }
=

            .b-table .b-tr .label,
            .b-table .b-tr .val{
=
                float: left;
                width: 50%;
            }=

            .pricing-list{
                text-align: left;
       =
         margin: 0px;
                padding: 0px;
                lis=
t-style: none;
            }
            .pricing-list td{
          =
      padding: 7px 0px;
            }
            .pricing-list td .val=
{
                text-align: right;
            }
            .prici=
ng-list .no-flex{
                display: block;
            }
     =
       .email-headline{
                margin-top: 0px;
            }=


            .text-center{
                text-align: center;
   =
         }

            .btn{
                display: inline-block;=

                color: #212529;
                text-align: center;
=
                vertical-align: middle;
                -webkit-user-sele=
ct: none;
                -moz-user-select: none;
                -ms-u=
ser-select: none;
                user-select: none;
                ba=
ckground-color: #ebeef2;
                line-height: 1.5;
            =
    border: none;
                -webkit-box-shadow: none;
           =
     box-shadow: none;
                border-radius: 3px;
            =
    padding: 7px 20px;
                -webkit-transition: background .2s=
, color .2s;
                transition: background .2s, color .2s;
   =
             font-size: 14px;
                font-weight: 500;
       =
         text-decoration: none;
            }
            .btn.btn-prim=
ary{

                background: #5191FA;
                color: whi=
te;
            }
            .mt20{
                margin-top: 20px=
;
            }
            .no-padding{
                padding: 0px=
;
            }
            .no-r-padding{
                padding-ri=
ght: 0px!important;
            }
            .fsz21{
               =
 font-size: 21px;
            }
            .no-b-border{
           =
     border-bottom: 0px!important;
            }
            @media scr=
een and (max-width: 768px) {
                .b-panel{
                =
    padding: 15px;
                }
                .b-table tr td,
=
                .b-table tr th{
                    padding-right: 2px;=

                    padding-left: 2px;
                }
           =
     .b-panel-title{
                    font-size: 18px;
             =
       font-weight: bold;
                    margin-bottom: 15px;
    =
            }
                .b-email-wrap{
                    paddin=
g: 0px;
                }

                .b-table .b-tr .label,
 =
               .b-table .b-tr .val{
                    float:none;
   =
             }

                .b-table .b-tr .val{
                =
    text-align: left;
                }
            }
        </style=
>
    </head>
    <body>
        <div class=3D"b-email-wrap">
     =
       <div class=3D"" style=3D"">
    <div class=3D"b-container">
    =
    <div class=3D"b-header">
                        <h1 class=3D"site-ti=
tle">Virtuard</h1>
        </div>
    </div>
</div>

            =
    <div class=3D"b-container">
        <div class=3D"b-panel">
       =
     <h1 style=3D"text-align: center;">Welcome!</h1>
                            <h3>Hello Customer Test</h3>
                            <p>Thank you for signing up with Booking Core! =
We hope you enjoy your time with us.</p>
                            <p>Regards,</p>
                            <p>Booking Core</p>
        </div>
    </di=
v>

            <div class=3D"b-footer" style=3D"margin-top: 0px;">
 =
   <div class=3D"b-container">
       =20
    </div>
</div>        </di=
v>
    </body>
</html>
  
[2023-12-20 16:01:14] production.DEBUG: From: Booking Core <contact@bookingcore.test>
To: contact@bookingcore.test
Subject: New Vendor Registration
MIME-Version: 1.0
Date: Wed, 20 Dec 2023 16:01:14 +0000
Message-ID: <11ff0e10ff0d20e88f067c791a3d8b51@bookingcore.test>
Content-Type: text/html; charset=utf-8
Content-Transfer-Encoding: quoted-printable

<!doctype html>
<html xmlns=3D"http://www.w3.org/1999/xhtml" xmlns:v=3D"u=
rn:schemas-microsoft-com:vml" xmlns:o=3D"urn:schemas-microsoft-com:office:o=
ffice">
    <head>
        <title></title>
        <meta http-equiv=
=3D"X-UA-Compatible" content=3D"IE=3Dedge">
        <!--<![endif]-->
  =
      <meta http-equiv=3D"Content-Type" content=3D"text/html; charset=3DUTF=
-8">
        <meta name=3D"viewport" content=3D"width=3Ddevice-width, ini=
tial-scale=3D1">
        <link rel=3D'stylesheet' id=3D'google-font-css-c=
ss'  href=3D'https://fonts.googleapis.com/css?family=3DPoppins%3A400%2C500%=
2C600' type=3D'text/css' media=3D'all' />
        <style>
            .=
b-email-wrap{
                background: #ebeef2;
                padd=
ing: 40px 0px;
                color: #1A2B48;
                font-siz=
e: 14px;
                font-family: 'Poppins', sans-serif !important;=

                font-weight: normal;
                line-height: 1.5;=

                overflow-x: hidden;
                margin: 0px;
   =
         }
            .b-header{
                background: #000000;=

                padding: 30px;
                color: white;
       =
     }
            .b-header .site-title,
            .b-header h1,
 =
           .b-header h2,
            .b-header h3,
            .b-heade=
r h4,
            .b-header h5,
            .b-header p
            {=

                margin:0px;
                display: block;
        =
        text-align: center;
            }
            .b-container{
 =
               max-width: 600px;
                margin: 0px auto;
    =
        }

            .b-panel{
                border: 1px solid rg=
ba(0, 0, 0, 0.1);
                margin-bottom: 30px;
                =
padding: 30px;
                background: white;
            }
     =
       .b-panel .b-panel{
                padding: 0px;
               =
 box-shadow: none;
            }
            .b-panel-title{
        =
        text-align: center;
                margin-bottom: 30px;
      =
          font-size: 24px;
                font-weight: 500;
          =
  }
            .b-table-wrap{
                overflow-x:auto;
     =
       }
            .b-table{
                width: 100%;
         =
   }
            .b-table tr td,
            .b-table .b-tr,
        =
    .b-table tr th{
                padding: 10px;
            }
    =
        .b-table .b-tr{
                clear: both;
                bo=
rder-bottom: 1px solid #EAEEF3;
            }
            .b-table .b-t=
r:after{
                display: table;
                clear: both;=

                content:'';
            }
            .b-table tr td=
{
                border-bottom: 1px solid #EAEEF3;
            }
   =
         .b-table tbody tr:nth-child(even) td{
                /*backgrou=
nd: #f5f7fd;*/
            }
            .b-table tbody tr td.label,
=
            .b-table .b-tr .label{
                font-weight: 500;
  =
          }
            .b-table tbody tr td.val,
            .b-table =
.b-tr .val{
                text-align: right;
            }

     =
       .b-table tbody tr td.val p,
            .b-table .b-tr .val p{
 =
               padding: 0;
                margin: 0;
            }
=

            .b-table .b-tr .label,
            .b-table .b-tr .val{
=
                float: left;
                width: 50%;
            }=

            .pricing-list{
                text-align: left;
       =
         margin: 0px;
                padding: 0px;
                lis=
t-style: none;
            }
            .pricing-list td{
          =
      padding: 7px 0px;
            }
            .pricing-list td .val=
{
                text-align: right;
            }
            .prici=
ng-list .no-flex{
                display: block;
            }
     =
       .email-headline{
                margin-top: 0px;
            }=


            .text-center{
                text-align: center;
   =
         }

            .btn{
                display: inline-block;=

                color: #212529;
                text-align: center;
=
                vertical-align: middle;
                -webkit-user-sele=
ct: none;
                -moz-user-select: none;
                -ms-u=
ser-select: none;
                user-select: none;
                ba=
ckground-color: #ebeef2;
                line-height: 1.5;
            =
    border: none;
                -webkit-box-shadow: none;
           =
     box-shadow: none;
                border-radius: 3px;
            =
    padding: 7px 20px;
                -webkit-transition: background .2s=
, color .2s;
                transition: background .2s, color .2s;
   =
             font-size: 14px;
                font-weight: 500;
       =
         text-decoration: none;
            }
            .btn.btn-prim=
ary{

                background: #5191FA;
                color: whi=
te;
            }
            .mt20{
                margin-top: 20px=
;
            }
            .no-padding{
                padding: 0px=
;
            }
            .no-r-padding{
                padding-ri=
ght: 0px!important;
            }
            .fsz21{
               =
 font-size: 21px;
            }
            .no-b-border{
           =
     border-bottom: 0px!important;
            }
            @media scr=
een and (max-width: 768px) {
                .b-panel{
                =
    padding: 15px;
                }
                .b-table tr td,
=
                .b-table tr th{
                    padding-right: 2px;=

                    padding-left: 2px;
                }
           =
     .b-panel-title{
                    font-size: 18px;
             =
       font-weight: bold;
                    margin-bottom: 15px;
    =
            }
                .b-email-wrap{
                    paddin=
g: 0px;
                }

                .b-table .b-tr .label,
 =
               .b-table .b-tr .val{
                    float:none;
   =
             }

                .b-table .b-tr .val{
                =
    text-align: left;
                }
            }
        </style=
>
    </head>
    <body>
        <div class=3D"b-email-wrap">
     =
       <div class=3D"" style=3D"">
    <div class=3D"b-container">
    =
    <div class=3D"b-header">
                        <h1 class=3D"site-ti=
tle">Virtuard</h1>
        </div>
    </div>
</div>

            =
<div class=3D"b-container">
    <div class=3D"b-panel">
        <h3>Hel=
lo Administrator</h3>
                            <p>An user has been registered as Vendor. Pleas=
e check the information bellow:</p>
                            <p>Full name: Customer Test</p>
                            <p>Email: customertest@gmail.com</p>
                            <p>Registration date: 2023-12-20 15:04:37</p>
                            <p>You can approved the request here: <a href=
=3D'http://virtuard.test/admin/module/user/userUpgradeRequest'>http://virtu=
ard.test/admin/module/user/userUpgradeRequest</a></p>
                            <p>Regards,</p>
                            <p>Booking Core</p>
    </div>
</div>

=
            <div class=3D"b-footer" style=3D"margin-top: 0px;">
    <div =
class=3D"b-container">
       =20
    </div>
</div>        </div>
   =
 </body>
</html>
  
[2023-12-20 16:57:43] production.ERROR: SQLSTATE[21S01]: Insert value list does not match column list: 1136 Column count doesn't match value count at row 3 (SQL: insert into `core_settings` (`group`, `name`, `val`) values (general, site_locale, en), (general, site_enable_multi_lang, 1), (general, 1)) {"userId":11,"exception":"[object] (Illuminate\\Database\\QueryException(code: 21S01): SQLSTATE[21S01]: Insert value list does not match column list: 1136 Column count doesn't match value count at row 3 (SQL: insert into `core_settings` (`group`, `name`, `val`) values (general, site_locale, en), (general, site_enable_multi_lang, 1), (general, 1)) at C:\\xampp\\htdocs\\virtuard\\vendor\\laravel\\framework\\src\\Illuminate\\Database\\Connection.php:760)
[stacktrace]
#0 C:\\xampp\\htdocs\\virtuard\\vendor\\laravel\\framework\\src\\Illuminate\\Database\\Connection.php(720): Illuminate\\Database\\Connection->runQueryCallback('insert into `co...', Array, Object(Closure))
#1 C:\\xampp\\htdocs\\virtuard\\vendor\\laravel\\framework\\src\\Illuminate\\Database\\Connection.php(546): Illuminate\\Database\\Connection->run('insert into `co...', Array, Object(Closure))
#2 C:\\xampp\\htdocs\\virtuard\\vendor\\laravel\\framework\\src\\Illuminate\\Database\\Connection.php(498): Illuminate\\Database\\Connection->statement('insert into `co...', Array)
#3 C:\\xampp\\htdocs\\virtuard\\vendor\\laravel\\framework\\src\\Illuminate\\Database\\Query\\Builder.php(3274): Illuminate\\Database\\Connection->insert('insert into `co...', Array)
#4 C:\\xampp\\htdocs\\virtuard\\database\\seeders\\Language.php(18): Illuminate\\Database\\Query\\Builder->insert(Array)
#5 C:\\xampp\\htdocs\\virtuard\\vendor\\laravel\\framework\\src\\Illuminate\\Container\\BoundMethod.php(36): Database\\Seeders\\Language->run()
#6 C:\\xampp\\htdocs\\virtuard\\vendor\\laravel\\framework\\src\\Illuminate\\Container\\Util.php(41): Illuminate\\Container\\BoundMethod::Illuminate\\Container\\{closure}()
#7 C:\\xampp\\htdocs\\virtuard\\vendor\\laravel\\framework\\src\\Illuminate\\Container\\BoundMethod.php(93): Illuminate\\Container\\Util::unwrapIfClosure(Object(Closure))
#8 C:\\xampp\\htdocs\\virtuard\\vendor\\laravel\\framework\\src\\Illuminate\\Container\\BoundMethod.php(37): Illuminate\\Container\\BoundMethod::callBoundMethod(Object(Illuminate\\Foundation\\Application), Array, Object(Closure))
#9 C:\\xampp\\htdocs\\virtuard\\vendor\\laravel\\framework\\src\\Illuminate\\Container\\Container.php(661): Illuminate\\Container\\BoundMethod::call(Object(Illuminate\\Foundation\\Application), Array, Array, NULL)
#10 C:\\xampp\\htdocs\\virtuard\\vendor\\laravel\\framework\\src\\Illuminate\\Database\\Seeder.php(184): Illuminate\\Container\\Container->call(Array, Array)
#11 C:\\xampp\\htdocs\\virtuard\\vendor\\laravel\\framework\\src\\Illuminate\\Database\\Seeder.php(193): Illuminate\\Database\\Seeder->Illuminate\\Database\\{closure}()
#12 C:\\xampp\\htdocs\\virtuard\\vendor\\laravel\\framework\\src\\Illuminate\\Database\\Seeder.php(61): Illuminate\\Database\\Seeder->__invoke(Array)
#13 C:\\xampp\\htdocs\\virtuard\\database\\seeders\\DatabaseSeeder.php(25): Illuminate\\Database\\Seeder->call('Database\\\\Seeder...')
#14 C:\\xampp\\htdocs\\virtuard\\vendor\\laravel\\framework\\src\\Illuminate\\Container\\BoundMethod.php(36): Database\\Seeders\\DatabaseSeeder->run()
#15 C:\\xampp\\htdocs\\virtuard\\vendor\\laravel\\framework\\src\\Illuminate\\Container\\Util.php(41): Illuminate\\Container\\BoundMethod::Illuminate\\Container\\{closure}()
#16 C:\\xampp\\htdocs\\virtuard\\vendor\\laravel\\framework\\src\\Illuminate\\Container\\BoundMethod.php(93): Illuminate\\Container\\Util::unwrapIfClosure(Object(Closure))
#17 C:\\xampp\\htdocs\\virtuard\\vendor\\laravel\\framework\\src\\Illuminate\\Container\\BoundMethod.php(37): Illuminate\\Container\\BoundMethod::callBoundMethod(Object(Illuminate\\Foundation\\Application), Array, Object(Closure))
#18 C:\\xampp\\htdocs\\virtuard\\vendor\\laravel\\framework\\src\\Illuminate\\Container\\Container.php(661): Illuminate\\Container\\BoundMethod::call(Object(Illuminate\\Foundation\\Application), Array, Array, NULL)
#19 C:\\xampp\\htdocs\\virtuard\\vendor\\laravel\\framework\\src\\Illuminate\\Database\\Seeder.php(184): Illuminate\\Container\\Container->call(Array, Array)
#20 C:\\xampp\\htdocs\\virtuard\\vendor\\laravel\\framework\\src\\Illuminate\\Database\\Seeder.php(193): Illuminate\\Database\\Seeder->Illuminate\\Database\\{closure}()
#21 C:\\xampp\\htdocs\\virtuard\\vendor\\laravel\\framework\\src\\Illuminate\\Database\\Console\\Seeds\\SeedCommand.php(81): Illuminate\\Database\\Seeder->__invoke()
#22 C:\\xampp\\htdocs\\virtuard\\vendor\\laravel\\framework\\src\\Illuminate\\Database\\Eloquent\\Concerns\\GuardsAttributes.php(155): Illuminate\\Database\\Console\\Seeds\\SeedCommand->Illuminate\\Database\\Console\\Seeds\\{closure}()
#23 C:\\xampp\\htdocs\\virtuard\\vendor\\laravel\\framework\\src\\Illuminate\\Database\\Console\\Seeds\\SeedCommand.php(82): Illuminate\\Database\\Eloquent\\Model::unguarded(Object(Closure))
#24 C:\\xampp\\htdocs\\virtuard\\vendor\\laravel\\framework\\src\\Illuminate\\Container\\BoundMethod.php(36): Illuminate\\Database\\Console\\Seeds\\SeedCommand->handle()
#25 C:\\xampp\\htdocs\\virtuard\\vendor\\laravel\\framework\\src\\Illuminate\\Container\\Util.php(41): Illuminate\\Container\\BoundMethod::Illuminate\\Container\\{closure}()
#26 C:\\xampp\\htdocs\\virtuard\\vendor\\laravel\\framework\\src\\Illuminate\\Container\\BoundMethod.php(93): Illuminate\\Container\\Util::unwrapIfClosure(Object(Closure))
#27 C:\\xampp\\htdocs\\virtuard\\vendor\\laravel\\framework\\src\\Illuminate\\Container\\BoundMethod.php(37): Illuminate\\Container\\BoundMethod::callBoundMethod(Object(Illuminate\\Foundation\\Application), Array, Object(Closure))
#28 C:\\xampp\\htdocs\\virtuard\\vendor\\laravel\\framework\\src\\Illuminate\\Container\\Container.php(661): Illuminate\\Container\\BoundMethod::call(Object(Illuminate\\Foundation\\Application), Array, Array, NULL)
#29 C:\\xampp\\htdocs\\virtuard\\vendor\\laravel\\framework\\src\\Illuminate\\Console\\Command.php(183): Illuminate\\Container\\Container->call(Array)
#30 C:\\xampp\\htdocs\\virtuard\\vendor\\symfony\\console\\Command\\Command.php(326): Illuminate\\Console\\Command->execute(Object(Symfony\\Component\\Console\\Input\\ArrayInput), Object(Illuminate\\Console\\OutputStyle))
#31 C:\\xampp\\htdocs\\virtuard\\vendor\\laravel\\framework\\src\\Illuminate\\Console\\Command.php(153): Symfony\\Component\\Console\\Command\\Command->run(Object(Symfony\\Component\\Console\\Input\\ArrayInput), Object(Illuminate\\Console\\OutputStyle))
#32 C:\\xampp\\htdocs\\virtuard\\vendor\\symfony\\console\\Application.php(1078): Illuminate\\Console\\Command->run(Object(Symfony\\Component\\Console\\Input\\ArrayInput), Object(Symfony\\Component\\Console\\Output\\BufferedOutput))
#33 C:\\xampp\\htdocs\\virtuard\\vendor\\symfony\\console\\Application.php(324): Symfony\\Component\\Console\\Application->doRunCommand(Object(Illuminate\\Database\\Console\\Seeds\\SeedCommand), Object(Symfony\\Component\\Console\\Input\\ArrayInput), Object(Symfony\\Component\\Console\\Output\\BufferedOutput))
#34 C:\\xampp\\htdocs\\virtuard\\vendor\\symfony\\console\\Application.php(175): Symfony\\Component\\Console\\Application->doRun(Object(Symfony\\Component\\Console\\Input\\ArrayInput), Object(Symfony\\Component\\Console\\Output\\BufferedOutput))
#35 C:\\xampp\\htdocs\\virtuard\\vendor\\laravel\\framework\\src\\Illuminate\\Console\\Application.php(102): Symfony\\Component\\Console\\Application->run(Object(Symfony\\Component\\Console\\Input\\ArrayInput), Object(Symfony\\Component\\Console\\Output\\BufferedOutput))
#36 C:\\xampp\\htdocs\\virtuard\\vendor\\laravel\\framework\\src\\Illuminate\\Console\\Application.php(194): Illuminate\\Console\\Application->run(Object(Symfony\\Component\\Console\\Input\\ArrayInput), Object(Symfony\\Component\\Console\\Output\\BufferedOutput))
#37 C:\\xampp\\htdocs\\virtuard\\vendor\\laravel\\framework\\src\\Illuminate\\Foundation\\Console\\Kernel.php(336): Illuminate\\Console\\Application->call('db:seed', Array, NULL)
#38 C:\\xampp\\htdocs\\virtuard\\vendor\\laravel\\framework\\src\\Illuminate\\Support\\Facades\\Facade.php(338): Illuminate\\Foundation\\Console\\Kernel->call('db:seed', Array)
#39 C:\\xampp\\htdocs\\virtuard\\modules\\Theme\\Abstracts\\AbstractThemeProvider.php(67): Illuminate\\Support\\Facades\\Facade::__callStatic('call', Array)
#40 C:\\xampp\\htdocs\\virtuard\\modules\\Theme\\Admin\\ThemeController.php(74): Modules\\Theme\\Abstracts\\AbstractThemeProvider::runSeeder()
#41 C:\\xampp\\htdocs\\virtuard\\vendor\\laravel\\framework\\src\\Illuminate\\Routing\\Controller.php(54): Modules\\Theme\\Admin\\ThemeController->seeding('BC')
#42 C:\\xampp\\htdocs\\virtuard\\vendor\\laravel\\framework\\src\\Illuminate\\Routing\\ControllerDispatcher.php(43): Illuminate\\Routing\\Controller->callAction('seeding', Array)
#43 C:\\xampp\\htdocs\\virtuard\\vendor\\laravel\\framework\\src\\Illuminate\\Routing\\Route.php(260): Illuminate\\Routing\\ControllerDispatcher->dispatch(Object(Illuminate\\Routing\\Route), Object(Modules\\Theme\\Admin\\ThemeController), 'seeding')
#44 C:\\xampp\\htdocs\\virtuard\\vendor\\laravel\\framework\\src\\Illuminate\\Routing\\Route.php(205): Illuminate\\Routing\\Route->runController()
#45 C:\\xampp\\htdocs\\virtuard\\vendor\\laravel\\framework\\src\\Illuminate\\Routing\\Router.php(798): Illuminate\\Routing\\Route->run()
#46 C:\\xampp\\htdocs\\virtuard\\vendor\\laravel\\framework\\src\\Illuminate\\Pipeline\\Pipeline.php(141): Illuminate\\Routing\\Router->Illuminate\\Routing\\{closure}(Object(Illuminate\\Http\\Request))
#47 C:\\xampp\\htdocs\\virtuard\\app\\Http\\Middleware\\Dashboard.php(25): Illuminate\\Pipeline\\Pipeline->Illuminate\\Pipeline\\{closure}(Object(Illuminate\\Http\\Request))
#48 C:\\xampp\\htdocs\\virtuard\\vendor\\laravel\\framework\\src\\Illuminate\\Pipeline\\Pipeline.php(180): App\\Http\\Middleware\\Dashboard->handle(Object(Illuminate\\Http\\Request), Object(Closure))
#49 C:\\xampp\\htdocs\\virtuard\\app\\Http\\Middleware\\RequireChangePassword.php(41): Illuminate\\Pipeline\\Pipeline->Illuminate\\Pipeline\\{closure}(Object(Illuminate\\Http\\Request))
#50 C:\\xampp\\htdocs\\virtuard\\vendor\\laravel\\framework\\src\\Illuminate\\Pipeline\\Pipeline.php(180): App\\Http\\Middleware\\RequireChangePassword->handle(Object(Illuminate\\Http\\Request), Object(Closure))
#51 C:\\xampp\\htdocs\\virtuard\\app\\Http\\Middleware\\SetLanguageForAdmin.php(37): Illuminate\\Pipeline\\Pipeline->Illuminate\\Pipeline\\{closure}(Object(Illuminate\\Http\\Request))
#52 C:\\xampp\\htdocs\\virtuard\\vendor\\laravel\\framework\\src\\Illuminate\\Pipeline\\Pipeline.php(180): App\\Http\\Middleware\\SetLanguageForAdmin->handle(Object(Illuminate\\Http\\Request), Object(Closure))
#53 C:\\xampp\\htdocs\\virtuard\\app\\Http\\Middleware\\SetCurrentCurrency.php(48): Illuminate\\Pipeline\\Pipeline->Illuminate\\Pipeline\\{closure}(Object(Illuminate\\Http\\Request))
#54 C:\\xampp\\htdocs\\virtuard\\vendor\\laravel\\framework\\src\\Illuminate\\Pipeline\\Pipeline.php(180): App\\Http\\Middleware\\SetCurrentCurrency->handle(Object(Illuminate\\Http\\Request), Object(Closure))
#55 C:\\xampp\\htdocs\\virtuard\\app\\Http\\Middleware\\HideDebugbar.php(32): Illuminate\\Pipeline\\Pipeline->Illuminate\\Pipeline\\{closure}(Object(Illuminate\\Http\\Request))
#56 C:\\xampp\\htdocs\\virtuard\\vendor\\laravel\\framework\\src\\Illuminate\\Pipeline\\Pipeline.php(180): App\\Http\\Middleware\\HideDebugbar->handle(Object(Illuminate\\Http\\Request), Object(Closure))
#57 C:\\xampp\\htdocs\\virtuard\\app\\Http\\Middleware\\RedirectForMultiLanguage.php(58): Illuminate\\Pipeline\\Pipeline->Illuminate\\Pipeline\\{closure}(Object(Illuminate\\Http\\Request))
#58 C:\\xampp\\htdocs\\virtuard\\vendor\\laravel\\framework\\src\\Illuminate\\Pipeline\\Pipeline.php(180): App\\Http\\Middleware\\RedirectForMultiLanguage->handle(Object(Illuminate\\Http\\Request), Object(Closure))
#59 C:\\xampp\\htdocs\\virtuard\\vendor\\laravel\\framework\\src\\Illuminate\\Routing\\Middleware\\SubstituteBindings.php(50): Illuminate\\Pipeline\\Pipeline->Illuminate\\Pipeline\\{closure}(Object(Illuminate\\Http\\Request))
#60 C:\\xampp\\htdocs\\virtuard\\vendor\\laravel\\framework\\src\\Illuminate\\Pipeline\\Pipeline.php(180): Illuminate\\Routing\\Middleware\\SubstituteBindings->handle(Object(Illuminate\\Http\\Request), Object(Closure))
#61 C:\\xampp\\htdocs\\virtuard\\vendor\\laravel\\framework\\src\\Illuminate\\View\\Middleware\\ShareErrorsFromSession.php(49): Illuminate\\Pipeline\\Pipeline->Illuminate\\Pipeline\\{closure}(Object(Illuminate\\Http\\Request))
#62 C:\\xampp\\htdocs\\virtuard\\vendor\\laravel\\framework\\src\\Illuminate\\Pipeline\\Pipeline.php(180): Illuminate\\View\\Middleware\\ShareErrorsFromSession->handle(Object(Illuminate\\Http\\Request), Object(Closure))
#63 C:\\xampp\\htdocs\\virtuard\\vendor\\laravel\\framework\\src\\Illuminate\\Session\\Middleware\\StartSession.php(121): Illuminate\\Pipeline\\Pipeline->Illuminate\\Pipeline\\{closure}(Object(Illuminate\\Http\\Request))
#64 C:\\xampp\\htdocs\\virtuard\\vendor\\laravel\\framework\\src\\Illuminate\\Session\\Middleware\\StartSession.php(64): Illuminate\\Session\\Middleware\\StartSession->handleStatefulRequest(Object(Illuminate\\Http\\Request), Object(Illuminate\\Session\\Store), Object(Closure))
#65 C:\\xampp\\htdocs\\virtuard\\vendor\\laravel\\framework\\src\\Illuminate\\Pipeline\\Pipeline.php(180): Illuminate\\Session\\Middleware\\StartSession->handle(Object(Illuminate\\Http\\Request), Object(Closure))
#66 C:\\xampp\\htdocs\\virtuard\\vendor\\laravel\\framework\\src\\Illuminate\\Cookie\\Middleware\\AddQueuedCookiesToResponse.php(37): Illuminate\\Pipeline\\Pipeline->Illuminate\\Pipeline\\{closure}(Object(Illuminate\\Http\\Request))
#67 C:\\xampp\\htdocs\\virtuard\\vendor\\laravel\\framework\\src\\Illuminate\\Pipeline\\Pipeline.php(180): Illuminate\\Cookie\\Middleware\\AddQueuedCookiesToResponse->handle(Object(Illuminate\\Http\\Request), Object(Closure))
#68 C:\\xampp\\htdocs\\virtuard\\vendor\\laravel\\framework\\src\\Illuminate\\Cookie\\Middleware\\EncryptCookies.php(67): Illuminate\\Pipeline\\Pipeline->Illuminate\\Pipeline\\{closure}(Object(Illuminate\\Http\\Request))
#69 C:\\xampp\\htdocs\\virtuard\\vendor\\laravel\\framework\\src\\Illuminate\\Pipeline\\Pipeline.php(180): Illuminate\\Cookie\\Middleware\\EncryptCookies->handle(Object(Illuminate\\Http\\Request), Object(Closure))
#70 C:\\xampp\\htdocs\\virtuard\\vendor\\laravel\\framework\\src\\Illuminate\\Pipeline\\Pipeline.php(116): Illuminate\\Pipeline\\Pipeline->Illuminate\\Pipeline\\{closure}(Object(Illuminate\\Http\\Request))
#71 C:\\xampp\\htdocs\\virtuard\\vendor\\laravel\\framework\\src\\Illuminate\\Routing\\Router.php(799): Illuminate\\Pipeline\\Pipeline->then(Object(Closure))
#72 C:\\xampp\\htdocs\\virtuard\\vendor\\laravel\\framework\\src\\Illuminate\\Routing\\Router.php(776): Illuminate\\Routing\\Router->runRouteWithinStack(Object(Illuminate\\Routing\\Route), Object(Illuminate\\Http\\Request))
#73 C:\\xampp\\htdocs\\virtuard\\vendor\\laravel\\framework\\src\\Illuminate\\Routing\\Router.php(740): Illuminate\\Routing\\Router->runRoute(Object(Illuminate\\Http\\Request), Object(Illuminate\\Routing\\Route))
#74 C:\\xampp\\htdocs\\virtuard\\vendor\\laravel\\framework\\src\\Illuminate\\Routing\\Router.php(729): Illuminate\\Routing\\Router->dispatchToRoute(Object(Illuminate\\Http\\Request))
#75 C:\\xampp\\htdocs\\virtuard\\vendor\\laravel\\framework\\src\\Illuminate\\Foundation\\Http\\Kernel.php(190): Illuminate\\Routing\\Router->dispatch(Object(Illuminate\\Http\\Request))
#76 C:\\xampp\\htdocs\\virtuard\\vendor\\laravel\\framework\\src\\Illuminate\\Pipeline\\Pipeline.php(141): Illuminate\\Foundation\\Http\\Kernel->Illuminate\\Foundation\\Http\\{closure}(Object(Illuminate\\Http\\Request))
#77 C:\\xampp\\htdocs\\virtuard\\themes\\Base\\Core\\Middleware\\RunUpdater.php(72): Illuminate\\Pipeline\\Pipeline->Illuminate\\Pipeline\\{closure}(Object(Illuminate\\Http\\Request))
#78 C:\\xampp\\htdocs\\virtuard\\vendor\\laravel\\framework\\src\\Illuminate\\Pipeline\\Pipeline.php(180): Themes\\Base\\Core\\Middleware\\RunUpdater->handle(Object(Illuminate\\Http\\Request), Object(Closure))
#79 C:\\xampp\\htdocs\\virtuard\\vendor\\barryvdh\\laravel-debugbar\\src\\Middleware\\InjectDebugbar.php(66): Illuminate\\Pipeline\\Pipeline->Illuminate\\Pipeline\\{closure}(Object(Illuminate\\Http\\Request))
#80 C:\\xampp\\htdocs\\virtuard\\vendor\\laravel\\framework\\src\\Illuminate\\Pipeline\\Pipeline.php(180): Barryvdh\\Debugbar\\Middleware\\InjectDebugbar->handle(Object(Illuminate\\Http\\Request), Object(Closure))
#81 C:\\xampp\\htdocs\\virtuard\\vendor\\laravel\\framework\\src\\Illuminate\\Foundation\\Http\\Middleware\\TransformsRequest.php(21): Illuminate\\Pipeline\\Pipeline->Illuminate\\Pipeline\\{closure}(Object(Illuminate\\Http\\Request))
#82 C:\\xampp\\htdocs\\virtuard\\vendor\\laravel\\framework\\src\\Illuminate\\Foundation\\Http\\Middleware\\ConvertEmptyStringsToNull.php(31): Illuminate\\Foundation\\Http\\Middleware\\TransformsRequest->handle(Object(Illuminate\\Http\\Request), Object(Closure))
#83 C:\\xampp\\htdocs\\virtuard\\vendor\\laravel\\framework\\src\\Illuminate\\Pipeline\\Pipeline.php(180): Illuminate\\Foundation\\Http\\Middleware\\ConvertEmptyStringsToNull->handle(Object(Illuminate\\Http\\Request), Object(Closure))
#84 C:\\xampp\\htdocs\\virtuard\\vendor\\laravel\\framework\\src\\Illuminate\\Foundation\\Http\\Middleware\\TransformsRequest.php(21): Illuminate\\Pipeline\\Pipeline->Illuminate\\Pipeline\\{closure}(Object(Illuminate\\Http\\Request))
#85 C:\\xampp\\htdocs\\virtuard\\vendor\\laravel\\framework\\src\\Illuminate\\Foundation\\Http\\Middleware\\TrimStrings.php(40): Illuminate\\Foundation\\Http\\Middleware\\TransformsRequest->handle(Object(Illuminate\\Http\\Request), Object(Closure))
#86 C:\\xampp\\htdocs\\virtuard\\vendor\\laravel\\framework\\src\\Illuminate\\Pipeline\\Pipeline.php(180): Illuminate\\Foundation\\Http\\Middleware\\TrimStrings->handle(Object(Illuminate\\Http\\Request), Object(Closure))
#87 C:\\xampp\\htdocs\\virtuard\\vendor\\laravel\\framework\\src\\Illuminate\\Foundation\\Http\\Middleware\\ValidatePostSize.php(27): Illuminate\\Pipeline\\Pipeline->Illuminate\\Pipeline\\{closure}(Object(Illuminate\\Http\\Request))
#88 C:\\xampp\\htdocs\\virtuard\\vendor\\laravel\\framework\\src\\Illuminate\\Pipeline\\Pipeline.php(180): Illuminate\\Foundation\\Http\\Middleware\\ValidatePostSize->handle(Object(Illuminate\\Http\\Request), Object(Closure))
#89 C:\\xampp\\htdocs\\virtuard\\vendor\\laravel\\framework\\src\\Illuminate\\Foundation\\Http\\Middleware\\PreventRequestsDuringMaintenance.php(86): Illuminate\\Pipeline\\Pipeline->Illuminate\\Pipeline\\{closure}(Object(Illuminate\\Http\\Request))
#90 C:\\xampp\\htdocs\\virtuard\\vendor\\laravel\\framework\\src\\Illuminate\\Pipeline\\Pipeline.php(180): Illuminate\\Foundation\\Http\\Middleware\\PreventRequestsDuringMaintenance->handle(Object(Illuminate\\Http\\Request), Object(Closure))
#91 C:\\xampp\\htdocs\\virtuard\\vendor\\laravel\\framework\\src\\Illuminate\\Http\\Middleware\\HandleCors.php(49): Illuminate\\Pipeline\\Pipeline->Illuminate\\Pipeline\\{closure}(Object(Illuminate\\Http\\Request))
#92 C:\\xampp\\htdocs\\virtuard\\vendor\\laravel\\framework\\src\\Illuminate\\Pipeline\\Pipeline.php(180): Illuminate\\Http\\Middleware\\HandleCors->handle(Object(Illuminate\\Http\\Request), Object(Closure))
#93 C:\\xampp\\htdocs\\virtuard\\app\\Http\\Middleware\\RedirectToInstaller.php(40): Illuminate\\Pipeline\\Pipeline->Illuminate\\Pipeline\\{closure}(Object(Illuminate\\Http\\Request))
#94 C:\\xampp\\htdocs\\virtuard\\vendor\\laravel\\framework\\src\\Illuminate\\Pipeline\\Pipeline.php(180): App\\Http\\Middleware\\RedirectToInstaller->handle(Object(Illuminate\\Http\\Request), Object(Closure))
#95 C:\\xampp\\htdocs\\virtuard\\vendor\\laravel\\framework\\src\\Illuminate\\Http\\Middleware\\TrustProxies.php(39): Illuminate\\Pipeline\\Pipeline->Illuminate\\Pipeline\\{closure}(Object(Illuminate\\Http\\Request))
#96 C:\\xampp\\htdocs\\virtuard\\vendor\\laravel\\framework\\src\\Illuminate\\Pipeline\\Pipeline.php(180): Illuminate\\Http\\Middleware\\TrustProxies->handle(Object(Illuminate\\Http\\Request), Object(Closure))
#97 C:\\xampp\\htdocs\\virtuard\\vendor\\laravel\\framework\\src\\Illuminate\\Pipeline\\Pipeline.php(116): Illuminate\\Pipeline\\Pipeline->Illuminate\\Pipeline\\{closure}(Object(Illuminate\\Http\\Request))
#98 C:\\xampp\\htdocs\\virtuard\\vendor\\laravel\\framework\\src\\Illuminate\\Foundation\\Http\\Kernel.php(165): Illuminate\\Pipeline\\Pipeline->then(Object(Closure))
#99 C:\\xampp\\htdocs\\virtuard\\vendor\\laravel\\framework\\src\\Illuminate\\Foundation\\Http\\Kernel.php(134): Illuminate\\Foundation\\Http\\Kernel->sendRequestThroughRouter(Object(Illuminate\\Http\\Request))
#100 C:\\xampp\\htdocs\\virtuard\\public\\index.php(72): Illuminate\\Foundation\\Http\\Kernel->handle(Object(Illuminate\\Http\\Request))
#101 {main}

[previous exception] [object] (PDOException(code: 21S01): SQLSTATE[21S01]: Insert value list does not match column list: 1136 Column count doesn't match value count at row 3 at C:\\xampp\\htdocs\\virtuard\\vendor\\laravel\\framework\\src\\Illuminate\\Database\\Connection.php:539)
[stacktrace]
#0 C:\\xampp\\htdocs\\virtuard\\vendor\\laravel\\framework\\src\\Illuminate\\Database\\Connection.php(539): PDO->prepare('insert into `co...')
#1 C:\\xampp\\htdocs\\virtuard\\vendor\\laravel\\framework\\src\\Illuminate\\Database\\Connection.php(753): Illuminate\\Database\\Connection->Illuminate\\Database\\{closure}('insert into `co...', Array)
#2 C:\\xampp\\htdocs\\virtuard\\vendor\\laravel\\framework\\src\\Illuminate\\Database\\Connection.php(720): Illuminate\\Database\\Connection->runQueryCallback('insert into `co...', Array, Object(Closure))
#3 C:\\xampp\\htdocs\\virtuard\\vendor\\laravel\\framework\\src\\Illuminate\\Database\\Connection.php(546): Illuminate\\Database\\Connection->run('insert into `co...', Array, Object(Closure))
#4 C:\\xampp\\htdocs\\virtuard\\vendor\\laravel\\framework\\src\\Illuminate\\Database\\Connection.php(498): Illuminate\\Database\\Connection->statement('insert into `co...', Array)
#5 C:\\xampp\\htdocs\\virtuard\\vendor\\laravel\\framework\\src\\Illuminate\\Database\\Query\\Builder.php(3274): Illuminate\\Database\\Connection->insert('insert into `co...', Array)
#6 C:\\xampp\\htdocs\\virtuard\\database\\seeders\\Language.php(18): Illuminate\\Database\\Query\\Builder->insert(Array)
#7 C:\\xampp\\htdocs\\virtuard\\vendor\\laravel\\framework\\src\\Illuminate\\Container\\BoundMethod.php(36): Database\\Seeders\\Language->run()
#8 C:\\xampp\\htdocs\\virtuard\\vendor\\laravel\\framework\\src\\Illuminate\\Container\\Util.php(41): Illuminate\\Container\\BoundMethod::Illuminate\\Container\\{closure}()
#9 C:\\xampp\\htdocs\\virtuard\\vendor\\laravel\\framework\\src\\Illuminate\\Container\\BoundMethod.php(93): Illuminate\\Container\\Util::unwrapIfClosure(Object(Closure))
#10 C:\\xampp\\htdocs\\virtuard\\vendor\\laravel\\framework\\src\\Illuminate\\Container\\BoundMethod.php(37): Illuminate\\Container\\BoundMethod::callBoundMethod(Object(Illuminate\\Foundation\\Application), Array, Object(Closure))
#11 C:\\xampp\\htdocs\\virtuard\\vendor\\laravel\\framework\\src\\Illuminate\\Container\\Container.php(661): Illuminate\\Container\\BoundMethod::call(Object(Illuminate\\Foundation\\Application), Array, Array, NULL)
#12 C:\\xampp\\htdocs\\virtuard\\vendor\\laravel\\framework\\src\\Illuminate\\Database\\Seeder.php(184): Illuminate\\Container\\Container->call(Array, Array)
#13 C:\\xampp\\htdocs\\virtuard\\vendor\\laravel\\framework\\src\\Illuminate\\Database\\Seeder.php(193): Illuminate\\Database\\Seeder->Illuminate\\Database\\{closure}()
#14 C:\\xampp\\htdocs\\virtuard\\vendor\\laravel\\framework\\src\\Illuminate\\Database\\Seeder.php(61): Illuminate\\Database\\Seeder->__invoke(Array)
#15 C:\\xampp\\htdocs\\virtuard\\database\\seeders\\DatabaseSeeder.php(25): Illuminate\\Database\\Seeder->call('Database\\\\Seeder...')
#16 C:\\xampp\\htdocs\\virtuard\\vendor\\laravel\\framework\\src\\Illuminate\\Container\\BoundMethod.php(36): Database\\Seeders\\DatabaseSeeder->run()
#17 C:\\xampp\\htdocs\\virtuard\\vendor\\laravel\\framework\\src\\Illuminate\\Container\\Util.php(41): Illuminate\\Container\\BoundMethod::Illuminate\\Container\\{closure}()
#18 C:\\xampp\\htdocs\\virtuard\\vendor\\laravel\\framework\\src\\Illuminate\\Container\\BoundMethod.php(93): Illuminate\\Container\\Util::unwrapIfClosure(Object(Closure))
#19 C:\\xampp\\htdocs\\virtuard\\vendor\\laravel\\framework\\src\\Illuminate\\Container\\BoundMethod.php(37): Illuminate\\Container\\BoundMethod::callBoundMethod(Object(Illuminate\\Foundation\\Application), Array, Object(Closure))
#20 C:\\xampp\\htdocs\\virtuard\\vendor\\laravel\\framework\\src\\Illuminate\\Container\\Container.php(661): Illuminate\\Container\\BoundMethod::call(Object(Illuminate\\Foundation\\Application), Array, Array, NULL)
#21 C:\\xampp\\htdocs\\virtuard\\vendor\\laravel\\framework\\src\\Illuminate\\Database\\Seeder.php(184): Illuminate\\Container\\Container->call(Array, Array)
#22 C:\\xampp\\htdocs\\virtuard\\vendor\\laravel\\framework\\src\\Illuminate\\Database\\Seeder.php(193): Illuminate\\Database\\Seeder->Illuminate\\Database\\{closure}()
#23 C:\\xampp\\htdocs\\virtuard\\vendor\\laravel\\framework\\src\\Illuminate\\Database\\Console\\Seeds\\SeedCommand.php(81): Illuminate\\Database\\Seeder->__invoke()
#24 C:\\xampp\\htdocs\\virtuard\\vendor\\laravel\\framework\\src\\Illuminate\\Database\\Eloquent\\Concerns\\GuardsAttributes.php(155): Illuminate\\Database\\Console\\Seeds\\SeedCommand->Illuminate\\Database\\Console\\Seeds\\{closure}()
#25 C:\\xampp\\htdocs\\virtuard\\vendor\\laravel\\framework\\src\\Illuminate\\Database\\Console\\Seeds\\SeedCommand.php(82): Illuminate\\Database\\Eloquent\\Model::unguarded(Object(Closure))
#26 C:\\xampp\\htdocs\\virtuard\\vendor\\laravel\\framework\\src\\Illuminate\\Container\\BoundMethod.php(36): Illuminate\\Database\\Console\\Seeds\\SeedCommand->handle()
#27 C:\\xampp\\htdocs\\virtuard\\vendor\\laravel\\framework\\src\\Illuminate\\Container\\Util.php(41): Illuminate\\Container\\BoundMethod::Illuminate\\Container\\{closure}()
#28 C:\\xampp\\htdocs\\virtuard\\vendor\\laravel\\framework\\src\\Illuminate\\Container\\BoundMethod.php(93): Illuminate\\Container\\Util::unwrapIfClosure(Object(Closure))
#29 C:\\xampp\\htdocs\\virtuard\\vendor\\laravel\\framework\\src\\Illuminate\\Container\\BoundMethod.php(37): Illuminate\\Container\\BoundMethod::callBoundMethod(Object(Illuminate\\Foundation\\Application), Array, Object(Closure))
#30 C:\\xampp\\htdocs\\virtuard\\vendor\\laravel\\framework\\src\\Illuminate\\Container\\Container.php(661): Illuminate\\Container\\BoundMethod::call(Object(Illuminate\\Foundation\\Application), Array, Array, NULL)
#31 C:\\xampp\\htdocs\\virtuard\\vendor\\laravel\\framework\\src\\Illuminate\\Console\\Command.php(183): Illuminate\\Container\\Container->call(Array)
#32 C:\\xampp\\htdocs\\virtuard\\vendor\\symfony\\console\\Command\\Command.php(326): Illuminate\\Console\\Command->execute(Object(Symfony\\Component\\Console\\Input\\ArrayInput), Object(Illuminate\\Console\\OutputStyle))
#33 C:\\xampp\\htdocs\\virtuard\\vendor\\laravel\\framework\\src\\Illuminate\\Console\\Command.php(153): Symfony\\Component\\Console\\Command\\Command->run(Object(Symfony\\Component\\Console\\Input\\ArrayInput), Object(Illuminate\\Console\\OutputStyle))
#34 C:\\xampp\\htdocs\\virtuard\\vendor\\symfony\\console\\Application.php(1078): Illuminate\\Console\\Command->run(Object(Symfony\\Component\\Console\\Input\\ArrayInput), Object(Symfony\\Component\\Console\\Output\\BufferedOutput))
#35 C:\\xampp\\htdocs\\virtuard\\vendor\\symfony\\console\\Application.php(324): Symfony\\Component\\Console\\Application->doRunCommand(Object(Illuminate\\Database\\Console\\Seeds\\SeedCommand), Object(Symfony\\Component\\Console\\Input\\ArrayInput), Object(Symfony\\Component\\Console\\Output\\BufferedOutput))
#36 C:\\xampp\\htdocs\\virtuard\\vendor\\symfony\\console\\Application.php(175): Symfony\\Component\\Console\\Application->doRun(Object(Symfony\\Component\\Console\\Input\\ArrayInput), Object(Symfony\\Component\\Console\\Output\\BufferedOutput))
#37 C:\\xampp\\htdocs\\virtuard\\vendor\\laravel\\framework\\src\\Illuminate\\Console\\Application.php(102): Symfony\\Component\\Console\\Application->run(Object(Symfony\\Component\\Console\\Input\\ArrayInput), Object(Symfony\\Component\\Console\\Output\\BufferedOutput))
#38 C:\\xampp\\htdocs\\virtuard\\vendor\\laravel\\framework\\src\\Illuminate\\Console\\Application.php(194): Illuminate\\Console\\Application->run(Object(Symfony\\Component\\Console\\Input\\ArrayInput), Object(Symfony\\Component\\Console\\Output\\BufferedOutput))
#39 C:\\xampp\\htdocs\\virtuard\\vendor\\laravel\\framework\\src\\Illuminate\\Foundation\\Console\\Kernel.php(336): Illuminate\\Console\\Application->call('db:seed', Array, NULL)
#40 C:\\xampp\\htdocs\\virtuard\\vendor\\laravel\\framework\\src\\Illuminate\\Support\\Facades\\Facade.php(338): Illuminate\\Foundation\\Console\\Kernel->call('db:seed', Array)
#41 C:\\xampp\\htdocs\\virtuard\\modules\\Theme\\Abstracts\\AbstractThemeProvider.php(67): Illuminate\\Support\\Facades\\Facade::__callStatic('call', Array)
#42 C:\\xampp\\htdocs\\virtuard\\modules\\Theme\\Admin\\ThemeController.php(74): Modules\\Theme\\Abstracts\\AbstractThemeProvider::runSeeder()
#43 C:\\xampp\\htdocs\\virtuard\\vendor\\laravel\\framework\\src\\Illuminate\\Routing\\Controller.php(54): Modules\\Theme\\Admin\\ThemeController->seeding('BC')
#44 C:\\xampp\\htdocs\\virtuard\\vendor\\laravel\\framework\\src\\Illuminate\\Routing\\ControllerDispatcher.php(43): Illuminate\\Routing\\Controller->callAction('seeding', Array)
#45 C:\\xampp\\htdocs\\virtuard\\vendor\\laravel\\framework\\src\\Illuminate\\Routing\\Route.php(260): Illuminate\\Routing\\ControllerDispatcher->dispatch(Object(Illuminate\\Routing\\Route), Object(Modules\\Theme\\Admin\\ThemeController), 'seeding')
#46 C:\\xampp\\htdocs\\virtuard\\vendor\\laravel\\framework\\src\\Illuminate\\Routing\\Route.php(205): Illuminate\\Routing\\Route->runController()
#47 C:\\xampp\\htdocs\\virtuard\\vendor\\laravel\\framework\\src\\Illuminate\\Routing\\Router.php(798): Illuminate\\Routing\\Route->run()
#48 C:\\xampp\\htdocs\\virtuard\\vendor\\laravel\\framework\\src\\Illuminate\\Pipeline\\Pipeline.php(141): Illuminate\\Routing\\Router->Illuminate\\Routing\\{closure}(Object(Illuminate\\Http\\Request))
#49 C:\\xampp\\htdocs\\virtuard\\app\\Http\\Middleware\\Dashboard.php(25): Illuminate\\Pipeline\\Pipeline->Illuminate\\Pipeline\\{closure}(Object(Illuminate\\Http\\Request))
#50 C:\\xampp\\htdocs\\virtuard\\vendor\\laravel\\framework\\src\\Illuminate\\Pipeline\\Pipeline.php(180): App\\Http\\Middleware\\Dashboard->handle(Object(Illuminate\\Http\\Request), Object(Closure))
#51 C:\\xampp\\htdocs\\virtuard\\app\\Http\\Middleware\\RequireChangePassword.php(41): Illuminate\\Pipeline\\Pipeline->Illuminate\\Pipeline\\{closure}(Object(Illuminate\\Http\\Request))
#52 C:\\xampp\\htdocs\\virtuard\\vendor\\laravel\\framework\\src\\Illuminate\\Pipeline\\Pipeline.php(180): App\\Http\\Middleware\\RequireChangePassword->handle(Object(Illuminate\\Http\\Request), Object(Closure))
#53 C:\\xampp\\htdocs\\virtuard\\app\\Http\\Middleware\\SetLanguageForAdmin.php(37): Illuminate\\Pipeline\\Pipeline->Illuminate\\Pipeline\\{closure}(Object(Illuminate\\Http\\Request))
#54 C:\\xampp\\htdocs\\virtuard\\vendor\\laravel\\framework\\src\\Illuminate\\Pipeline\\Pipeline.php(180): App\\Http\\Middleware\\SetLanguageForAdmin->handle(Object(Illuminate\\Http\\Request), Object(Closure))
#55 C:\\xampp\\htdocs\\virtuard\\app\\Http\\Middleware\\SetCurrentCurrency.php(48): Illuminate\\Pipeline\\Pipeline->Illuminate\\Pipeline\\{closure}(Object(Illuminate\\Http\\Request))
#56 C:\\xampp\\htdocs\\virtuard\\vendor\\laravel\\framework\\src\\Illuminate\\Pipeline\\Pipeline.php(180): App\\Http\\Middleware\\SetCurrentCurrency->handle(Object(Illuminate\\Http\\Request), Object(Closure))
#57 C:\\xampp\\htdocs\\virtuard\\app\\Http\\Middleware\\HideDebugbar.php(32): Illuminate\\Pipeline\\Pipeline->Illuminate\\Pipeline\\{closure}(Object(Illuminate\\Http\\Request))
#58 C:\\xampp\\htdocs\\virtuard\\vendor\\laravel\\framework\\src\\Illuminate\\Pipeline\\Pipeline.php(180): App\\Http\\Middleware\\HideDebugbar->handle(Object(Illuminate\\Http\\Request), Object(Closure))
#59 C:\\xampp\\htdocs\\virtuard\\app\\Http\\Middleware\\RedirectForMultiLanguage.php(58): Illuminate\\Pipeline\\Pipeline->Illuminate\\Pipeline\\{closure}(Object(Illuminate\\Http\\Request))
#60 C:\\xampp\\htdocs\\virtuard\\vendor\\laravel\\framework\\src\\Illuminate\\Pipeline\\Pipeline.php(180): App\\Http\\Middleware\\RedirectForMultiLanguage->handle(Object(Illuminate\\Http\\Request), Object(Closure))
#61 C:\\xampp\\htdocs\\virtuard\\vendor\\laravel\\framework\\src\\Illuminate\\Routing\\Middleware\\SubstituteBindings.php(50): Illuminate\\Pipeline\\Pipeline->Illuminate\\Pipeline\\{closure}(Object(Illuminate\\Http\\Request))
#62 C:\\xampp\\htdocs\\virtuard\\vendor\\laravel\\framework\\src\\Illuminate\\Pipeline\\Pipeline.php(180): Illuminate\\Routing\\Middleware\\SubstituteBindings->handle(Object(Illuminate\\Http\\Request), Object(Closure))
#63 C:\\xampp\\htdocs\\virtuard\\vendor\\laravel\\framework\\src\\Illuminate\\View\\Middleware\\ShareErrorsFromSession.php(49): Illuminate\\Pipeline\\Pipeline->Illuminate\\Pipeline\\{closure}(Object(Illuminate\\Http\\Request))
#64 C:\\xampp\\htdocs\\virtuard\\vendor\\laravel\\framework\\src\\Illuminate\\Pipeline\\Pipeline.php(180): Illuminate\\View\\Middleware\\ShareErrorsFromSession->handle(Object(Illuminate\\Http\\Request), Object(Closure))
#65 C:\\xampp\\htdocs\\virtuard\\vendor\\laravel\\framework\\src\\Illuminate\\Session\\Middleware\\StartSession.php(121): Illuminate\\Pipeline\\Pipeline->Illuminate\\Pipeline\\{closure}(Object(Illuminate\\Http\\Request))
#66 C:\\xampp\\htdocs\\virtuard\\vendor\\laravel\\framework\\src\\Illuminate\\Session\\Middleware\\StartSession.php(64): Illuminate\\Session\\Middleware\\StartSession->handleStatefulRequest(Object(Illuminate\\Http\\Request), Object(Illuminate\\Session\\Store), Object(Closure))
#67 C:\\xampp\\htdocs\\virtuard\\vendor\\laravel\\framework\\src\\Illuminate\\Pipeline\\Pipeline.php(180): Illuminate\\Session\\Middleware\\StartSession->handle(Object(Illuminate\\Http\\Request), Object(Closure))
#68 C:\\xampp\\htdocs\\virtuard\\vendor\\laravel\\framework\\src\\Illuminate\\Cookie\\Middleware\\AddQueuedCookiesToResponse.php(37): Illuminate\\Pipeline\\Pipeline->Illuminate\\Pipeline\\{closure}(Object(Illuminate\\Http\\Request))
#69 C:\\xampp\\htdocs\\virtuard\\vendor\\laravel\\framework\\src\\Illuminate\\Pipeline\\Pipeline.php(180): Illuminate\\Cookie\\Middleware\\AddQueuedCookiesToResponse->handle(Object(Illuminate\\Http\\Request), Object(Closure))
#70 C:\\xampp\\htdocs\\virtuard\\vendor\\laravel\\framework\\src\\Illuminate\\Cookie\\Middleware\\EncryptCookies.php(67): Illuminate\\Pipeline\\Pipeline->Illuminate\\Pipeline\\{closure}(Object(Illuminate\\Http\\Request))
#71 C:\\xampp\\htdocs\\virtuard\\vendor\\laravel\\framework\\src\\Illuminate\\Pipeline\\Pipeline.php(180): Illuminate\\Cookie\\Middleware\\EncryptCookies->handle(Object(Illuminate\\Http\\Request), Object(Closure))
#72 C:\\xampp\\htdocs\\virtuard\\vendor\\laravel\\framework\\src\\Illuminate\\Pipeline\\Pipeline.php(116): Illuminate\\Pipeline\\Pipeline->Illuminate\\Pipeline\\{closure}(Object(Illuminate\\Http\\Request))
#73 C:\\xampp\\htdocs\\virtuard\\vendor\\laravel\\framework\\src\\Illuminate\\Routing\\Router.php(799): Illuminate\\Pipeline\\Pipeline->then(Object(Closure))
#74 C:\\xampp\\htdocs\\virtuard\\vendor\\laravel\\framework\\src\\Illuminate\\Routing\\Router.php(776): Illuminate\\Routing\\Router->runRouteWithinStack(Object(Illuminate\\Routing\\Route), Object(Illuminate\\Http\\Request))
#75 C:\\xampp\\htdocs\\virtuard\\vendor\\laravel\\framework\\src\\Illuminate\\Routing\\Router.php(740): Illuminate\\Routing\\Router->runRoute(Object(Illuminate\\Http\\Request), Object(Illuminate\\Routing\\Route))
#76 C:\\xampp\\htdocs\\virtuard\\vendor\\laravel\\framework\\src\\Illuminate\\Routing\\Router.php(729): Illuminate\\Routing\\Router->dispatchToRoute(Object(Illuminate\\Http\\Request))
#77 C:\\xampp\\htdocs\\virtuard\\vendor\\laravel\\framework\\src\\Illuminate\\Foundation\\Http\\Kernel.php(190): Illuminate\\Routing\\Router->dispatch(Object(Illuminate\\Http\\Request))
#78 C:\\xampp\\htdocs\\virtuard\\vendor\\laravel\\framework\\src\\Illuminate\\Pipeline\\Pipeline.php(141): Illuminate\\Foundation\\Http\\Kernel->Illuminate\\Foundation\\Http\\{closure}(Object(Illuminate\\Http\\Request))
#79 C:\\xampp\\htdocs\\virtuard\\themes\\Base\\Core\\Middleware\\RunUpdater.php(72): Illuminate\\Pipeline\\Pipeline->Illuminate\\Pipeline\\{closure}(Object(Illuminate\\Http\\Request))
#80 C:\\xampp\\htdocs\\virtuard\\vendor\\laravel\\framework\\src\\Illuminate\\Pipeline\\Pipeline.php(180): Themes\\Base\\Core\\Middleware\\RunUpdater->handle(Object(Illuminate\\Http\\Request), Object(Closure))
#81 C:\\xampp\\htdocs\\virtuard\\vendor\\barryvdh\\laravel-debugbar\\src\\Middleware\\InjectDebugbar.php(66): Illuminate\\Pipeline\\Pipeline->Illuminate\\Pipeline\\{closure}(Object(Illuminate\\Http\\Request))
#82 C:\\xampp\\htdocs\\virtuard\\vendor\\laravel\\framework\\src\\Illuminate\\Pipeline\\Pipeline.php(180): Barryvdh\\Debugbar\\Middleware\\InjectDebugbar->handle(Object(Illuminate\\Http\\Request), Object(Closure))
#83 C:\\xampp\\htdocs\\virtuard\\vendor\\laravel\\framework\\src\\Illuminate\\Foundation\\Http\\Middleware\\TransformsRequest.php(21): Illuminate\\Pipeline\\Pipeline->Illuminate\\Pipeline\\{closure}(Object(Illuminate\\Http\\Request))
#84 C:\\xampp\\htdocs\\virtuard\\vendor\\laravel\\framework\\src\\Illuminate\\Foundation\\Http\\Middleware\\ConvertEmptyStringsToNull.php(31): Illuminate\\Foundation\\Http\\Middleware\\TransformsRequest->handle(Object(Illuminate\\Http\\Request), Object(Closure))
#85 C:\\xampp\\htdocs\\virtuard\\vendor\\laravel\\framework\\src\\Illuminate\\Pipeline\\Pipeline.php(180): Illuminate\\Foundation\\Http\\Middleware\\ConvertEmptyStringsToNull->handle(Object(Illuminate\\Http\\Request), Object(Closure))
#86 C:\\xampp\\htdocs\\virtuard\\vendor\\laravel\\framework\\src\\Illuminate\\Foundation\\Http\\Middleware\\TransformsRequest.php(21): Illuminate\\Pipeline\\Pipeline->Illuminate\\Pipeline\\{closure}(Object(Illuminate\\Http\\Request))
#87 C:\\xampp\\htdocs\\virtuard\\vendor\\laravel\\framework\\src\\Illuminate\\Foundation\\Http\\Middleware\\TrimStrings.php(40): Illuminate\\Foundation\\Http\\Middleware\\TransformsRequest->handle(Object(Illuminate\\Http\\Request), Object(Closure))
#88 C:\\xampp\\htdocs\\virtuard\\vendor\\laravel\\framework\\src\\Illuminate\\Pipeline\\Pipeline.php(180): Illuminate\\Foundation\\Http\\Middleware\\TrimStrings->handle(Object(Illuminate\\Http\\Request), Object(Closure))
#89 C:\\xampp\\htdocs\\virtuard\\vendor\\laravel\\framework\\src\\Illuminate\\Foundation\\Http\\Middleware\\ValidatePostSize.php(27): Illuminate\\Pipeline\\Pipeline->Illuminate\\Pipeline\\{closure}(Object(Illuminate\\Http\\Request))
#90 C:\\xampp\\htdocs\\virtuard\\vendor\\laravel\\framework\\src\\Illuminate\\Pipeline\\Pipeline.php(180): Illuminate\\Foundation\\Http\\Middleware\\ValidatePostSize->handle(Object(Illuminate\\Http\\Request), Object(Closure))
#91 C:\\xampp\\htdocs\\virtuard\\vendor\\laravel\\framework\\src\\Illuminate\\Foundation\\Http\\Middleware\\PreventRequestsDuringMaintenance.php(86): Illuminate\\Pipeline\\Pipeline->Illuminate\\Pipeline\\{closure}(Object(Illuminate\\Http\\Request))
#92 C:\\xampp\\htdocs\\virtuard\\vendor\\laravel\\framework\\src\\Illuminate\\Pipeline\\Pipeline.php(180): Illuminate\\Foundation\\Http\\Middleware\\PreventRequestsDuringMaintenance->handle(Object(Illuminate\\Http\\Request), Object(Closure))
#93 C:\\xampp\\htdocs\\virtuard\\vendor\\laravel\\framework\\src\\Illuminate\\Http\\Middleware\\HandleCors.php(49): Illuminate\\Pipeline\\Pipeline->Illuminate\\Pipeline\\{closure}(Object(Illuminate\\Http\\Request))
#94 C:\\xampp\\htdocs\\virtuard\\vendor\\laravel\\framework\\src\\Illuminate\\Pipeline\\Pipeline.php(180): Illuminate\\Http\\Middleware\\HandleCors->handle(Object(Illuminate\\Http\\Request), Object(Closure))
#95 C:\\xampp\\htdocs\\virtuard\\app\\Http\\Middleware\\RedirectToInstaller.php(40): Illuminate\\Pipeline\\Pipeline->Illuminate\\Pipeline\\{closure}(Object(Illuminate\\Http\\Request))
#96 C:\\xampp\\htdocs\\virtuard\\vendor\\laravel\\framework\\src\\Illuminate\\Pipeline\\Pipeline.php(180): App\\Http\\Middleware\\RedirectToInstaller->handle(Object(Illuminate\\Http\\Request), Object(Closure))
#97 C:\\xampp\\htdocs\\virtuard\\vendor\\laravel\\framework\\src\\Illuminate\\Http\\Middleware\\TrustProxies.php(39): Illuminate\\Pipeline\\Pipeline->Illuminate\\Pipeline\\{closure}(Object(Illuminate\\Http\\Request))
#98 C:\\xampp\\htdocs\\virtuard\\vendor\\laravel\\framework\\src\\Illuminate\\Pipeline\\Pipeline.php(180): Illuminate\\Http\\Middleware\\TrustProxies->handle(Object(Illuminate\\Http\\Request), Object(Closure))
#99 C:\\xampp\\htdocs\\virtuard\\vendor\\laravel\\framework\\src\\Illuminate\\Pipeline\\Pipeline.php(116): Illuminate\\Pipeline\\Pipeline->Illuminate\\Pipeline\\{closure}(Object(Illuminate\\Http\\Request))
#100 C:\\xampp\\htdocs\\virtuard\\vendor\\laravel\\framework\\src\\Illuminate\\Foundation\\Http\\Kernel.php(165): Illuminate\\Pipeline\\Pipeline->then(Object(Closure))
#101 C:\\xampp\\htdocs\\virtuard\\vendor\\laravel\\framework\\src\\Illuminate\\Foundation\\Http\\Kernel.php(134): Illuminate\\Foundation\\Http\\Kernel->sendRequestThroughRouter(Object(Illuminate\\Http\\Request))
#102 C:\\xampp\\htdocs\\virtuard\\public\\index.php(72): Illuminate\\Foundation\\Http\\Kernel->handle(Object(Illuminate\\Http\\Request))
#103 {main}
"} 
