[2024-01-06 03:18:19] production.DEBUG: From: Booking Core <contact@bookingcore.test>
To: contact@bookingcore.test
Subject: [Virtuard] New booking has been made
MIME-Version: 1.0
Date: Sat, 06 Jan 2024 03:18:19 +0000
Message-ID: <0b01cdc313269b020a2ab6a96fcb9590@bookingcore.test>
Content-Type: text/html; charset=utf-8
Content-Transfer-Encoding: quoted-printable

<!doctype html>
<html xmlns=3D"http://www.w3.org/1999/xhtml" xmlns:v=3D"u=
rn:schemas-microsoft-com:vml" xmlns:o=3D"urn:schemas-microsoft-com:office:o=
ffice">
    <head>
        <title></title>
        <meta http-equiv=
=3D"X-UA-Compatible" content=3D"IE=3Dedge">
        <!--<![endif]-->
  =
      <meta http-equiv=3D"Content-Type" content=3D"text/html; charset=3DUTF=
-8">
        <meta name=3D"viewport" content=3D"width=3Ddevice-width, ini=
tial-scale=3D1">
        <link rel=3D'stylesheet' id=3D'google-font-css-c=
ss'  href=3D'https://fonts.googleapis.com/css?family=3DPoppins%3A400%2C500%=
2C600' type=3D'text/css' media=3D'all' />
        <style>
            .=
b-email-wrap{
                background: #ebeef2;
                padd=
ing: 40px 0px;
                color: #1A2B48;
                font-siz=
e: 14px;
                font-family: 'Poppins', sans-serif !important;=

                font-weight: normal;
                line-height: 1.5;=

                overflow-x: hidden;
                margin: 0px;
   =
         }
            .b-header{
                background: #000000;=

                padding: 30px;
                color: white;
       =
     }
            .b-header .site-title,
            .b-header h1,
 =
           .b-header h2,
            .b-header h3,
            .b-heade=
r h4,
            .b-header h5,
            .b-header p
            {=

                margin:0px;
                display: block;
        =
        text-align: center;
            }
            .b-container{
 =
               max-width: 600px;
                margin: 0px auto;
    =
        }

            .b-panel{
                border: 1px solid rg=
ba(0, 0, 0, 0.1);
                margin-bottom: 30px;
                =
padding: 30px;
                background: white;
            }
     =
       .b-panel .b-panel{
                padding: 0px;
               =
 box-shadow: none;
            }
            .b-panel-title{
        =
        text-align: center;
                margin-bottom: 30px;
      =
          font-size: 24px;
                font-weight: 500;
          =
  }
            .b-table-wrap{
                overflow-x:auto;
     =
       }
            .b-table{
                width: 100%;
         =
   }
            .b-table tr td,
            .b-table .b-tr,
        =
    .b-table tr th{
                padding: 10px;
            }
    =
        .b-table .b-tr{
                clear: both;
                bo=
rder-bottom: 1px solid #EAEEF3;
            }
            .b-table .b-t=
r:after{
                display: table;
                clear: both;=

                content:'';
            }
            .b-table tr td=
{
                border-bottom: 1px solid #EAEEF3;
            }
   =
         .b-table tbody tr:nth-child(even) td{
                /*backgrou=
nd: #f5f7fd;*/
            }
            .b-table tbody tr td.label,
=
            .b-table .b-tr .label{
                font-weight: 500;
  =
          }
            .b-table tbody tr td.val,
            .b-table =
.b-tr .val{
                text-align: right;
            }

     =
       .b-table tbody tr td.val p,
            .b-table .b-tr .val p{
 =
               padding: 0;
                margin: 0;
            }
=

            .b-table .b-tr .label,
            .b-table .b-tr .val{
=
                float: left;
                width: 50%;
            }=

            .pricing-list{
                text-align: left;
       =
         margin: 0px;
                padding: 0px;
                lis=
t-style: none;
            }
            .pricing-list td{
          =
      padding: 7px 0px;
            }
            .pricing-list td .val=
{
                text-align: right;
            }
            .prici=
ng-list .no-flex{
                display: block;
            }
     =
       .email-headline{
                margin-top: 0px;
            }=


            .text-center{
                text-align: center;
   =
         }

            .btn{
                display: inline-block;=

                color: #212529;
                text-align: center;
=
                vertical-align: middle;
                -webkit-user-sele=
ct: none;
                -moz-user-select: none;
                -ms-u=
ser-select: none;
                user-select: none;
                ba=
ckground-color: #ebeef2;
                line-height: 1.5;
            =
    border: none;
                -webkit-box-shadow: none;
           =
     box-shadow: none;
                border-radius: 3px;
            =
    padding: 7px 20px;
                -webkit-transition: background .2s=
, color .2s;
                transition: background .2s, color .2s;
   =
             font-size: 14px;
                font-weight: 500;
       =
         text-decoration: none;
            }
            .btn.btn-prim=
ary{

                background: #5191FA;
                color: whi=
te;
            }
            .mt20{
                margin-top: 20px=
;
            }
            .no-padding{
                padding: 0px=
;
            }
            .no-r-padding{
                padding-ri=
ght: 0px!important;
            }
            .fsz21{
               =
 font-size: 21px;
            }
            .no-b-border{
           =
     border-bottom: 0px!important;
            }
            @media scr=
een and (max-width: 768px) {
                .b-panel{
                =
    padding: 15px;
                }
                .b-table tr td,
=
                .b-table tr th{
                    padding-right: 2px;=

                    padding-left: 2px;
                }
           =
     .b-panel-title{
                    font-size: 18px;
             =
       font-weight: bold;
                    margin-bottom: 15px;
    =
            }
                .b-email-wrap{
                    paddin=
g: 0px;
                }

                .b-table .b-tr .label,
 =
               .b-table .b-tr .val{
                    float:none;
   =
             }

                .b-table .b-tr .val{
                =
    text-align: left;
                }
            }
        </style=
>
    </head>
    <body>
        <div class=3D"b-email-wrap">
     =
       <div class=3D"" style=3D"">
    <div class=3D"b-container">
    =
    <div class=3D"b-header">
                        <h1 class=3D"site-ti=
tle">Virtuard</h1>
        </div>
    </div>
</div>

            =

    <div class=3D"b-container">
        <div class=3D"b-panel">
    =
                            <h3 class=3D"email-headline"><strong>Hello Admi=
nistrator</strong></h3>
                    <p>New booking has been made<=
/p>
               =20
            <div class=3D"b-panel-title">Space inf=
ormation</div>
<div class=3D"b-table-wrap">
    <table class=3D"b-table=
" cellspacing=3D"0" cellpadding=3D"0">
        <tr>
            <td cla=
ss=3D"label">Booking Number</td>
            <td class=3D"val">#45</td>=

        </tr>
        <tr>
            <td class=3D"label">Booking S=
tatus</td>
            <td class=3D"val">Unpaid</td>
        </tr>
  =
                  <tr>
                <td class=3D"label">Payment method=
</td>
                <td class=3D"val">Stripe</td>
            </tr>=

                        <tr>
            <td class=3D"label">Space nam=
e</td>
            <td class=3D"val">
                <a href=3D"https:=
//virtuard.buatpc.com/space/luxury-studio">LUXURY STUDIO</a>
            =
</td>

        </tr>
        <tr>
                            <td c=
lass=3D"label">Address</td>
                <td class=3D"val">
        =
            Arrondissement de Paris
                </td>
             =
       </tr>
                    <tr>
                <td class=3D"labe=
l">Start date</td>
                <td class=3D"val">01/07/2024</td>
  =
          </tr>
            <tr>
                <td class=3D"label">En=
d date:</td>
                <td class=3D"val">
                    01/=
11/2024
                </td>
            </tr>
                     =
       <tr>
                    <td class=3D"label">Days:</td>
        =
            <td class=3D"val">
                        5
              =
      </td>
                </tr>
                               =20
  =
                  <tr>
                <td class=3D"label">Adults:</td>=

                <td class=3D"val">
                    <strong>1</stro=
ng>
                </td>
            </tr>
                        <=
tr>
            <td class=3D"label">Pricing</td>
            <td class=
=3D"val">
                <table class=3D"pricing-list" width=3D"100%">=

                    <tr>
                        <td class=3D"label">=

                            Rental price
                        </td>=

                        <td class=3D"val">
                           =
                             <strong> 1.470,000 $</strong>
              =
          </td>
                    </tr>
                   =20
      =
                                      <tr>
                            <t=
d colspan=3D"2" class=3D"label-title"><strong>Extra Prices:</strong></td>=

                        </tr>
                        <tr class=3D"">=

                            <td colspan=3D"2" class=3D"no-r-padding no-b=
-border">
                                <table width=3D"100%">
      =
                                                                      <tr>=

                                            <td class=3D"label">Lawn gar=
den:</td>
                                            <td class=3D"val no=
-r-padding">
                                                <strong>100,=
000 $</strong>
                                            </td>
      =
                                  </tr>
                                 =
                                           <tr>
                         =
                   <td class=3D"label">Breakfasts:</td>
                 =
                           <td class=3D"val no-r-padding">
              =
                                  <strong>200,000 $</strong>
            =
                                </td>
                                   =
     </tr>
                                                              =
      </table>
                            </td>
                      =
  </tr>

                   =20
                                       =
                                                                           =
      <tr>
                                <td class=3D"label">
       =
                             Cleaning fee
                               =
     <i class=3D"icofont-info-circle" data-toggle=3D"tooltip" data-placemen=
t=3D"top" title=3D"One-time fee charged by host to cover the cost of cleani=
ng their space."></i>
                                                   =
                 </td>
                                <td class=3D"val">=

                                                                        =
    100,000 $
                                                           =
         </td>
                            </tr>
                      =
                                                          <tr>
          =
                      <td class=3D"label">
                              =
      Service fee
                                    <i class=3D"icofont=
-info-circle" data-toggle=3D"tooltip" data-placement=3D"top" title=3D"This =
helps us run our platform and offer services like 24/7 support on your trip=
."></i>
                                                                 =
   </td>
                                <td class=3D"val">
           =
                                                                 200,000 $=

                                                                    </td=
>
                            </tr>
                                   =
                                             </table>
            </td>=

        </tr>
        <tr>
            <td class=3D"label fsz21">Tot=
al</td>
            <td class=3D"val fsz21"><strong style=3D"color: #FA56=
36">2.070,000 $</strong></td>
        </tr>
        <tr>
            =
<td class=3D"label fsz21">Paid</td>
            <td class=3D"val fsz21"><=
strong style=3D"color: #FA5636">0,000 $</strong></td>
        </tr>
   =
                 <tr>
                <td class=3D"label fsz21">Remain</t=
d>
                <td class=3D"val fsz21"><strong style=3D"color: #FA563=
6">2.070,000 $</strong></td>
            </tr>
            </table>
<=
/div>
<div class=3D"text-center mt20">
    <a href=3D"https://virtuard.=
buatpc.com/user/booking-history" target=3D"_blank" class=3D"btn btn-primary=
 manage-booking-btn">Manage Bookings</a>
</div>
        </div>
      =
  <div class=3D"b-panel">
    <div class=3D"b-panel-title">Customer infor=
mation</div>
    <div class=3D"b-table-wrap">
        <div class=3D"b-t=
able b-table-div">
            <div class=3D"info-first-name b-tr">
   =
             <div class=3D"label">First name</div>
                <div c=
lass=3D"val">Lynne</div>
            </div>
            <div class=3D"i=
nfo-last-name b-tr" style=3D"clear: both">
                <div class=3D"=
label">Last name</div>
                <div class=3D"val">Victoria</div>=

            </div>
            <div class=3D"info-email b-tr">
     =
           <div class=3D"label">Email</div>
                <div class=3D=
"val">vendor@gmail.com</div>
            </div>
            <div class=
=3D"info-phone b-tr">
                <div class=3D"label">Phone</div>
=
                <div class=3D"val">112 666 8889</div>
            </div>=

            <div class=3D"info-address b-tr">
                <div cla=
ss=3D"label">Address line 1</div>
                <div class=3D"val"></di=
v>
            </div>
            <div class=3D"info-address2 b-tr">
=
                <div class=3D"label">Address line 2</div>
               =
 <div class=3D"val"></div>
            </div>
            <div class=3D=
"info-city b-tr">
                <div class=3D"label">City</div>
     =
           <div class=3D"val">New York</div>
            </div>
       =
     <div class=3D"info-state b-tr">
                <div class=3D"label"=
>State/Province/Region</div>
                <div class=3D"val"></div>
=
            </div>
            <div class=3D"info-zip-code b-tr">
     =
           <div class=3D"label">ZIP code/Postal code</div>
              =
  <div class=3D"val"></div>
            </div>
            <div class=
=3D"info-country b-tr">
                <div class=3D"label">Country</div=
>
                <div class=3D"val">United States</div>
            </=
div>
            <div class=3D"info-notes b-tr">
                <div c=
lass=3D"label">Special Requirements</div>
                <div class=3D"v=
al"></div>
            </div>
        </div>
    </div>
</div>
  =
      <div class=3D"b-panel">
    <div class=3D"b-panel-title">Tickets / =
Guests Information:</div>
    <div class=3D"b-table-wrap">
        <div=
 class=3D"b-table b-table-div">
                        <div class=3D"inf=
o-first-name b-tr">
                <div class=3D"label">Guest #1:  </div=
>
                <div class=3D"val text-left" style=3D"text-align: left"=
>
                    First Name:  <strong></strong><br>
              =
      Last Name:  <strong></strong><br>
                    Email:  <stro=
ng></strong><br>
                    Phone:  <strong></strong><br>
    =
            </div>
            </div>
                    </div>
    =
</div>
</div>
    </div>

            <div class=3D"b-footer" style=
=3D"margin-top: 0px;">
    <div class=3D"b-container">
       =20
    <=
/div>
</div>        </div>
    </body>
</html>
  
[2024-01-06 03:18:19] production.DEBUG: From: Booking Core <contact@bookingcore.test>
To: Virtuard <info@virtuard.com>
Subject: [Virtuard] Your service got new booking
MIME-Version: 1.0
Date: Sat, 06 Jan 2024 03:18:19 +0000
Message-ID: <3b2f582ec8c289996efdf00e09984088@bookingcore.test>
Content-Type: text/html; charset=utf-8
Content-Transfer-Encoding: quoted-printable

<!doctype html>
<html xmlns=3D"http://www.w3.org/1999/xhtml" xmlns:v=3D"u=
rn:schemas-microsoft-com:vml" xmlns:o=3D"urn:schemas-microsoft-com:office:o=
ffice">
    <head>
        <title></title>
        <meta http-equiv=
=3D"X-UA-Compatible" content=3D"IE=3Dedge">
        <!--<![endif]-->
  =
      <meta http-equiv=3D"Content-Type" content=3D"text/html; charset=3DUTF=
-8">
        <meta name=3D"viewport" content=3D"width=3Ddevice-width, ini=
tial-scale=3D1">
        <link rel=3D'stylesheet' id=3D'google-font-css-c=
ss'  href=3D'https://fonts.googleapis.com/css?family=3DPoppins%3A400%2C500%=
2C600' type=3D'text/css' media=3D'all' />
        <style>
            .=
b-email-wrap{
                background: #ebeef2;
                padd=
ing: 40px 0px;
                color: #1A2B48;
                font-siz=
e: 14px;
                font-family: 'Poppins', sans-serif !important;=

                font-weight: normal;
                line-height: 1.5;=

                overflow-x: hidden;
                margin: 0px;
   =
         }
            .b-header{
                background: #000000;=

                padding: 30px;
                color: white;
       =
     }
            .b-header .site-title,
            .b-header h1,
 =
           .b-header h2,
            .b-header h3,
            .b-heade=
r h4,
            .b-header h5,
            .b-header p
            {=

                margin:0px;
                display: block;
        =
        text-align: center;
            }
            .b-container{
 =
               max-width: 600px;
                margin: 0px auto;
    =
        }

            .b-panel{
                border: 1px solid rg=
ba(0, 0, 0, 0.1);
                margin-bottom: 30px;
                =
padding: 30px;
                background: white;
            }
     =
       .b-panel .b-panel{
                padding: 0px;
               =
 box-shadow: none;
            }
            .b-panel-title{
        =
        text-align: center;
                margin-bottom: 30px;
      =
          font-size: 24px;
                font-weight: 500;
          =
  }
            .b-table-wrap{
                overflow-x:auto;
     =
       }
            .b-table{
                width: 100%;
         =
   }
            .b-table tr td,
            .b-table .b-tr,
        =
    .b-table tr th{
                padding: 10px;
            }
    =
        .b-table .b-tr{
                clear: both;
                bo=
rder-bottom: 1px solid #EAEEF3;
            }
            .b-table .b-t=
r:after{
                display: table;
                clear: both;=

                content:'';
            }
            .b-table tr td=
{
                border-bottom: 1px solid #EAEEF3;
            }
   =
         .b-table tbody tr:nth-child(even) td{
                /*backgrou=
nd: #f5f7fd;*/
            }
            .b-table tbody tr td.label,
=
            .b-table .b-tr .label{
                font-weight: 500;
  =
          }
            .b-table tbody tr td.val,
            .b-table =
.b-tr .val{
                text-align: right;
            }

     =
       .b-table tbody tr td.val p,
            .b-table .b-tr .val p{
 =
               padding: 0;
                margin: 0;
            }
=

            .b-table .b-tr .label,
            .b-table .b-tr .val{
=
                float: left;
                width: 50%;
            }=

            .pricing-list{
                text-align: left;
       =
         margin: 0px;
                padding: 0px;
                lis=
t-style: none;
            }
            .pricing-list td{
          =
      padding: 7px 0px;
            }
            .pricing-list td .val=
{
                text-align: right;
            }
            .prici=
ng-list .no-flex{
                display: block;
            }
     =
       .email-headline{
                margin-top: 0px;
            }=


            .text-center{
                text-align: center;
   =
         }

            .btn{
                display: inline-block;=

                color: #212529;
                text-align: center;
=
                vertical-align: middle;
                -webkit-user-sele=
ct: none;
                -moz-user-select: none;
                -ms-u=
ser-select: none;
                user-select: none;
                ba=
ckground-color: #ebeef2;
                line-height: 1.5;
            =
    border: none;
                -webkit-box-shadow: none;
           =
     box-shadow: none;
                border-radius: 3px;
            =
    padding: 7px 20px;
                -webkit-transition: background .2s=
, color .2s;
                transition: background .2s, color .2s;
   =
             font-size: 14px;
                font-weight: 500;
       =
         text-decoration: none;
            }
            .btn.btn-prim=
ary{

                background: #5191FA;
                color: whi=
te;
            }
            .mt20{
                margin-top: 20px=
;
            }
            .no-padding{
                padding: 0px=
;
            }
            .no-r-padding{
                padding-ri=
ght: 0px!important;
            }
            .fsz21{
               =
 font-size: 21px;
            }
            .no-b-border{
           =
     border-bottom: 0px!important;
            }
            @media scr=
een and (max-width: 768px) {
                .b-panel{
                =
    padding: 15px;
                }
                .b-table tr td,
=
                .b-table tr th{
                    padding-right: 2px;=

                    padding-left: 2px;
                }
           =
     .b-panel-title{
                    font-size: 18px;
             =
       font-weight: bold;
                    margin-bottom: 15px;
    =
            }
                .b-email-wrap{
                    paddin=
g: 0px;
                }

                .b-table .b-tr .label,
 =
               .b-table .b-tr .val{
                    float:none;
   =
             }

                .b-table .b-tr .val{
                =
    text-align: left;
                }
            }
        </style=
>
    </head>
    <body>
        <div class=3D"b-email-wrap">
     =
       <div class=3D"" style=3D"">
    <div class=3D"b-container">
    =
    <div class=3D"b-header">
                        <h1 class=3D"site-ti=
tle">Virtuard</h1>
        </div>
    </div>
</div>

            =

    <div class=3D"b-container">
        <div class=3D"b-panel">
    =
                            <h3 class=3D"email-headline"><strong>Hello Syst=
em</strong></h3>
                    <p>Your service has new booking</p>=

               =20
            <div class=3D"b-panel-title">Space inform=
ation</div>
<div class=3D"b-table-wrap">
    <table class=3D"b-table" c=
ellspacing=3D"0" cellpadding=3D"0">
        <tr>
            <td class=
=3D"label">Booking Number</td>
            <td class=3D"val">#45</td>
 =
       </tr>
        <tr>
            <td class=3D"label">Booking Statu=
s</td>
            <td class=3D"val">Unpaid</td>
        </tr>
      =
              <tr>
                <td class=3D"label">Payment method</td=
>
                <td class=3D"val">Stripe</td>
            </tr>
   =
                     <tr>
            <td class=3D"label">Space name</td>=

            <td class=3D"val">
                <a href=3D"https://virt=
uard.buatpc.com/space/luxury-studio">LUXURY STUDIO</a>
            </td>=


        </tr>
        <tr>
                            <td class=
=3D"label">Address</td>
                <td class=3D"val">
            =
        Arrondissement de Paris
                </td>
                 =
   </tr>
                    <tr>
                <td class=3D"label">S=
tart date</td>
                <td class=3D"val">01/07/2024</td>
      =
      </tr>
            <tr>
                <td class=3D"label">End da=
te:</td>
                <td class=3D"val">
                    01/11/2=
024
                </td>
            </tr>
                         =
   <tr>
                    <td class=3D"label">Days:</td>
            =
        <td class=3D"val">
                        5
                  =
  </td>
                </tr>
                               =20
      =
              <tr>
                <td class=3D"label">Adults:</td>
   =
             <td class=3D"val">
                    <strong>1</strong>
=
                </td>
            </tr>
                        <tr>
=
            <td class=3D"label">Pricing</td>
            <td class=3D"val=
">
                <table class=3D"pricing-list" width=3D"100%">
      =
              <tr>
                        <td class=3D"label">
       =
                     Rental price
                        </td>
       =
                 <td class=3D"val">
                                     =
                   <strong> 1.470,000 $</strong>
                        =
</td>
                    </tr>
                   =20
                =
                            <tr>
                            <td colspan=
=3D"2" class=3D"label-title"><strong>Extra Prices:</strong></td>
        =
                </tr>
                        <tr class=3D"">
         =
                   <td colspan=3D"2" class=3D"no-r-padding no-b-border">
=
                                <table width=3D"100%">
                  =
                                                          <tr>
          =
                                  <td class=3D"label">Lawn garden:</td>
 =
                                           <td class=3D"val no-r-padding">=

                                                <strong>100,000 $</stron=
g>
                                            </td>
                  =
                      </tr>
                                             =
                               <tr>
                                     =
       <td class=3D"label">Breakfasts:</td>
                             =
               <td class=3D"val no-r-padding">
                          =
                      <strong>200,000 $</strong>
                        =
                    </td>
                                        </tr>=

                                                                    </ta=
ble>
                            </td>
                        </tr>
=

                   =20
                                                 =
                                                                       <tr>=

                                <td class=3D"label">
                 =
                   Cleaning fee
                                    <i cl=
ass=3D"icofont-info-circle" data-toggle=3D"tooltip" data-placement=3D"top" =
title=3D"One-time fee charged by host to cover the cost of cleaning their s=
pace."></i>
                                                             =
       </td>
                                <td class=3D"val">
       =
                                                                     100,00=
0 $
                                                                    <=
/td>
                            </tr>
                                =
                                                <tr>
                    =
            <td class=3D"label">
                                    Serv=
ice fee
                                    <i class=3D"icofont-info-circ=
le" data-toggle=3D"tooltip" data-placement=3D"top" title=3D"This helps us r=
un our platform and offer services like 24/7 support on your trip."></i>
=
                                                                    </td>=

                                <td class=3D"val">
                   =
                                                         200,000 $
      =
                                                              </td>
     =
                       </tr>
                                            =
                                    </table>
            </td>
        =
</tr>
        <tr>
            <td class=3D"label fsz21">Total</td>
 =
           <td class=3D"val fsz21"><strong style=3D"color: #FA5636">2.070,0=
00 $</strong></td>
        </tr>
        <tr>
            <td class=
=3D"label fsz21">Paid</td>
            <td class=3D"val fsz21"><strong st=
yle=3D"color: #FA5636">0,000 $</strong></td>
        </tr>
            =
        <tr>
                <td class=3D"label fsz21">Remain</td>
    =
            <td class=3D"val fsz21"><strong style=3D"color: #FA5636">2.070,=
000 $</strong></td>
            </tr>
            </table>
</div>
<=
div class=3D"text-center mt20">
    <a href=3D"https://virtuard.buatpc.co=
m/user/booking-history" target=3D"_blank" class=3D"btn btn-primary manage-b=
ooking-btn">Manage Bookings</a>
</div>
        </div>
        <div cl=
ass=3D"b-panel">
    <div class=3D"b-panel-title">Customer information</d=
iv>
    <div class=3D"b-table-wrap">
        <div class=3D"b-table b-ta=
ble-div">
            <div class=3D"info-first-name b-tr">
            =
    <div class=3D"label">First name</div>
                <div class=3D"v=
al">Lynne</div>
            </div>
            <div class=3D"info-last-=
name b-tr" style=3D"clear: both">
                <div class=3D"label">La=
st name</div>
                <div class=3D"val">Victoria</div>
       =
     </div>
            <div class=3D"info-email b-tr">
               =
 <div class=3D"label">Email</div>
                <div class=3D"val">vend=
or@gmail.com</div>
            </div>
            <div class=3D"info-ph=
one b-tr">
                <div class=3D"label">Phone</div>
           =
     <div class=3D"val">112 666 8889</div>
            </div>
         =
   <div class=3D"info-address b-tr">
                <div class=3D"label"=
>Address line 1</div>
                <div class=3D"val"></div>
       =
     </div>
            <div class=3D"info-address2 b-tr">
            =
    <div class=3D"label">Address line 2</div>
                <div class=
=3D"val"></div>
            </div>
            <div class=3D"info-city =
b-tr">
                <div class=3D"label">City</div>
                =
<div class=3D"val">New York</div>
            </div>
            <div c=
lass=3D"info-state b-tr">
                <div class=3D"label">State/Prov=
ince/Region</div>
                <div class=3D"val"></div>
           =
 </div>
            <div class=3D"info-zip-code b-tr">
                =
<div class=3D"label">ZIP code/Postal code</div>
                <div clas=
s=3D"val"></div>
            </div>
            <div class=3D"info-coun=
try b-tr">
                <div class=3D"label">Country</div>
         =
       <div class=3D"val">United States</div>
            </div>
      =
      <div class=3D"info-notes b-tr">
                <div class=3D"label=
">Special Requirements</div>
                <div class=3D"val"></div>
=
            </div>
        </div>
    </div>
</div>
        <div cl=
ass=3D"b-panel">
    <div class=3D"b-panel-title">Tickets / Guests Inform=
ation:</div>
    <div class=3D"b-table-wrap">
        <div class=3D"b-t=
able b-table-div">
                        <div class=3D"info-first-name =
b-tr">
                <div class=3D"label">Guest #1:  </div>
         =
       <div class=3D"val text-left" style=3D"text-align: left">
         =
           First Name:  <strong></strong><br>
                    Last Na=
me:  <strong></strong><br>
                    Email:  <strong></strong><=
br>
                    Phone:  <strong></strong><br>
                <=
/div>
            </div>
                    </div>
    </div>
</di=
v>
    </div>

            <div class=3D"b-footer" style=3D"margin-to=
p: 0px;">
    <div class=3D"b-container">
       =20
    </div>
</div=
>        </div>
    </body>
</html>
  
[2024-01-06 03:18:19] production.DEBUG: From: Booking Core <contact@bookingcore.test>
To: vendor@gmail.com
Subject: Thank you for booking with us
MIME-Version: 1.0
Date: Sat, 06 Jan 2024 03:18:19 +0000
Message-ID: <79d35c534630044ab62bf0401ed4a2b4@bookingcore.test>
Content-Type: text/html; charset=utf-8
Content-Transfer-Encoding: quoted-printable

<!doctype html>
<html xmlns=3D"http://www.w3.org/1999/xhtml" xmlns:v=3D"u=
rn:schemas-microsoft-com:vml" xmlns:o=3D"urn:schemas-microsoft-com:office:o=
ffice">
    <head>
        <title></title>
        <meta http-equiv=
=3D"X-UA-Compatible" content=3D"IE=3Dedge">
        <!--<![endif]-->
  =
      <meta http-equiv=3D"Content-Type" content=3D"text/html; charset=3DUTF=
-8">
        <meta name=3D"viewport" content=3D"width=3Ddevice-width, ini=
tial-scale=3D1">
        <link rel=3D'stylesheet' id=3D'google-font-css-c=
ss'  href=3D'https://fonts.googleapis.com/css?family=3DPoppins%3A400%2C500%=
2C600' type=3D'text/css' media=3D'all' />
        <style>
            .=
b-email-wrap{
                background: #ebeef2;
                padd=
ing: 40px 0px;
                color: #1A2B48;
                font-siz=
e: 14px;
                font-family: 'Poppins', sans-serif !important;=

                font-weight: normal;
                line-height: 1.5;=

                overflow-x: hidden;
                margin: 0px;
   =
         }
            .b-header{
                background: #000000;=

                padding: 30px;
                color: white;
       =
     }
            .b-header .site-title,
            .b-header h1,
 =
           .b-header h2,
            .b-header h3,
            .b-heade=
r h4,
            .b-header h5,
            .b-header p
            {=

                margin:0px;
                display: block;
        =
        text-align: center;
            }
            .b-container{
 =
               max-width: 600px;
                margin: 0px auto;
    =
        }

            .b-panel{
                border: 1px solid rg=
ba(0, 0, 0, 0.1);
                margin-bottom: 30px;
                =
padding: 30px;
                background: white;
            }
     =
       .b-panel .b-panel{
                padding: 0px;
               =
 box-shadow: none;
            }
            .b-panel-title{
        =
        text-align: center;
                margin-bottom: 30px;
      =
          font-size: 24px;
                font-weight: 500;
          =
  }
            .b-table-wrap{
                overflow-x:auto;
     =
       }
            .b-table{
                width: 100%;
         =
   }
            .b-table tr td,
            .b-table .b-tr,
        =
    .b-table tr th{
                padding: 10px;
            }
    =
        .b-table .b-tr{
                clear: both;
                bo=
rder-bottom: 1px solid #EAEEF3;
            }
            .b-table .b-t=
r:after{
                display: table;
                clear: both;=

                content:'';
            }
            .b-table tr td=
{
                border-bottom: 1px solid #EAEEF3;
            }
   =
         .b-table tbody tr:nth-child(even) td{
                /*backgrou=
nd: #f5f7fd;*/
            }
            .b-table tbody tr td.label,
=
            .b-table .b-tr .label{
                font-weight: 500;
  =
          }
            .b-table tbody tr td.val,
            .b-table =
.b-tr .val{
                text-align: right;
            }

     =
       .b-table tbody tr td.val p,
            .b-table .b-tr .val p{
 =
               padding: 0;
                margin: 0;
            }
=

            .b-table .b-tr .label,
            .b-table .b-tr .val{
=
                float: left;
                width: 50%;
            }=

            .pricing-list{
                text-align: left;
       =
         margin: 0px;
                padding: 0px;
                lis=
t-style: none;
            }
            .pricing-list td{
          =
      padding: 7px 0px;
            }
            .pricing-list td .val=
{
                text-align: right;
            }
            .prici=
ng-list .no-flex{
                display: block;
            }
     =
       .email-headline{
                margin-top: 0px;
            }=


            .text-center{
                text-align: center;
   =
         }

            .btn{
                display: inline-block;=

                color: #212529;
                text-align: center;
=
                vertical-align: middle;
                -webkit-user-sele=
ct: none;
                -moz-user-select: none;
                -ms-u=
ser-select: none;
                user-select: none;
                ba=
ckground-color: #ebeef2;
                line-height: 1.5;
            =
    border: none;
                -webkit-box-shadow: none;
           =
     box-shadow: none;
                border-radius: 3px;
            =
    padding: 7px 20px;
                -webkit-transition: background .2s=
, color .2s;
                transition: background .2s, color .2s;
   =
             font-size: 14px;
                font-weight: 500;
       =
         text-decoration: none;
            }
            .btn.btn-prim=
ary{

                background: #5191FA;
                color: whi=
te;
            }
            .mt20{
                margin-top: 20px=
;
            }
            .no-padding{
                padding: 0px=
;
            }
            .no-r-padding{
                padding-ri=
ght: 0px!important;
            }
            .fsz21{
               =
 font-size: 21px;
            }
            .no-b-border{
           =
     border-bottom: 0px!important;
            }
            @media scr=
een and (max-width: 768px) {
                .b-panel{
                =
    padding: 15px;
                }
                .b-table tr td,
=
                .b-table tr th{
                    padding-right: 2px;=

                    padding-left: 2px;
                }
           =
     .b-panel-title{
                    font-size: 18px;
             =
       font-weight: bold;
                    margin-bottom: 15px;
    =
            }
                .b-email-wrap{
                    paddin=
g: 0px;
                }

                .b-table .b-tr .label,
 =
               .b-table .b-tr .val{
                    float:none;
   =
             }

                .b-table .b-tr .val{
                =
    text-align: left;
                }
            }
        </style=
>
    </head>
    <body>
        <div class=3D"b-email-wrap">
     =
       <div class=3D"" style=3D"">
    <div class=3D"b-container">
    =
    <div class=3D"b-header">
                        <h1 class=3D"site-ti=
tle">Virtuard</h1>
        </div>
    </div>
</div>

            =

    <div class=3D"b-container">
        <div class=3D"b-panel">
    =
                            <h3 class=3D"email-headline"><strong>Hello Lynn=
e</strong></h3>
                    <p>Thank you for booking with us. Her=
e are your booking information:</p>
               =20
            <div c=
lass=3D"b-panel-title">Space information</div>
<div class=3D"b-table-wrap=
">
    <table class=3D"b-table" cellspacing=3D"0" cellpadding=3D"0">
  =
      <tr>
            <td class=3D"label">Booking Number</td>
        =
    <td class=3D"val">#45</td>
        </tr>
        <tr>
           =
 <td class=3D"label">Booking Status</td>
            <td class=3D"val">Un=
paid</td>
        </tr>
                    <tr>
                <td =
class=3D"label">Payment method</td>
                <td class=3D"val">Str=
ipe</td>
            </tr>
                        <tr>
            <=
td class=3D"label">Space name</td>
            <td class=3D"val">
     =
           <a href=3D"https://virtuard.buatpc.com/space/luxury-studio">LUXU=
RY STUDIO</a>
            </td>

        </tr>
        <tr>
     =
                       <td class=3D"label">Address</td>
                <=
td class=3D"val">
                    Arrondissement de Paris
         =
       </td>
                    </tr>
                    <tr>
     =
           <td class=3D"label">Start date</td>
                <td class=
=3D"val">01/07/2024</td>
            </tr>
            <tr>
         =
       <td class=3D"label">End date:</td>
                <td class=3D"va=
l">
                    01/11/2024
                </td>
            =
</tr>
                            <tr>
                    <td class=3D=
"label">Days:</td>
                    <td class=3D"val">
             =
           5
                    </td>
                </tr>
        =
                       =20
                    <tr>
                <td c=
lass=3D"label">Adults:</td>
                <td class=3D"val">
        =
            <strong>1</strong>
                </td>
            </tr>=

                        <tr>
            <td class=3D"label">Pricing</=
td>
            <td class=3D"val">
                <table class=3D"pric=
ing-list" width=3D"100%">
                    <tr>
                    =
    <td class=3D"label">
                            Rental price
     =
                   </td>
                        <td class=3D"val">
   =
                                                     <strong> 1.470,000 $</=
strong>
                        </td>
                    </tr>
     =
              =20
                                            <tr>
      =
                      <td colspan=3D"2" class=3D"label-title"><strong>Extra=
 Prices:</strong></td>
                        </tr>
                  =
      <tr class=3D"">
                            <td colspan=3D"2" class=
=3D"no-r-padding no-b-border">
                                <table wid=
th=3D"100%">
                                                            =
                <tr>
                                            <td clas=
s=3D"label">Lawn garden:</td>
                                           =
 <td class=3D"val no-r-padding">
                                        =
        <strong>100,000 $</strong>
                                      =
      </td>
                                        </tr>
             =
                                                               <tr>
     =
                                       <td class=3D"label">Breakfasts:</td>=

                                            <td class=3D"val no-r-paddin=
g">
                                                <strong>200,000 $</st=
rong>
                                            </td>
               =
                         </tr>
                                          =
                          </table>
                            </td>
  =
                      </tr>

                   =20
                   =
                                                                           =
                          <tr>
                                <td class=
=3D"label">
                                    Cleaning fee
          =
                          <i class=3D"icofont-info-circle" data-toggle=3D"t=
ooltip" data-placement=3D"top" title=3D"One-time fee charged by host to cov=
er the cost of cleaning their space."></i>
                              =
                                      </td>
                             =
   <td class=3D"val">
                                                   =
                         100,000 $
                                      =
                              </td>
                            </tr>
 =
                                                                           =
    <tr>
                                <td class=3D"label">
         =
                           Service fee
                                  =
  <i class=3D"icofont-info-circle" data-toggle=3D"tooltip" data-placement=
=3D"top" title=3D"This helps us run our platform and offer services like 24=
/7 support on your trip."></i>
                                          =
                          </td>
                                <td class=
=3D"val">
                                                               =
             200,000 $
                                                  =
                  </td>
                            </tr>
             =
                                                                   </table>=

            </td>
        </tr>
        <tr>
            <td class=
=3D"label fsz21">Total</td>
            <td class=3D"val fsz21"><strong s=
tyle=3D"color: #FA5636">2.070,000 $</strong></td>
        </tr>
       =
 <tr>
            <td class=3D"label fsz21">Paid</td>
            <td c=
lass=3D"val fsz21"><strong style=3D"color: #FA5636">0,000 $</strong></td>=

        </tr>
                    <tr>
                <td class=3D"=
label fsz21">Remain</td>
                <td class=3D"val fsz21"><strong =
style=3D"color: #FA5636">2.070,000 $</strong></td>
            </tr>
  =
          </table>
</div>
<div class=3D"text-center mt20">
    <a hre=
f=3D"https://virtuard.buatpc.com/user/booking-history" target=3D"_blank" cl=
ass=3D"btn btn-primary manage-booking-btn">Manage Bookings</a>
</div>
 =
       </div>
        <div class=3D"b-panel">
    <div class=3D"b-panel=
-title">Customer information</div>
    <div class=3D"b-table-wrap">
   =
     <div class=3D"b-table b-table-div">
            <div class=3D"info-f=
irst-name b-tr">
                <div class=3D"label">First name</div>
=
                <div class=3D"val">Lynne</div>
            </div>
     =
       <div class=3D"info-last-name b-tr" style=3D"clear: both">
        =
        <div class=3D"label">Last name</div>
                <div class=
=3D"val">Victoria</div>
            </div>
            <div class=3D"in=
fo-email b-tr">
                <div class=3D"label">Email</div>
      =
          <div class=3D"val">vendor@gmail.com</div>
            </div>
=
            <div class=3D"info-phone b-tr">
                <div class=3D=
"label">Phone</div>
                <div class=3D"val">112 666 8889</div>=

            </div>
            <div class=3D"info-address b-tr">
   =
             <div class=3D"label">Address line 1</div>
                <d=
iv class=3D"val"></div>
            </div>
            <div class=3D"in=
fo-address2 b-tr">
                <div class=3D"label">Address line 2</d=
iv>
                <div class=3D"val"></div>
            </div>
    =
        <div class=3D"info-city b-tr">
                <div class=3D"labe=
l">City</div>
                <div class=3D"val">New York</div>
       =
     </div>
            <div class=3D"info-state b-tr">
               =
 <div class=3D"label">State/Province/Region</div>
                <div cl=
ass=3D"val"></div>
            </div>
            <div class=3D"info-zi=
p-code b-tr">
                <div class=3D"label">ZIP code/Postal code</=
div>
                <div class=3D"val"></div>
            </div>
   =
         <div class=3D"info-country b-tr">
                <div class=3D"=
label">Country</div>
                <div class=3D"val">United States</di=
v>
            </div>
            <div class=3D"info-notes b-tr">
   =
             <div class=3D"label">Special Requirements</div>
            =
    <div class=3D"val"></div>
            </div>
        </div>
    <=
/div>
</div>
        <div class=3D"b-panel">
    <div class=3D"b-pane=
l-title">Tickets / Guests Information:</div>
    <div class=3D"b-table-wr=
ap">
        <div class=3D"b-table b-table-div">
                      =
  <div class=3D"info-first-name b-tr">
                <div class=3D"labe=
l">Guest #1:  </div>
                <div class=3D"val text-left" style=
=3D"text-align: left">
                    First Name:  <strong></strong>=
<br>
                    Last Name:  <strong></strong><br>
            =
        Email:  <strong></strong><br>
                    Phone:  <strong=
></strong><br>
                </div>
            </div>
            =
        </div>
    </div>
</div>
    </div>

            <div cla=
ss=3D"b-footer" style=3D"margin-top: 0px;">
    <div class=3D"b-container=
">
       =20
    </div>
</div>        </div>
    </body>
</html>=

  
[2024-01-06 14:32:54] production.DEBUG: From: Booking Core <contact@bookingcore.test>
To: contact@bookingcore.test
Subject: [Virtuard] New booking has been made
MIME-Version: 1.0
Date: Sat, 06 Jan 2024 14:32:54 +0000
Message-ID: <98691fa1fd47fd4436d1a3cda17e50f4@bookingcore.test>
Content-Type: text/html; charset=utf-8
Content-Transfer-Encoding: quoted-printable

<!doctype html>
<html xmlns=3D"http://www.w3.org/1999/xhtml" xmlns:v=3D"u=
rn:schemas-microsoft-com:vml" xmlns:o=3D"urn:schemas-microsoft-com:office:o=
ffice">
    <head>
        <title></title>
        <meta http-equiv=
=3D"X-UA-Compatible" content=3D"IE=3Dedge">
        <!--<![endif]-->
  =
      <meta http-equiv=3D"Content-Type" content=3D"text/html; charset=3DUTF=
-8">
        <meta name=3D"viewport" content=3D"width=3Ddevice-width, ini=
tial-scale=3D1">
        <link rel=3D'stylesheet' id=3D'google-font-css-c=
ss'  href=3D'https://fonts.googleapis.com/css?family=3DPoppins%3A400%2C500%=
2C600' type=3D'text/css' media=3D'all' />
        <style>
            .=
b-email-wrap{
                background: #ebeef2;
                padd=
ing: 40px 0px;
                color: #1A2B48;
                font-siz=
e: 14px;
                font-family: 'Poppins', sans-serif !important;=

                font-weight: normal;
                line-height: 1.5;=

                overflow-x: hidden;
                margin: 0px;
   =
         }
            .b-header{
                background: #000000;=

                padding: 30px;
                color: white;
       =
     }
            .b-header .site-title,
            .b-header h1,
 =
           .b-header h2,
            .b-header h3,
            .b-heade=
r h4,
            .b-header h5,
            .b-header p
            {=

                margin:0px;
                display: block;
        =
        text-align: center;
            }
            .b-container{
 =
               max-width: 600px;
                margin: 0px auto;
    =
        }

            .b-panel{
                border: 1px solid rg=
ba(0, 0, 0, 0.1);
                margin-bottom: 30px;
                =
padding: 30px;
                background: white;
            }
     =
       .b-panel .b-panel{
                padding: 0px;
               =
 box-shadow: none;
            }
            .b-panel-title{
        =
        text-align: center;
                margin-bottom: 30px;
      =
          font-size: 24px;
                font-weight: 500;
          =
  }
            .b-table-wrap{
                overflow-x:auto;
     =
       }
            .b-table{
                width: 100%;
         =
   }
            .b-table tr td,
            .b-table .b-tr,
        =
    .b-table tr th{
                padding: 10px;
            }
    =
        .b-table .b-tr{
                clear: both;
                bo=
rder-bottom: 1px solid #EAEEF3;
            }
            .b-table .b-t=
r:after{
                display: table;
                clear: both;=

                content:'';
            }
            .b-table tr td=
{
                border-bottom: 1px solid #EAEEF3;
            }
   =
         .b-table tbody tr:nth-child(even) td{
                /*backgrou=
nd: #f5f7fd;*/
            }
            .b-table tbody tr td.label,
=
            .b-table .b-tr .label{
                font-weight: 500;
  =
          }
            .b-table tbody tr td.val,
            .b-table =
.b-tr .val{
                text-align: right;
            }

     =
       .b-table tbody tr td.val p,
            .b-table .b-tr .val p{
 =
               padding: 0;
                margin: 0;
            }
=

            .b-table .b-tr .label,
            .b-table .b-tr .val{
=
                float: left;
                width: 50%;
            }=

            .pricing-list{
                text-align: left;
       =
         margin: 0px;
                padding: 0px;
                lis=
t-style: none;
            }
            .pricing-list td{
          =
      padding: 7px 0px;
            }
            .pricing-list td .val=
{
                text-align: right;
            }
            .prici=
ng-list .no-flex{
                display: block;
            }
     =
       .email-headline{
                margin-top: 0px;
            }=


            .text-center{
                text-align: center;
   =
         }

            .btn{
                display: inline-block;=

                color: #212529;
                text-align: center;
=
                vertical-align: middle;
                -webkit-user-sele=
ct: none;
                -moz-user-select: none;
                -ms-u=
ser-select: none;
                user-select: none;
                ba=
ckground-color: #ebeef2;
                line-height: 1.5;
            =
    border: none;
                -webkit-box-shadow: none;
           =
     box-shadow: none;
                border-radius: 3px;
            =
    padding: 7px 20px;
                -webkit-transition: background .2s=
, color .2s;
                transition: background .2s, color .2s;
   =
             font-size: 14px;
                font-weight: 500;
       =
         text-decoration: none;
            }
            .btn.btn-prim=
ary{

                background: #5191FA;
                color: whi=
te;
            }
            .mt20{
                margin-top: 20px=
;
            }
            .no-padding{
                padding: 0px=
;
            }
            .no-r-padding{
                padding-ri=
ght: 0px!important;
            }
            .fsz21{
               =
 font-size: 21px;
            }
            .no-b-border{
           =
     border-bottom: 0px!important;
            }
            @media scr=
een and (max-width: 768px) {
                .b-panel{
                =
    padding: 15px;
                }
                .b-table tr td,
=
                .b-table tr th{
                    padding-right: 2px;=

                    padding-left: 2px;
                }
           =
     .b-panel-title{
                    font-size: 18px;
             =
       font-weight: bold;
                    margin-bottom: 15px;
    =
            }
                .b-email-wrap{
                    paddin=
g: 0px;
                }

                .b-table .b-tr .label,
 =
               .b-table .b-tr .val{
                    float:none;
   =
             }

                .b-table .b-tr .val{
                =
    text-align: left;
                }
            }
        </style=
>
    </head>
    <body>
        <div class=3D"b-email-wrap">
     =
       <div class=3D"" style=3D"">
    <div class=3D"b-container">
    =
    <div class=3D"b-header">
                        <h1 class=3D"site-ti=
tle">Virtuard</h1>
        </div>
    </div>
</div>

            =

    <div class=3D"b-container">
        <div class=3D"b-panel">
    =
                            <h3 class=3D"email-headline"><strong>Hello Admi=
nistrator</strong></h3>
                    <p>New booking has been made<=
/p>
               =20
            <div class=3D"b-panel-title">Space inf=
ormation</div>
<div class=3D"b-table-wrap">
    <table class=3D"b-table=
" cellspacing=3D"0" cellpadding=3D"0">
        <tr>
            <td cla=
ss=3D"label">Booking Number</td>
            <td class=3D"val">#46</td>=

        </tr>
        <tr>
            <td class=3D"label">Booking S=
tatus</td>
            <td class=3D"val">Unpaid</td>
        </tr>
  =
                  <tr>
                <td class=3D"label">Payment method=
</td>
                <td class=3D"val">Stripe</td>
            </tr>=

                        <tr>
            <td class=3D"label">Space nam=
e</td>
            <td class=3D"val">
                <a href=3D"https:=
//virtuard.buatpc.com/space/duplex-greenwich">DUPLEX GREENWICH</a>
      =
      </td>

        </tr>
        <tr>
                           =
 <td class=3D"label">Address</td>
                <td class=3D"val">
  =
                  Porte de Vanves
                </td>
               =
     </tr>
                    <tr>
                <td class=3D"label"=
>Start date</td>
                <td class=3D"val">01/06/2024</td>
    =
        </tr>
            <tr>
                <td class=3D"label">End =
date:</td>
                <td class=3D"val">
                    01/11=
/2024
                </td>
            </tr>
                       =
     <tr>
                    <td class=3D"label">Days:</td>
          =
          <td class=3D"val">
                        6
                =
    </td>
                </tr>
                               =20
    =
                <tr>
                <td class=3D"label">Adults:</td>
 =
               <td class=3D"val">
                    <strong>1</strong>=

                </td>
            </tr>
                        <tr>=

            <td class=3D"label">Pricing</td>
            <td class=3D"=
val">
                <table class=3D"pricing-list" width=3D"100%">
   =
                 <tr>
                        <td class=3D"label">
    =
                        Rental price
                        </td>
    =
                    <td class=3D"val">
                                  =
                      <strong> 1.320,000 $</strong>
                     =
   </td>
                    </tr>
                   =20
             =
                               <tr>
                            <td colsp=
an=3D"2" class=3D"label-title"><strong>Extra Prices:</strong></td>
      =
                  </tr>
                        <tr class=3D"">
       =
                     <td colspan=3D"2" class=3D"no-r-padding no-b-border">=

                                <table width=3D"100%">
               =
                                                             <tr>
       =
                                     <td class=3D"label">Clearning:</td>
=
                                            <td class=3D"val no-r-padding">=

                                                <strong>100,000 $</stron=
g>
                                            </td>
                  =
                      </tr>
                                             =
                               <tr>
                                     =
       <td class=3D"label">Breakfasts:</td>
                             =
               <td class=3D"val no-r-padding">
                          =
                      <strong>200,000 $</strong>
                        =
                    </td>
                                        </tr>=

                                                                    </ta=
ble>
                            </td>
                        </tr>
=

                   =20
                                                 =
                                                                       <tr>=

                                <td class=3D"label">
                 =
                   Cleaning fee
                                    <i cl=
ass=3D"icofont-info-circle" data-toggle=3D"tooltip" data-placement=3D"top" =
title=3D"One-time fee charged by host to cover the cost of cleaning their s=
pace."></i>
                                                             =
       </td>
                                <td class=3D"val">
       =
                                                                     100,00=
0 $
                                                                    <=
/td>
                            </tr>
                                =
                                                <tr>
                    =
            <td class=3D"label">
                                    Serv=
ice fee
                                    <i class=3D"icofont-info-circ=
le" data-toggle=3D"tooltip" data-placement=3D"top" title=3D"This helps us r=
un our platform and offer services like 24/7 support on your trip."></i>
=
                                                                    </td>=

                                <td class=3D"val">
                   =
                                                         200,000 $
      =
                                                              </td>
     =
                       </tr>
                                            =
                                    </table>
            </td>
        =
</tr>
        <tr>
            <td class=3D"label fsz21">Total</td>
 =
           <td class=3D"val fsz21"><strong style=3D"color: #FA5636">1.920,0=
00 $</strong></td>
        </tr>
        <tr>
            <td class=
=3D"label fsz21">Paid</td>
            <td class=3D"val fsz21"><strong st=
yle=3D"color: #FA5636">0,000 $</strong></td>
        </tr>
            =
        <tr>
                <td class=3D"label fsz21">Remain</td>
    =
            <td class=3D"val fsz21"><strong style=3D"color: #FA5636">1.920,=
000 $</strong></td>
            </tr>
            </table>
</div>
<=
div class=3D"text-center mt20">
    <a href=3D"https://virtuard.buatpc.co=
m/user/booking-history" target=3D"_blank" class=3D"btn btn-primary manage-b=
ooking-btn">Manage Bookings</a>
</div>
        </div>
        <div cl=
ass=3D"b-panel">
    <div class=3D"b-panel-title">Customer information</d=
iv>
    <div class=3D"b-table-wrap">
        <div class=3D"b-table b-ta=
ble-div">
            <div class=3D"info-first-name b-tr">
            =
    <div class=3D"label">First name</div>
                <div class=3D"v=
al">Lynne</div>
            </div>
            <div class=3D"info-last-=
name b-tr" style=3D"clear: both">
                <div class=3D"label">La=
st name</div>
                <div class=3D"val">Victoria</div>
       =
     </div>
            <div class=3D"info-email b-tr">
               =
 <div class=3D"label">Email</div>
                <div class=3D"val">vend=
or@gmail.com</div>
            </div>
            <div class=3D"info-ph=
one b-tr">
                <div class=3D"label">Phone</div>
           =
     <div class=3D"val">112 666 8889</div>
            </div>
         =
   <div class=3D"info-address b-tr">
                <div class=3D"label"=
>Address line 1</div>
                <div class=3D"val"></div>
       =
     </div>
            <div class=3D"info-address2 b-tr">
            =
    <div class=3D"label">Address line 2</div>
                <div class=
=3D"val"></div>
            </div>
            <div class=3D"info-city =
b-tr">
                <div class=3D"label">City</div>
                =
<div class=3D"val">New York</div>
            </div>
            <div c=
lass=3D"info-state b-tr">
                <div class=3D"label">State/Prov=
ince/Region</div>
                <div class=3D"val"></div>
           =
 </div>
            <div class=3D"info-zip-code b-tr">
                =
<div class=3D"label">ZIP code/Postal code</div>
                <div clas=
s=3D"val"></div>
            </div>
            <div class=3D"info-coun=
try b-tr">
                <div class=3D"label">Country</div>
         =
       <div class=3D"val">United States</div>
            </div>
      =
      <div class=3D"info-notes b-tr">
                <div class=3D"label=
">Special Requirements</div>
                <div class=3D"val"></div>
=
            </div>
        </div>
    </div>
</div>
        <div cl=
ass=3D"b-panel">
    <div class=3D"b-panel-title">Tickets / Guests Inform=
ation:</div>
    <div class=3D"b-table-wrap">
        <div class=3D"b-t=
able b-table-div">
                        <div class=3D"info-first-name =
b-tr">
                <div class=3D"label">Guest #1:  </div>
         =
       <div class=3D"val text-left" style=3D"text-align: left">
         =
           First Name:  <strong></strong><br>
                    Last Na=
me:  <strong></strong><br>
                    Email:  <strong></strong><=
br>
                    Phone:  <strong></strong><br>
                <=
/div>
            </div>
                    </div>
    </div>
</di=
v>
    </div>

            <div class=3D"b-footer" style=3D"margin-to=
p: 0px;">
    <div class=3D"b-container">
       =20
    </div>
</div=
>        </div>
    </body>
</html>
  
[2024-01-06 14:32:54] production.DEBUG: From: Booking Core <contact@bookingcore.test>
To: Elise Aarohi <aarohi@bookingcore.test>
Subject: [Virtuard] Your service got new booking
MIME-Version: 1.0
Date: Sat, 06 Jan 2024 14:32:54 +0000
Message-ID: <65e4d59b69bc1153042507a33d320d4d@bookingcore.test>
Content-Type: text/html; charset=utf-8
Content-Transfer-Encoding: quoted-printable

<!doctype html>
<html xmlns=3D"http://www.w3.org/1999/xhtml" xmlns:v=3D"u=
rn:schemas-microsoft-com:vml" xmlns:o=3D"urn:schemas-microsoft-com:office:o=
ffice">
    <head>
        <title></title>
        <meta http-equiv=
=3D"X-UA-Compatible" content=3D"IE=3Dedge">
        <!--<![endif]-->
  =
      <meta http-equiv=3D"Content-Type" content=3D"text/html; charset=3DUTF=
-8">
        <meta name=3D"viewport" content=3D"width=3Ddevice-width, ini=
tial-scale=3D1">
        <link rel=3D'stylesheet' id=3D'google-font-css-c=
ss'  href=3D'https://fonts.googleapis.com/css?family=3DPoppins%3A400%2C500%=
2C600' type=3D'text/css' media=3D'all' />
        <style>
            .=
b-email-wrap{
                background: #ebeef2;
                padd=
ing: 40px 0px;
                color: #1A2B48;
                font-siz=
e: 14px;
                font-family: 'Poppins', sans-serif !important;=

                font-weight: normal;
                line-height: 1.5;=

                overflow-x: hidden;
                margin: 0px;
   =
         }
            .b-header{
                background: #000000;=

                padding: 30px;
                color: white;
       =
     }
            .b-header .site-title,
            .b-header h1,
 =
           .b-header h2,
            .b-header h3,
            .b-heade=
r h4,
            .b-header h5,
            .b-header p
            {=

                margin:0px;
                display: block;
        =
        text-align: center;
            }
            .b-container{
 =
               max-width: 600px;
                margin: 0px auto;
    =
        }

            .b-panel{
                border: 1px solid rg=
ba(0, 0, 0, 0.1);
                margin-bottom: 30px;
                =
padding: 30px;
                background: white;
            }
     =
       .b-panel .b-panel{
                padding: 0px;
               =
 box-shadow: none;
            }
            .b-panel-title{
        =
        text-align: center;
                margin-bottom: 30px;
      =
          font-size: 24px;
                font-weight: 500;
          =
  }
            .b-table-wrap{
                overflow-x:auto;
     =
       }
            .b-table{
                width: 100%;
         =
   }
            .b-table tr td,
            .b-table .b-tr,
        =
    .b-table tr th{
                padding: 10px;
            }
    =
        .b-table .b-tr{
                clear: both;
                bo=
rder-bottom: 1px solid #EAEEF3;
            }
            .b-table .b-t=
r:after{
                display: table;
                clear: both;=

                content:'';
            }
            .b-table tr td=
{
                border-bottom: 1px solid #EAEEF3;
            }
   =
         .b-table tbody tr:nth-child(even) td{
                /*backgrou=
nd: #f5f7fd;*/
            }
            .b-table tbody tr td.label,
=
            .b-table .b-tr .label{
                font-weight: 500;
  =
          }
            .b-table tbody tr td.val,
            .b-table =
.b-tr .val{
                text-align: right;
            }

     =
       .b-table tbody tr td.val p,
            .b-table .b-tr .val p{
 =
               padding: 0;
                margin: 0;
            }
=

            .b-table .b-tr .label,
            .b-table .b-tr .val{
=
                float: left;
                width: 50%;
            }=

            .pricing-list{
                text-align: left;
       =
         margin: 0px;
                padding: 0px;
                lis=
t-style: none;
            }
            .pricing-list td{
          =
      padding: 7px 0px;
            }
            .pricing-list td .val=
{
                text-align: right;
            }
            .prici=
ng-list .no-flex{
                display: block;
            }
     =
       .email-headline{
                margin-top: 0px;
            }=


            .text-center{
                text-align: center;
   =
         }

            .btn{
                display: inline-block;=

                color: #212529;
                text-align: center;
=
                vertical-align: middle;
                -webkit-user-sele=
ct: none;
                -moz-user-select: none;
                -ms-u=
ser-select: none;
                user-select: none;
                ba=
ckground-color: #ebeef2;
                line-height: 1.5;
            =
    border: none;
                -webkit-box-shadow: none;
           =
     box-shadow: none;
                border-radius: 3px;
            =
    padding: 7px 20px;
                -webkit-transition: background .2s=
, color .2s;
                transition: background .2s, color .2s;
   =
             font-size: 14px;
                font-weight: 500;
       =
         text-decoration: none;
            }
            .btn.btn-prim=
ary{

                background: #5191FA;
                color: whi=
te;
            }
            .mt20{
                margin-top: 20px=
;
            }
            .no-padding{
                padding: 0px=
;
            }
            .no-r-padding{
                padding-ri=
ght: 0px!important;
            }
            .fsz21{
               =
 font-size: 21px;
            }
            .no-b-border{
           =
     border-bottom: 0px!important;
            }
            @media scr=
een and (max-width: 768px) {
                .b-panel{
                =
    padding: 15px;
                }
                .b-table tr td,
=
                .b-table tr th{
                    padding-right: 2px;=

                    padding-left: 2px;
                }
           =
     .b-panel-title{
                    font-size: 18px;
             =
       font-weight: bold;
                    margin-bottom: 15px;
    =
            }
                .b-email-wrap{
                    paddin=
g: 0px;
                }

                .b-table .b-tr .label,
 =
               .b-table .b-tr .val{
                    float:none;
   =
             }

                .b-table .b-tr .val{
                =
    text-align: left;
                }
            }
        </style=
>
    </head>
    <body>
        <div class=3D"b-email-wrap">
     =
       <div class=3D"" style=3D"">
    <div class=3D"b-container">
    =
    <div class=3D"b-header">
                        <h1 class=3D"site-ti=
tle">Virtuard</h1>
        </div>
    </div>
</div>

            =

    <div class=3D"b-container">
        <div class=3D"b-panel">
    =
                            <h3 class=3D"email-headline"><strong>Hello Elis=
e</strong></h3>
                    <p>Your service has new booking</p>=

               =20
            <div class=3D"b-panel-title">Space inform=
ation</div>
<div class=3D"b-table-wrap">
    <table class=3D"b-table" c=
ellspacing=3D"0" cellpadding=3D"0">
        <tr>
            <td class=
=3D"label">Booking Number</td>
            <td class=3D"val">#46</td>
 =
       </tr>
        <tr>
            <td class=3D"label">Booking Statu=
s</td>
            <td class=3D"val">Unpaid</td>
        </tr>
      =
              <tr>
                <td class=3D"label">Payment method</td=
>
                <td class=3D"val">Stripe</td>
            </tr>
   =
                     <tr>
            <td class=3D"label">Space name</td>=

            <td class=3D"val">
                <a href=3D"https://virt=
uard.buatpc.com/space/duplex-greenwich">DUPLEX GREENWICH</a>
            =
</td>

        </tr>
        <tr>
                            <td c=
lass=3D"label">Address</td>
                <td class=3D"val">
        =
            Porte de Vanves
                </td>
                    <=
/tr>
                    <tr>
                <td class=3D"label">Start=
 date</td>
                <td class=3D"val">01/06/2024</td>
          =
  </tr>
            <tr>
                <td class=3D"label">End date:<=
/td>
                <td class=3D"val">
                    01/11/2024=

                </td>
            </tr>
                            =
<tr>
                    <td class=3D"label">Days:</td>
               =
     <td class=3D"val">
                        6
                    <=
/td>
                </tr>
                               =20
         =
           <tr>
                <td class=3D"label">Adults:</td>
      =
          <td class=3D"val">
                    <strong>1</strong>
   =
             </td>
            </tr>
                        <tr>
   =
         <td class=3D"label">Pricing</td>
            <td class=3D"val">=

                <table class=3D"pricing-list" width=3D"100%">
        =
            <tr>
                        <td class=3D"label">
         =
                   Rental price
                        </td>
         =
               <td class=3D"val">
                                       =
                 <strong> 1.320,000 $</strong>
                        </=
td>
                    </tr>
                   =20
                  =
                          <tr>
                            <td colspan=3D=
"2" class=3D"label-title"><strong>Extra Prices:</strong></td>
           =
             </tr>
                        <tr class=3D"">
            =
                <td colspan=3D"2" class=3D"no-r-padding no-b-border">
   =
                             <table width=3D"100%">
                     =
                                                       <tr>
             =
                               <td class=3D"label">Clearning:</td>
      =
                                      <td class=3D"val no-r-padding">
   =
                                             <strong>100,000 $</strong>
 =
                                           </td>
                        =
                </tr>
                                                   =
                         <tr>
                                           =
 <td class=3D"label">Breakfasts:</td>
                                   =
         <td class=3D"val no-r-padding">
                                =
                <strong>200,000 $</strong>
                              =
              </td>
                                        </tr>
     =
                                                               </table>
 =
                           </td>
                        </tr>

     =
              =20
                                                         =
                                                               <tr>
     =
                           <td class=3D"label">
                         =
           Cleaning fee
                                    <i class=3D"i=
cofont-info-circle" data-toggle=3D"tooltip" data-placement=3D"top" title=3D=
"One-time fee charged by host to cover the cost of cleaning their space."><=
/i>
                                                                    <=
/td>
                                <td class=3D"val">
               =
                                                             100,000 $
  =
                                                                  </td>
 =
                           </tr>
                                        =
                                        <tr>
                            =
    <td class=3D"label">
                                    Service fee=

                                    <i class=3D"icofont-info-circle" dat=
a-toggle=3D"tooltip" data-placement=3D"top" title=3D"This helps us run our =
platform and offer services like 24/7 support on your trip."></i>
       =
                                                             </td>
      =
                          <td class=3D"val">
                            =
                                                200,000 $
               =
                                                     </td>
              =
              </tr>
                                                     =
                           </table>
            </td>
        </tr>
 =
       <tr>
            <td class=3D"label fsz21">Total</td>
          =
  <td class=3D"val fsz21"><strong style=3D"color: #FA5636">1.920,000 $</str=
ong></td>
        </tr>
        <tr>
            <td class=3D"label f=
sz21">Paid</td>
            <td class=3D"val fsz21"><strong style=3D"colo=
r: #FA5636">0,000 $</strong></td>
        </tr>
                    <tr=
>
                <td class=3D"label fsz21">Remain</td>
               =
 <td class=3D"val fsz21"><strong style=3D"color: #FA5636">1.920,000 $</stro=
ng></td>
            </tr>
            </table>
</div>
<div class=
=3D"text-center mt20">
    <a href=3D"https://virtuard.buatpc.com/user/bo=
oking-history" target=3D"_blank" class=3D"btn btn-primary manage-booking-bt=
n">Manage Bookings</a>
</div>
        </div>
        <div class=3D"b-=
panel">
    <div class=3D"b-panel-title">Customer information</div>
   =
 <div class=3D"b-table-wrap">
        <div class=3D"b-table b-table-div">=

            <div class=3D"info-first-name b-tr">
                <div =
class=3D"label">First name</div>
                <div class=3D"val">Lynne=
</div>
            </div>
            <div class=3D"info-last-name b-tr=
" style=3D"clear: both">
                <div class=3D"label">Last name</=
div>
                <div class=3D"val">Victoria</div>
            </di=
v>
            <div class=3D"info-email b-tr">
                <div cla=
ss=3D"label">Email</div>
                <div class=3D"val">vendor@gmail.=
com</div>
            </div>
            <div class=3D"info-phone b-tr"=
>
                <div class=3D"label">Phone</div>
                <div=
 class=3D"val">112 666 8889</div>
            </div>
            <div c=
lass=3D"info-address b-tr">
                <div class=3D"label">Address =
line 1</div>
                <div class=3D"val"></div>
            </di=
v>
            <div class=3D"info-address2 b-tr">
                <div =
class=3D"label">Address line 2</div>
                <div class=3D"val"><=
/div>
            </div>
            <div class=3D"info-city b-tr">
 =
               <div class=3D"label">City</div>
                <div class=
=3D"val">New York</div>
            </div>
            <div class=3D"in=
fo-state b-tr">
                <div class=3D"label">State/Province/Regio=
n</div>
                <div class=3D"val"></div>
            </div>
=
            <div class=3D"info-zip-code b-tr">
                <div class=
=3D"label">ZIP code/Postal code</div>
                <div class=3D"val">=
</div>
            </div>
            <div class=3D"info-country b-tr">=

                <div class=3D"label">Country</div>
                <di=
v class=3D"val">United States</div>
            </div>
            <div=
 class=3D"info-notes b-tr">
                <div class=3D"label">Special =
Requirements</div>
                <div class=3D"val"></div>
          =
  </div>
        </div>
    </div>
</div>
        <div class=3D"b-p=
anel">
    <div class=3D"b-panel-title">Tickets / Guests Information:</di=
v>
    <div class=3D"b-table-wrap">
        <div class=3D"b-table b-tab=
le-div">
                        <div class=3D"info-first-name b-tr">
 =
               <div class=3D"label">Guest #1:  </div>
                <di=
v class=3D"val text-left" style=3D"text-align: left">
                   =
 First Name:  <strong></strong><br>
                    Last Name:  <stro=
ng></strong><br>
                    Email:  <strong></strong><br>
    =
                Phone:  <strong></strong><br>
                </div>
  =
          </div>
                    </div>
    </div>
</div>
    <=
/div>

            <div class=3D"b-footer" style=3D"margin-top: 0px;">=

    <div class=3D"b-container">
       =20
    </div>
</div>        =
</div>
    </body>
</html>
  
[2024-01-06 14:32:54] production.DEBUG: From: Booking Core <contact@bookingcore.test>
To: vendor@gmail.com
Subject: Thank you for booking with us
MIME-Version: 1.0
Date: Sat, 06 Jan 2024 14:32:54 +0000
Message-ID: <ab495e90c83479644dfbce6f5e815b7e@bookingcore.test>
Content-Type: text/html; charset=utf-8
Content-Transfer-Encoding: quoted-printable

<!doctype html>
<html xmlns=3D"http://www.w3.org/1999/xhtml" xmlns:v=3D"u=
rn:schemas-microsoft-com:vml" xmlns:o=3D"urn:schemas-microsoft-com:office:o=
ffice">
    <head>
        <title></title>
        <meta http-equiv=
=3D"X-UA-Compatible" content=3D"IE=3Dedge">
        <!--<![endif]-->
  =
      <meta http-equiv=3D"Content-Type" content=3D"text/html; charset=3DUTF=
-8">
        <meta name=3D"viewport" content=3D"width=3Ddevice-width, ini=
tial-scale=3D1">
        <link rel=3D'stylesheet' id=3D'google-font-css-c=
ss'  href=3D'https://fonts.googleapis.com/css?family=3DPoppins%3A400%2C500%=
2C600' type=3D'text/css' media=3D'all' />
        <style>
            .=
b-email-wrap{
                background: #ebeef2;
                padd=
ing: 40px 0px;
                color: #1A2B48;
                font-siz=
e: 14px;
                font-family: 'Poppins', sans-serif !important;=

                font-weight: normal;
                line-height: 1.5;=

                overflow-x: hidden;
                margin: 0px;
   =
         }
            .b-header{
                background: #000000;=

                padding: 30px;
                color: white;
       =
     }
            .b-header .site-title,
            .b-header h1,
 =
           .b-header h2,
            .b-header h3,
            .b-heade=
r h4,
            .b-header h5,
            .b-header p
            {=

                margin:0px;
                display: block;
        =
        text-align: center;
            }
            .b-container{
 =
               max-width: 600px;
                margin: 0px auto;
    =
        }

            .b-panel{
                border: 1px solid rg=
ba(0, 0, 0, 0.1);
                margin-bottom: 30px;
                =
padding: 30px;
                background: white;
            }
     =
       .b-panel .b-panel{
                padding: 0px;
               =
 box-shadow: none;
            }
            .b-panel-title{
        =
        text-align: center;
                margin-bottom: 30px;
      =
          font-size: 24px;
                font-weight: 500;
          =
  }
            .b-table-wrap{
                overflow-x:auto;
     =
       }
            .b-table{
                width: 100%;
         =
   }
            .b-table tr td,
            .b-table .b-tr,
        =
    .b-table tr th{
                padding: 10px;
            }
    =
        .b-table .b-tr{
                clear: both;
                bo=
rder-bottom: 1px solid #EAEEF3;
            }
            .b-table .b-t=
r:after{
                display: table;
                clear: both;=

                content:'';
            }
            .b-table tr td=
{
                border-bottom: 1px solid #EAEEF3;
            }
   =
         .b-table tbody tr:nth-child(even) td{
                /*backgrou=
nd: #f5f7fd;*/
            }
            .b-table tbody tr td.label,
=
            .b-table .b-tr .label{
                font-weight: 500;
  =
          }
            .b-table tbody tr td.val,
            .b-table =
.b-tr .val{
                text-align: right;
            }

     =
       .b-table tbody tr td.val p,
            .b-table .b-tr .val p{
 =
               padding: 0;
                margin: 0;
            }
=

            .b-table .b-tr .label,
            .b-table .b-tr .val{
=
                float: left;
                width: 50%;
            }=

            .pricing-list{
                text-align: left;
       =
         margin: 0px;
                padding: 0px;
                lis=
t-style: none;
            }
            .pricing-list td{
          =
      padding: 7px 0px;
            }
            .pricing-list td .val=
{
                text-align: right;
            }
            .prici=
ng-list .no-flex{
                display: block;
            }
     =
       .email-headline{
                margin-top: 0px;
            }=


            .text-center{
                text-align: center;
   =
         }

            .btn{
                display: inline-block;=

                color: #212529;
                text-align: center;
=
                vertical-align: middle;
                -webkit-user-sele=
ct: none;
                -moz-user-select: none;
                -ms-u=
ser-select: none;
                user-select: none;
                ba=
ckground-color: #ebeef2;
                line-height: 1.5;
            =
    border: none;
                -webkit-box-shadow: none;
           =
     box-shadow: none;
                border-radius: 3px;
            =
    padding: 7px 20px;
                -webkit-transition: background .2s=
, color .2s;
                transition: background .2s, color .2s;
   =
             font-size: 14px;
                font-weight: 500;
       =
         text-decoration: none;
            }
            .btn.btn-prim=
ary{

                background: #5191FA;
                color: whi=
te;
            }
            .mt20{
                margin-top: 20px=
;
            }
            .no-padding{
                padding: 0px=
;
            }
            .no-r-padding{
                padding-ri=
ght: 0px!important;
            }
            .fsz21{
               =
 font-size: 21px;
            }
            .no-b-border{
           =
     border-bottom: 0px!important;
            }
            @media scr=
een and (max-width: 768px) {
                .b-panel{
                =
    padding: 15px;
                }
                .b-table tr td,
=
                .b-table tr th{
                    padding-right: 2px;=

                    padding-left: 2px;
                }
           =
     .b-panel-title{
                    font-size: 18px;
             =
       font-weight: bold;
                    margin-bottom: 15px;
    =
            }
                .b-email-wrap{
                    paddin=
g: 0px;
                }

                .b-table .b-tr .label,
 =
               .b-table .b-tr .val{
                    float:none;
   =
             }

                .b-table .b-tr .val{
                =
    text-align: left;
                }
            }
        </style=
>
    </head>
    <body>
        <div class=3D"b-email-wrap">
     =
       <div class=3D"" style=3D"">
    <div class=3D"b-container">
    =
    <div class=3D"b-header">
                        <h1 class=3D"site-ti=
tle">Virtuard</h1>
        </div>
    </div>
</div>

            =

    <div class=3D"b-container">
        <div class=3D"b-panel">
    =
                            <h3 class=3D"email-headline"><strong>Hello Lynn=
e</strong></h3>
                    <p>Thank you for booking with us. Her=
e are your booking information:</p>
               =20
            <div c=
lass=3D"b-panel-title">Space information</div>
<div class=3D"b-table-wrap=
">
    <table class=3D"b-table" cellspacing=3D"0" cellpadding=3D"0">
  =
      <tr>
            <td class=3D"label">Booking Number</td>
        =
    <td class=3D"val">#46</td>
        </tr>
        <tr>
           =
 <td class=3D"label">Booking Status</td>
            <td class=3D"val">Un=
paid</td>
        </tr>
                    <tr>
                <td =
class=3D"label">Payment method</td>
                <td class=3D"val">Str=
ipe</td>
            </tr>
                        <tr>
            <=
td class=3D"label">Space name</td>
            <td class=3D"val">
     =
           <a href=3D"https://virtuard.buatpc.com/space/duplex-greenwich">D=
UPLEX GREENWICH</a>
            </td>

        </tr>
        <tr>=

                            <td class=3D"label">Address</td>
         =
       <td class=3D"val">
                    Porte de Vanves
         =
       </td>
                    </tr>
                    <tr>
     =
           <td class=3D"label">Start date</td>
                <td class=
=3D"val">01/06/2024</td>
            </tr>
            <tr>
         =
       <td class=3D"label">End date:</td>
                <td class=3D"va=
l">
                    01/11/2024
                </td>
            =
</tr>
                            <tr>
                    <td class=3D=
"label">Days:</td>
                    <td class=3D"val">
             =
           6
                    </td>
                </tr>
        =
                       =20
                    <tr>
                <td c=
lass=3D"label">Adults:</td>
                <td class=3D"val">
        =
            <strong>1</strong>
                </td>
            </tr>=

                        <tr>
            <td class=3D"label">Pricing</=
td>
            <td class=3D"val">
                <table class=3D"pric=
ing-list" width=3D"100%">
                    <tr>
                    =
    <td class=3D"label">
                            Rental price
     =
                   </td>
                        <td class=3D"val">
   =
                                                     <strong> 1.320,000 $</=
strong>
                        </td>
                    </tr>
     =
              =20
                                            <tr>
      =
                      <td colspan=3D"2" class=3D"label-title"><strong>Extra=
 Prices:</strong></td>
                        </tr>
                  =
      <tr class=3D"">
                            <td colspan=3D"2" class=
=3D"no-r-padding no-b-border">
                                <table wid=
th=3D"100%">
                                                            =
                <tr>
                                            <td clas=
s=3D"label">Clearning:</td>
                                            <=
td class=3D"val no-r-padding">
                                          =
      <strong>100,000 $</strong>
                                        =
    </td>
                                        </tr>
               =
                                                             <tr>
       =
                                     <td class=3D"label">Breakfasts:</td>=

                                            <td class=3D"val no-r-paddin=
g">
                                                <strong>200,000 $</st=
rong>
                                            </td>
               =
                         </tr>
                                          =
                          </table>
                            </td>
  =
                      </tr>

                   =20
                   =
                                                                           =
                          <tr>
                                <td class=
=3D"label">
                                    Cleaning fee
          =
                          <i class=3D"icofont-info-circle" data-toggle=3D"t=
ooltip" data-placement=3D"top" title=3D"One-time fee charged by host to cov=
er the cost of cleaning their space."></i>
                              =
                                      </td>
                             =
   <td class=3D"val">
                                                   =
                         100,000 $
                                      =
                              </td>
                            </tr>
 =
                                                                           =
    <tr>
                                <td class=3D"label">
         =
                           Service fee
                                  =
  <i class=3D"icofont-info-circle" data-toggle=3D"tooltip" data-placement=
=3D"top" title=3D"This helps us run our platform and offer services like 24=
/7 support on your trip."></i>
                                          =
                          </td>
                                <td class=
=3D"val">
                                                               =
             200,000 $
                                                  =
                  </td>
                            </tr>
             =
                                                                   </table>=

            </td>
        </tr>
        <tr>
            <td class=
=3D"label fsz21">Total</td>
            <td class=3D"val fsz21"><strong s=
tyle=3D"color: #FA5636">1.920,000 $</strong></td>
        </tr>
       =
 <tr>
            <td class=3D"label fsz21">Paid</td>
            <td c=
lass=3D"val fsz21"><strong style=3D"color: #FA5636">0,000 $</strong></td>=

        </tr>
                    <tr>
                <td class=3D"=
label fsz21">Remain</td>
                <td class=3D"val fsz21"><strong =
style=3D"color: #FA5636">1.920,000 $</strong></td>
            </tr>
  =
          </table>
</div>
<div class=3D"text-center mt20">
    <a hre=
f=3D"https://virtuard.buatpc.com/user/booking-history" target=3D"_blank" cl=
ass=3D"btn btn-primary manage-booking-btn">Manage Bookings</a>
</div>
 =
       </div>
        <div class=3D"b-panel">
    <div class=3D"b-panel=
-title">Customer information</div>
    <div class=3D"b-table-wrap">
   =
     <div class=3D"b-table b-table-div">
            <div class=3D"info-f=
irst-name b-tr">
                <div class=3D"label">First name</div>
=
                <div class=3D"val">Lynne</div>
            </div>
     =
       <div class=3D"info-last-name b-tr" style=3D"clear: both">
        =
        <div class=3D"label">Last name</div>
                <div class=
=3D"val">Victoria</div>
            </div>
            <div class=3D"in=
fo-email b-tr">
                <div class=3D"label">Email</div>
      =
          <div class=3D"val">vendor@gmail.com</div>
            </div>
=
            <div class=3D"info-phone b-tr">
                <div class=3D=
"label">Phone</div>
                <div class=3D"val">112 666 8889</div>=

            </div>
            <div class=3D"info-address b-tr">
   =
             <div class=3D"label">Address line 1</div>
                <d=
iv class=3D"val"></div>
            </div>
            <div class=3D"in=
fo-address2 b-tr">
                <div class=3D"label">Address line 2</d=
iv>
                <div class=3D"val"></div>
            </div>
    =
        <div class=3D"info-city b-tr">
                <div class=3D"labe=
l">City</div>
                <div class=3D"val">New York</div>
       =
     </div>
            <div class=3D"info-state b-tr">
               =
 <div class=3D"label">State/Province/Region</div>
                <div cl=
ass=3D"val"></div>
            </div>
            <div class=3D"info-zi=
p-code b-tr">
                <div class=3D"label">ZIP code/Postal code</=
div>
                <div class=3D"val"></div>
            </div>
   =
         <div class=3D"info-country b-tr">
                <div class=3D"=
label">Country</div>
                <div class=3D"val">United States</di=
v>
            </div>
            <div class=3D"info-notes b-tr">
   =
             <div class=3D"label">Special Requirements</div>
            =
    <div class=3D"val"></div>
            </div>
        </div>
    <=
/div>
</div>
        <div class=3D"b-panel">
    <div class=3D"b-pane=
l-title">Tickets / Guests Information:</div>
    <div class=3D"b-table-wr=
ap">
        <div class=3D"b-table b-table-div">
                      =
  <div class=3D"info-first-name b-tr">
                <div class=3D"labe=
l">Guest #1:  </div>
                <div class=3D"val text-left" style=
=3D"text-align: left">
                    First Name:  <strong></strong>=
<br>
                    Last Name:  <strong></strong><br>
            =
        Email:  <strong></strong><br>
                    Phone:  <strong=
></strong><br>
                </div>
            </div>
            =
        </div>
    </div>
</div>
    </div>

            <div cla=
ss=3D"b-footer" style=3D"margin-top: 0px;">
    <div class=3D"b-container=
">
       =20
    </div>
</div>        </div>
    </body>
</html>=

  
